#
# There is insufficient memory for the Java Runtime Environment to continue.
# Native memory allocation (mmap) failed to map 65536 bytes. Error detail: Failed to commit metaspace.
# Possible reasons:
#   The system is out of physical RAM or swap space
#   This process is running with CompressedOops enabled, and the Java Heap may be blocking the growth of the native heap
# Possible solutions:
#   Reduce memory load on the system
#   Increase physical memory or swap space
#   Check if swap backing store is full
#   Decrease Java heap size (-Xmx/-Xms)
#   Decrease number of Java threads
#   Decrease Java thread stack sizes (-Xss)
#   Set larger code cache with -XX:ReservedCodeCacheSize=
#   JVM is running with Zero Based Compressed Oops mode in which the Java heap is
#     placed in the first 32GB address space. The Java Heap base address is the
#     maximum limit for the native heap growth. Please use -XX:HeapBaseMinAddress
#     to set the Java Heap base and to place the Java Heap above 32GB virtual address.
# This output file may be truncated or incomplete.
#
#  Out of Memory Error (virtualSpaceNode.cpp:110), pid=276, tid=4372
#
# JRE version: OpenJDK Runtime Environment Corretto-17.0.11.9.1 (17.0.11+9) (build 17.0.11+9-LTS)
# Java VM: OpenJDK 64-Bit Server VM Corretto-17.0.11.9.1 (17.0.11+9-LTS, mixed mode, emulated-client, sharing, tiered, compressed oops, compressed class ptrs, g1 gc, windows-amd64)
# No core dump will be written. Minidumps are not enabled by default on client versions of Windows
#

---------------  S U M M A R Y ------------

Command Line: -XX:TieredStopAtLevel=1 -Dspring.output.ansi.enabled=always -Dcom.sun.management.jmxremote -Dspring.jmx.enabled=true -Dspring.liveBeansView.mbeanDomain -Dspring.application.admin.enabled=true -Dmanagement.endpoints.jmx.exposure.include=* -javaagent:C:\Users\Pc\IntelliJ IDEA 2023.2.4\lib\idea_rt.jar=64960:C:\Users\Pc\IntelliJ IDEA 2023.2.4\bin -Dfile.encoding=UTF-8 com.crud.RankinDigitalCrud.RankinDigitalCrudApplication

Host: AMD Ryzen 5 3600 6-Core Processor              , 12 cores, 15G,  Windows 10 , 64 bit Build 19041 (10.0.19041.4597)
Time: Thu Aug  8 01:39:20 2024 Maroc (heure d64 bit Build 19041 (10.0.19041.4597) elapsed time: 0.963721 seconds (0d 0h 0m 0s)

---------------  T H R E A D  ---------------

Current thread (0x0000025534ac85c0):  JavaThread "main" [_thread_in_vm, id=4372, stack(0x0000009e81e00000,0x0000009e81f00000)]

Stack: [0x0000009e81e00000,0x0000009e81f00000]
Native frames: (J=compiled Java code, j=interpreted, Vv=VM code, C=native code)
V  [jvm.dll+0x67d009]
V  [jvm.dll+0x83489a]
V  [jvm.dll+0x83635e]
V  [jvm.dll+0x8369c3]
V  [jvm.dll+0x2479df]
V  [jvm.dll+0x83055b]
V  [jvm.dll+0x621936]
V  [jvm.dll+0x1c1a2e]
V  [jvm.dll+0x624291]
V  [jvm.dll+0x6222d6]
V  [jvm.dll+0x23d330]
V  [jvm.dll+0x1ec44b]
V  [jvm.dll+0x1e1df1]
V  [jvm.dll+0x54211e]
V  [jvm.dll+0x7ae9e8]
V  [jvm.dll+0x7aead4]
V  [jvm.dll+0x4102a5]
V  [jvm.dll+0x416419]
C  [java.dll+0x17ec]

Java frames: (J=compiled Java code, j=interpreted, Vv=VM code)
J 1133  java.lang.ClassLoader.defineClass1(Ljava/lang/ClassLoader;Ljava/lang/String;[BIILjava/security/ProtectionDomain;Ljava/lang/String;)Ljava/lang/Class; java.base@17.0.11 (0 bytes) @ 0x000002553ca1e063 [0x000002553ca1dfa0+0x00000000000000c3]
J 1219 c1 java.lang.ClassLoader.defineClass(Ljava/lang/String;[BIILjava/security/ProtectionDomain;)Ljava/lang/Class; java.base@17.0.11 (43 bytes) @ 0x000002553ca42cec [0x000002553ca42be0+0x000000000000010c]
J 1140 c1 jdk.internal.loader.BuiltinClassLoader.defineClass(Ljava/lang/String;Ljdk/internal/loader/Resource;)Ljava/lang/Class; java.base@17.0.11 (121 bytes) @ 0x000002553ca273f4 [0x000002553ca26f20+0x00000000000004d4]
J 1135 c1 jdk.internal.loader.BuiltinClassLoader.findClassOnClassPathOrNull(Ljava/lang/String;)Ljava/lang/Class; java.base@17.0.11 (64 bytes) @ 0x000002553ca2486c [0x000002553ca245a0+0x00000000000002cc]
J 886 c1 jdk.internal.loader.BuiltinClassLoader.loadClassOrNull(Ljava/lang/String;Z)Ljava/lang/Class; java.base@17.0.11 (143 bytes) @ 0x000002553c9b7b04 [0x000002553c9b7680+0x0000000000000484]
J 1021 c1 jdk.internal.loader.ClassLoaders$AppClassLoader.loadClass(Ljava/lang/String;Z)Ljava/lang/Class; java.base@17.0.11 (40 bytes) @ 0x000002553c9f38ac [0x000002553c9f3760+0x000000000000014c]
J 1020 c1 java.lang.ClassLoader.loadClass(Ljava/lang/String;)Ljava/lang/Class; java.base@17.0.11 (7 bytes) @ 0x000002553c9f2964 [0x000002553c9f2920+0x0000000000000044]
v  ~StubRoutines::call_stub
j  java.lang.Class.getDeclaredFields0(Z)[Ljava/lang/reflect/Field;+0 java.base@17.0.11
j  java.lang.Class.privateGetDeclaredFields(Z)[Ljava/lang/reflect/Field;+34 java.base@17.0.11
j  java.lang.Class.getDeclaredField(Ljava/lang/String;)Ljava/lang/reflect/Field;+25 java.base@17.0.11
j  org.springframework.boot.context.properties.bind.DefaultBindConstructorProvider$Constructors.isInnerClass(Ljava/lang/Class;)Z+3
j  org.springframework.boot.context.properties.bind.DefaultBindConstructorProvider$Constructors.getCandidateConstructors(Ljava/lang/Class;)[Ljava/lang/reflect/Constructor;+1
j  org.springframework.boot.context.properties.bind.DefaultBindConstructorProvider$Constructors.getConstructors(Ljava/lang/Class;Z)Lorg/springframework/boot/context/properties/bind/DefaultBindConstructorProvider$Constructors;+14
j  org.springframework.boot.context.properties.bind.DefaultBindConstructorProvider.getBindConstructor(Ljava/lang/Class;Z)Ljava/lang/reflect/Constructor;+2
j  org.springframework.boot.context.properties.ConfigurationPropertiesBean.deduceBindMethod(Ljava/lang/Class;)Lorg/springframework/boot/context/properties/bind/BindMethod;+5
j  org.springframework.boot.context.properties.ConfigurationPropertiesBeanRegistrar.createBeanDefinition(Ljava/lang/String;Ljava/lang/Class;)Lorg/springframework/beans/factory/config/BeanDefinition;+1
j  org.springframework.boot.context.properties.ConfigurationPropertiesBeanRegistrar.registerBeanDefinition(Ljava/lang/String;Ljava/lang/Class;Lorg/springframework/core/annotation/MergedAnnotation;)V+23
j  org.springframework.boot.context.properties.ConfigurationPropertiesBeanRegistrar.register(Ljava/lang/Class;Lorg/springframework/core/annotation/MergedAnnotation;)V+19
j  org.springframework.boot.context.properties.ConfigurationPropertiesBeanRegistrar.register(Ljava/lang/Class;)V+18
j  org.springframework.boot.context.properties.EnableConfigurationPropertiesRegistrar$$Lambda$473+0x000002554d2cc950.accept(Ljava/lang/Object;)V+8
j  java.lang.Iterable.forEach(Ljava/util/function/Consumer;)V+30 java.base@17.0.11
j  org.springframework.boot.context.properties.EnableConfigurationPropertiesRegistrar.registerBeanDefinitions(Lorg/springframework/core/type/AnnotationMetadata;Lorg/springframework/beans/factory/support/BeanDefinitionRegistry;)V+33
j  org.springframework.context.annotation.ImportBeanDefinitionRegistrar.registerBeanDefinitions(Lorg/springframework/core/type/AnnotationMetadata;Lorg/springframework/beans/factory/support/BeanDefinitionRegistry;Lorg/springframework/beans/factory/support/BeanNameGenerator;)V+3
j  org.springframework.context.annotation.ConfigurationClassBeanDefinitionReader.lambda$loadBeanDefinitionsFromRegistrars$1(Lorg/springframework/context/annotation/ImportBeanDefinitionRegistrar;Lorg/springframework/core/type/AnnotationMetadata;)V+10
j  org.springframework.context.annotation.ConfigurationClassBeanDefinitionReader$$Lambda$463+0x000002554d2c5f40.accept(Ljava/lang/Object;Ljava/lang/Object;)V+12
J 2226 c1 java.util.LinkedHashMap.forEach(Ljava/util/function/BiConsumer;)V java.base@17.0.11 (65 bytes) @ 0x000002553cbd2a4c [0x000002553cbd29c0+0x000000000000008c]
j  org.springframework.context.annotation.ConfigurationClassBeanDefinitionReader.loadBeanDefinitionsFromRegistrars(Ljava/util/Map;)V+7
j  org.springframework.context.annotation.ConfigurationClassBeanDefinitionReader.loadBeanDefinitionsForConfigurationClass(Lorg/springframework/context/annotation/ConfigurationClass;Lorg/springframework/context/annotation/ConfigurationClassBeanDefinitionReader$TrackedConditionEvaluator;)V+126
j  org.springframework.context.annotation.ConfigurationClassBeanDefinitionReader.loadBeanDefinitions(Ljava/util/Set;)V+40
j  org.springframework.context.annotation.ConfigurationClassPostProcessor.processConfigBeanDefinitions(Lorg/springframework/beans/factory/support/BeanDefinitionRegistry;)V+379
j  org.springframework.context.annotation.ConfigurationClassPostProcessor.postProcessBeanDefinitionRegistry(Lorg/springframework/beans/factory/support/BeanDefinitionRegistry;)V+81
j  org.springframework.context.support.PostProcessorRegistrationDelegate.invokeBeanDefinitionRegistryPostProcessors(Ljava/util/Collection;Lorg/springframework/beans/factory/support/BeanDefinitionRegistry;Lorg/springframework/core/metrics/ApplicationStartup;)V+59
j  org.springframework.context.support.PostProcessorRegistrationDelegate.invokeBeanFactoryPostProcessors(Lorg/springframework/beans/factory/config/ConfigurableListableBeanFactory;Ljava/util/List;)V+238
j  org.springframework.context.support.AbstractApplicationContext.invokeBeanFactoryPostProcessors(Lorg/springframework/beans/factory/config/ConfigurableListableBeanFactory;)V+5
j  org.springframework.context.support.AbstractApplicationContext.refresh()V+62
j  org.springframework.boot.web.servlet.context.ServletWebServerApplicationContext.refresh()V+1
j  org.springframework.boot.SpringApplication.refresh(Lorg/springframework/context/ConfigurableApplicationContext;)V+1
j  org.springframework.boot.SpringApplication.refreshContext(Lorg/springframework/context/ConfigurableApplicationContext;)V+16
j  org.springframework.boot.SpringApplication.run([Ljava/lang/String;)Lorg/springframework/context/ConfigurableApplicationContext;+110
j  org.springframework.boot.SpringApplication.run([Ljava/lang/Class;[Ljava/lang/String;)Lorg/springframework/context/ConfigurableApplicationContext;+9
j  org.springframework.boot.SpringApplication.run(Ljava/lang/Class;[Ljava/lang/String;)Lorg/springframework/context/ConfigurableApplicationContext;+9
j  com.crud.RankinDigitalCrud.RankinDigitalCrudApplication.main([Ljava/lang/String;)V+3
v  ~StubRoutines::call_stub

Compiled method (n/a)     986 1133     n 0       java.lang.ClassLoader::defineClass1 (native)
 total in heap  [0x000002553ca1de10,0x000002553ca1e2f0] = 1248
 relocation     [0x000002553ca1df68,0x000002553ca1dfa0] = 56
 main code      [0x000002553ca1dfa0,0x000002553ca1e2f0] = 848

[Constant Pool (empty)]

[MachCode]
[Entry Point]
  # {method} {0x000002554c010f28} 'defineClass1' '(Ljava/lang/ClassLoader;Ljava/lang/String;[BIILjava/security/ProtectionDomain;Ljava/lang/String;)Ljava/lang/Class;' in 'java/lang/ClassLoader'
  # parm0:    rdx:rdx   = 'java/lang/ClassLoader'
  # parm1:    r8:r8     = 'java/lang/String'
  # parm2:    r9:r9     = '[B'
  # parm3:    rdi       = int
  # parm4:    rsi       = int
  # parm5:    rcx:rcx   = 'java/security/ProtectionDomain'
  # parm6:    [sp+0xa0]   = 'java/lang/String'  (sp of caller)
  0x000002553ca1dfa0: 448b 5208 | 49bb 0000 | 004c 5502 | 0000 4d03 | d349 3bc2 | 0f84 0600 

  0x000002553ca1dfb8: ;   {runtime_call ic_miss_stub}
  0x000002553ca1dfb8: 0000 e9c1 | 30c0 ff90 
[Verified Entry Point]
  0x000002553ca1dfc0: 8984 2400 | 90ff ff55 | 488b ec48 | 81ec 9000 | 0000 4881 | 7d10 0000 | 0000 488d | 4510 480f 
  0x000002553ca1dfe0: 4445 1048 | 8944 2440 | 4889 4c24 | 7048 83f9 | 0048 8d44 | 2470 480f | 4444 2470 | 4889 4424 
  0x000002553ca1e000: 3848 8974 | 2430 4889 | 7c24 284c | 894c 2458 | 4983 f900 | 488d 4424 | 5848 0f44 | 4424 5848 
  0x000002553ca1e020: 8944 2420 | 4c89 4424 | 5049 83f8 | 004c 8d4c | 2450 4c0f | 444c 2450 | 4889 5424 | 4848 83fa 
  0x000002553ca1e040: 004c 8d44 | 2448 4c0f | 4444 2448 

  0x000002553ca1e04c: ;   {oop(a 'java/lang/Class'{0x00000007014c4a10} = 'java/lang/ClassLoader')}
  0x000002553ca1e04c: 49be 104a | 4c01 0700 | 0000 4c89 | 7424 784c | 8d74 2478 | 498b d6c5 

  0x000002553ca1e064: ;   {internal_word}
  0x000002553ca1e064: f877 49ba | 63e0 a13c | 5502 0000 | 4d89 97a0 | 0200 0049 | 89a7 9802 

  0x000002553ca1e07c: ;   {external_word}
  0x000002553ca1e07c: 0000 49ba | f935 cf16 | fe7f 0000 | 4180 3a00 | 0f84 5200 | 0000 5241 

  0x000002553ca1e094: ;   {metadata({method} {0x000002554c010f28} 'defineClass1' '(Ljava/lang/ClassLoader;Ljava/lang/String;[BIILjava/security/ProtectionDomain;Ljava/lang/String;)Ljava/lang/Class;' in 'java/lang/ClassLoader')}
  0x000002553ca1e094: 5041 5148 | ba20 0f01 | 4c55 0200 | 0049 8bcf | 4883 ec20 | f7c4 0f00 | 0000 0f84 | 1a00 0000 
  0x000002553ca1e0b4: 4883 ec08 

  0x000002553ca1e0b8: ;   {runtime_call}
  0x000002553ca1e0b8: 49ba c02e | 8516 fe7f | 0000 41ff | d248 83c4 | 08e9 0d00 

  0x000002553ca1e0cc: ;   {runtime_call}
  0x000002553ca1e0cc: 0000 49ba | c02e 8516 | fe7f 0000 | 41ff d248 | 83c4 2041 | 5941 585a | 498d 8fb8 | 0200 0041 
  0x000002553ca1e0ec: c787 4803 | 0000 0400 

  0x000002553ca1e0f4: ;   {runtime_call}
  0x000002553ca1e0f4: 0000 49ba | ac16 2677 | fe7f 0000 | 41ff d2c5 | f877 41c7 | 8748 0300 | 0005 0000 | 00f0 8344 
  0x000002553ca1e114: 24c0 0049 | 3baf 5003 | 0000 0f87 | 1100 0000 | 4181 bf38 | 0300 0000 | 0000 000f | 842c 0000 
  0x000002553ca1e134: 00c5 f877 | 4889 45f8 | 498b cf4c | 8be4 4883 | ec20 4883 

  0x000002553ca1e148: ;   {runtime_call}
  0x000002553ca1e148: e4f0 49ba | c042 9516 | fe7f 0000 | 41ff d249 | 8be4 4d33 | e448 8b45 | f841 c787 | 4803 0000 
  0x000002553ca1e168: 0800 0000 | 4181 bfb8 | 0300 0002 | 0000 000f | 843f 0100 

  0x000002553ca1e17c: ;   {external_word}
  0x000002553ca1e17c: 0049 baf9 | 35cf 16fe | 7f00 0041 | 803a 000f | 8450 0000 | 0048 8945 

  0x000002553ca1e194: ;   {metadata({method} {0x000002554c010f28} 'defineClass1' '(Ljava/lang/ClassLoader;Ljava/lang/String;[BIILjava/security/ProtectionDomain;Ljava/lang/String;)Ljava/lang/Class;' in 'java/lang/ClassLoader')}
  0x000002553ca1e194: f848 ba20 | 0f01 4c55 | 0200 0049 | 8bcf 4883 | ec20 f7c4 | 0f00 0000 | 0f84 1a00 | 0000 4883 
  0x000002553ca1e1b4: ;   {runtime_call}
  0x000002553ca1e1b4: ec08 49ba | c02e 8516 | fe7f 0000 | 41ff d248 | 83c4 08e9 | 0d00 0000 

  0x000002553ca1e1cc: ;   {runtime_call}
  0x000002553ca1e1cc: 49ba c02e | 8516 fe7f | 0000 41ff | d248 83c4 | 2048 8b45 | f849 c787 | 9802 0000 | 0000 0000 
  0x000002553ca1e1ec: 49c7 87a0 | 0200 0000 | 0000 00c5 | f877 4885 | c00f 8493 | 0000 0048 | f7c0 0100 | 0000 0f84 
  0x000002553ca1e20c: 8300 0000 | 488b 40ff | 4180 7f38 | 000f 846f | 0000 0048 | 83f8 000f | 8465 0000 | 0049 8b4f 
  0x000002553ca1e22c: 2048 83f9 | 000f 8414 | 0000 0048 | 83e9 0849 | 894f 2049 | 034f 3048 | 8901 e943 | 0000 0050 
  0x000002553ca1e24c: 498b d748 | 8bc8 4883 | ec20 f7c4 | 0f00 0000 | 0f84 1a00 | 0000 4883 

  0x000002553ca1e264: ;   {runtime_call}
  0x000002553ca1e264: ec08 49ba | 4049 4416 | fe7f 0000 | 41ff d248 | 83c4 08e9 | 0d00 0000 

  0x000002553ca1e27c: ;   {runtime_call}
  0x000002553ca1e27c: 49ba 4049 | 4416 fe7f | 0000 41ff | d248 83c4 | 2058 e903 | 0000 0048 | 8b00 498b | 8fd8 0000 
  0x000002553ca1e29c: 00c7 8100 | 0100 0000 | 0000 00c9 | 4981 7f08 | 0000 0000 | 0f85 0100 

  0x000002553ca1e2b4: ;   {runtime_call StubRoutines (1)}
  0x000002553ca1e2b4: 0000 c3e9 | 442c bbff | c5f8 7748 | 8945 f84c | 8be4 4883 | ec20 4883 

  0x000002553ca1e2cc: ;   {runtime_call}
  0x000002553ca1e2cc: e4f0 49ba | 405f 8516 | fe7f 0000 | 41ff d249 | 8be4 4d33 | e448 8b45 | f8e9 93fe | ffff f4f4 
  0x000002553ca1e2ec: f4f4 f4f4 
[/MachCode]


Compiled method (c1)     993 1219       1       java.lang.ClassLoader::defineClass (43 bytes)
 total in heap  [0x000002553ca42a10,0x000002553ca42fb0] = 1440
 relocation     [0x000002553ca42b68,0x000002553ca42bc8] = 96
 main code      [0x000002553ca42be0,0x000002553ca42d80] = 416
 stub code      [0x000002553ca42d80,0x000002553ca42df8] = 120
 metadata       [0x000002553ca42df8,0x000002553ca42e28] = 48
 scopes data    [0x000002553ca42e28,0x000002553ca42ee0] = 184
 scopes pcs     [0x000002553ca42ee0,0x000002553ca42f80] = 160
 dependencies   [0x000002553ca42f80,0x000002553ca42f88] = 8
 nul chk table  [0x000002553ca42f88,0x000002553ca42fb0] = 40

[Constant Pool (empty)]

[MachCode]
[Entry Point]
  # {method} {0x000002554c010cc0} 'defineClass' '(Ljava/lang/String;[BIILjava/security/ProtectionDomain;)Ljava/lang/Class;' in 'java/lang/ClassLoader'
  # this:     rdx:rdx   = 'java/lang/ClassLoader'
  # parm0:    r8:r8     = 'java/lang/String'
  # parm1:    r9:r9     = '[B'
  # parm2:    rdi       = int
  # parm3:    rsi       = int
  # parm4:    rcx:rcx   = 'java/security/ProtectionDomain'
  #           [sp+0xc0]  (sp of caller)
  0x000002553ca42be0: 448b 5208 | 49bb 0000 | 004c 5502 | 0000 4d03 | d34c 3bd0 

  0x000002553ca42bf4: ;   {runtime_call ic_miss_stub}
  0x000002553ca42bf4: 0f85 86e4 | bdff 660f | 1f44 0000 
[Verified Entry Point]
  0x000002553ca42c00: 8984 2400 | 90ff ff55 | 4881 ecb0 | 0000 0048 | 8954 2478 | 89b4 2494 | 0000 0089 | bc24 9000 
  0x000002553ca42c20: 0000 4c89 | 8c24 8800 | 0000 498b | d84c 8bc3 | 4c8b c948 | 8bca 488b | d148 899c | 2480 0000 
  0x000002553ca42c40: 0066 0f1f 

  0x000002553ca42c44: ;   {optimized virtual_call}
  0x000002553ca42c44: 4400 00e8 

  0x000002553ca42c48: ; ImmutableOopMap {[120]=Oop [136]=Oop [128]=Oop }
                      ;*invokevirtual preDefineClass {reexecute=0 rethrow=0 return_oop=0}
                      ; - java.lang.ClassLoader::defineClass@4 (line 1015)
  0x000002553ca42c48: 741f 0000 | 4889 8424 | 9800 0000 

  0x000002553ca42c54: ; implicit exception: dispatches to 0x000002553ca42d2a
  0x000002553ca42c54: 448b 4010 | 49c1 e003 | 4983 f800 | 0f85 0f00 

  0x000002553ca42c64: ;   {oop(NULL)}
  0x000002553ca42c64: 0000 48bb | 0000 0000 | 0000 0000 | e942 0000 | 0045 8b40 | 0c49 c1e0 | 0349 83f8 | 000f 850f 
  0x000002553ca42c84: ;   {oop(NULL)}
  0x000002553ca42c84: 0000 0048 | bb00 0000 | 0000 0000 | 00e9 2100 | 0000 418b | 5038 48c1 | e203 483b | 0266 0f1f 
  0x000002553ca42ca4: ;   {optimized virtual_call}
  0x000002553ca42ca4: 4400 00e8 

  0x000002553ca42ca8: ; ImmutableOopMap {[120]=Oop [136]=Oop [128]=Oop [152]=Oop }
                      ;*invokevirtual toExternalForm {reexecute=0 rethrow=0 return_oop=0}
                      ; - java.net.URL::toExternalForm@5 (line 1039)
                      ; - java.net.URL::toString@1 (line 1025)
                      ; - java.lang.ClassLoader::defineClassSourceLocation@22 (line 917)
                      ; - java.lang.ClassLoader::defineClass@12 (line 1016)
  0x000002553ca42ca8: 74cf fcff | 488b d848 | 8b84 2498 | 0000 008b | b424 9400 | 0000 8bbc | 2490 0000 | 004c 8b8c 
  0x000002553ca42cc8: 2488 0000 | 004c 8b84 | 2480 0000 | 0048 8b54 | 2478 4c8b | da49 8bd3 | 488b c848 

  0x000002553ca42ce4: ;   {static_call}
  0x000002553ca42ce4: 891c 24e8 

  0x000002553ca42ce8: ; ImmutableOopMap {[152]=Oop [120]=Oop }
                      ;*invokestatic defineClass1 {reexecute=0 rethrow=0 return_oop=0}
                      ; - java.lang.ClassLoader::defineClass@27 (line 1017)
  0x000002553ca42ce8: d4b2 fdff | 4c8b c04c | 8b8c 2498 | 0000 0048 | 8b54 2478 | 4889 8424 | a000 0000 

  0x000002553ca42d04: ;   {optimized virtual_call}
  0x000002553ca42d04: 6666 90e8 

  0x000002553ca42d08: ; ImmutableOopMap {[160]=Oop }
                      ;*invokevirtual postDefineClass {reexecute=0 rethrow=0 return_oop=0}
                      ; - java.lang.ClassLoader::defineClass@37 (line 1018)
  0x000002553ca42d08: 7491 feff | 488b 8424 | a000 0000 | 4881 c4b0 | 0000 005d 

  0x000002553ca42d1c: ;   {poll_return}
  0x000002553ca42d1c: 493b a750 | 0300 000f | 8715 0000 

  0x000002553ca42d28: ;   {runtime_call throw_null_pointer_exception Runtime1 stub}
  0x000002553ca42d28: 00c3 e8f1 

  0x000002553ca42d2c: ; ImmutableOopMap {[120]=Oop [136]=Oop [128]=Oop rax=Oop [152]=Oop }
                      ;*invokevirtual getCodeSource {reexecute=0 rethrow=0 return_oop=0}
                      ; - java.lang.ClassLoader::defineClassSourceLocation@1 (line 914)
                      ; - java.lang.ClassLoader::defineClass@12 (line 1016)
                      ;   {runtime_call throw_null_pointer_exception Runtime1 stub}
  0x000002553ca42d2c: f7c7 ffe8 

  0x000002553ca42d30: ; ImmutableOopMap {[120]=Oop [136]=Oop [128]=Oop rax=Oop [152]=Oop }
                      ;*invokevirtual getLocation {reexecute=0 rethrow=0 return_oop=0}
                      ; - java.lang.ClassLoader::defineClassSourceLocation@12 (line 916)
                      ; - java.lang.ClassLoader::defineClass@12 (line 1016)
  0x000002553ca42d30: ecf7 c7ff 

  0x000002553ca42d34: ;   {runtime_call throw_null_pointer_exception Runtime1 stub}
  0x000002553ca42d34: e8e7 f7c7 

  0x000002553ca42d38: ; ImmutableOopMap {[120]=Oop [136]=Oop [128]=Oop [152]=Oop r8=Oop }
                      ;*invokevirtual toString {reexecute=0 rethrow=0 return_oop=0}
                      ; - java.lang.ClassLoader::defineClassSourceLocation@22 (line 917)
                      ; - java.lang.ClassLoader::defineClass@12 (line 1016)
                      ;   {runtime_call throw_null_pointer_exception Runtime1 stub}
  0x000002553ca42d38: ffe8 e2f7 

  0x000002553ca42d3c: ; ImmutableOopMap {[120]=Oop [136]=Oop [128]=Oop [152]=Oop r8=Oop rdx=Oop }
                      ;*invokevirtual toExternalForm {reexecute=0 rethrow=0 return_oop=0}
                      ; - java.net.URL::toExternalForm@5 (line 1039)
                      ; - java.net.URL::toString@1 (line 1025)
                      ; - java.lang.ClassLoader::defineClassSourceLocation@22 (line 917)
                      ; - java.lang.ClassLoader::defineClass@12 (line 1016)
                      ;   {internal_word}
  0x000002553ca42d3c: c7ff 49ba | 1c2d a43c | 5502 0000 | 4d89 9768 

  0x000002553ca42d4c: ;   {runtime_call SafepointBlob}
  0x000002553ca42d4c: 0300 00e9 | ac4c beff | 9090 498b | 87e0 0300 | 0049 c787 | e003 0000 | 0000 0000 | 49c7 87e8 
  0x000002553ca42d6c: 0300 0000 | 0000 0048 | 81c4 b000 

  0x000002553ca42d78: ;   {runtime_call unwind_exception Runtime1 stub}
  0x000002553ca42d78: 0000 5de9 | 80e2 c7ff 
[Stub Code]
  0x000002553ca42d80: ;   {no_reloc}
  0x000002553ca42d80: 0f1f 4400 

  0x000002553ca42d84: ;   {static_stub}
  0x000002553ca42d84: 0048 bb70 | 0e01 4c55 

  0x000002553ca42d8c: ;   {runtime_call I2C/C2I adapters}
  0x000002553ca42d8c: 0200 00e9 | 4dac bdff 

  0x000002553ca42d94: ;   {static_stub}
  0x000002553ca42d94: 9048 bb00 | 0000 0000 

  0x000002553ca42d9c: ;   {runtime_call}
  0x000002553ca42d9c: 0000 00e9 | fbff ffff 

  0x000002553ca42da4: ;   {static_stub}
  0x000002553ca42da4: 9048 bb00 | 0000 0000 

  0x000002553ca42dac: ;   {runtime_call}
  0x000002553ca42dac: 0000 00e9 | fbff ffff 

  0x000002553ca42db4: ;   {static_stub}
  0x000002553ca42db4: 9048 bb00 | 0000 0000 

  0x000002553ca42dbc: ;   {runtime_call}
  0x000002553ca42dbc: 0000 00e9 | fbff ffff 
[Exception Handler]
  0x000002553ca42dc4: ;   {runtime_call handle_exception_from_callee Runtime1 stub}
  0x000002553ca42dc4: e837 15c8 

  0x000002553ca42dc8: ;   {external_word}
  0x000002553ca42dc8: ff48 b940 | 9aa9 16fe | 7f00 0048 

  0x000002553ca42dd4: ;   {runtime_call}
  0x000002553ca42dd4: 83e4 f049 | ba20 2772 | 16fe 7f00 | 0041 ffd2 

  0x000002553ca42de4: ;   {section_word}
  0x000002553ca42de4: f449 bae5 | 2da4 3c55 | 0200 0041 

  0x000002553ca42df0: ;   {runtime_call DeoptimizationBlob}
  0x000002553ca42df0: 52e9 aa3e | beff f4f4 
[/MachCode]


Compiled method (c1)     999 1140       1       jdk.internal.loader.BuiltinClassLoader::defineClass (121 bytes)
 total in heap  [0x000002553ca26c90,0x000002553ca27b28] = 3736
 relocation     [0x000002553ca26de8,0x000002553ca26f18] = 304
 main code      [0x000002553ca26f20,0x000002553ca27560] = 1600
 stub code      [0x000002553ca27560,0x000002553ca276a8] = 328
 metadata       [0x000002553ca276a8,0x000002553ca276f0] = 72
 scopes data    [0x000002553ca276f0,0x000002553ca27948] = 600
 scopes pcs     [0x000002553ca27948,0x000002553ca27ae8] = 416
 dependencies   [0x000002553ca27ae8,0x000002553ca27af0] = 8
 handler table  [0x000002553ca27af0,0x000002553ca27b08] = 24
 nul chk table  [0x000002553ca27b08,0x000002553ca27b28] = 32

[Constant Pool (empty)]

[MachCode]
[Entry Point]
  # {method} {0x000002554c435c58} 'defineClass' '(Ljava/lang/String;Ljdk/internal/loader/Resource;)Ljava/lang/Class;' in 'jdk/internal/loader/BuiltinClassLoader'
  # this:     rdx:rdx   = 'jdk/internal/loader/BuiltinClassLoader'
  # parm0:    r8:r8     = 'java/lang/String'
  # parm1:    r9:r9     = 'jdk/internal/loader/Resource'
  #           [sp+0x110]  (sp of caller)
  0x000002553ca26f20: 448b 5208 | 49bb 0000 | 004c 5502 | 0000 4d03 | d34c 3bd0 

  0x000002553ca26f34: ;   {runtime_call ic_miss_stub}
  0x000002553ca26f34: 0f85 46a1 | bfff 660f | 1f44 0000 
[Verified Entry Point]
  0x000002553ca26f40: 8984 2400 | 90ff ff55 | 4881 ec00 | 0100 0048 | 8994 24a0 | 0000 004c | 8984 2490 | 0000 004c 
  0x000002553ca26f60: 898c 2498 | 0000 0049 | 8bd1 6666 | 9048 b8ff | ffff ffff 

  0x000002553ca26f74: ;   {virtual_call}
  0x000002553ca26f74: ffff ffe8 

  0x000002553ca26f78: ; ImmutableOopMap {[152]=Oop [160]=Oop [144]=Oop }
                      ;*invokevirtual getCodeSourceURL {reexecute=0 rethrow=0 return_oop=0}
                      ; - jdk.internal.loader.BuiltinClassLoader::defineClass@1 (line 842)
  0x000002553ca26f78: 34a7 0800 | 4889 8424 | a800 0000 | 4c8b 8424 | 9000 0000 

  0x000002553ca26f8c: ; implicit exception: dispatches to 0x000002553ca27453
  0x000002553ca26f8c: 418b 7014 | 48c1 e603 

  0x000002553ca26f94: ; implicit exception: dispatches to 0x000002553ca27458
  0x000002553ca26f94: 8b56 0c45 | 0fbe 4810 | 498b c9c1 | e118 c1f9 | 18d3 fa48 | 8bfa ffcf | 4183 f900 | ba00 0000 
  0x000002553ca26fb4: 000f 8505 | 0000 00ba | 0100 0000 | 83e2 0183 | fa00 488b | d641 b82e | 0000 004c | 8bcf 0f84 
  0x000002553ca26fd4: 1100 0000 | 0f1f 8000 

  0x000002553ca26fdc: ;   {static_call}
  0x000002553ca26fdc: 0000 00e8 

  0x000002553ca26fe0: ; ImmutableOopMap {[152]=Oop [160]=Oop [168]=Oop [144]=Oop }
                      ;*invokestatic lastIndexOf {reexecute=0 rethrow=0 return_oop=0}
                      ; - java.lang.String::lastIndexOf@13 (line 2489)
                      ; - java.lang.String::lastIndexOf@8 (line 2451)
                      ; - jdk.internal.loader.BuiltinClassLoader::defineClass@8 (line 845)
  0x000002553ca26fe0: bc11 e9ff | e90b 0000 | 0066 0f1f 

  0x000002553ca26fec: ;   {static_call}
  0x000002553ca26fec: 4400 00e8 

  0x000002553ca26ff0: ; ImmutableOopMap {[152]=Oop [160]=Oop [168]=Oop [144]=Oop }
                      ;*invokestatic lastIndexOf {reexecute=0 rethrow=0 return_oop=0}
                      ; - java.lang.String::lastIndexOf@25 (line 2490)
                      ; - java.lang.String::lastIndexOf@8 (line 2451)
                      ; - jdk.internal.loader.BuiltinClassLoader::defineClass@8 (line 845)
  0x000002553ca26ff0: 8ca9 bfff | 83f8 ff0f | 8467 0000 | 0041 b800 | 0000 004c | 8bc8 488b | 9424 9000 

  0x000002553ca2700c: ;   {optimized virtual_call}
  0x000002553ca2700c: 0000 90e8 

  0x000002553ca27010: ; ImmutableOopMap {[152]=Oop [160]=Oop [168]=Oop [144]=Oop }
                      ;*invokevirtual substring {reexecute=0 rethrow=0 return_oop=0}
                      ; - jdk.internal.loader.BuiltinClassLoader::defineClass@23 (line 847)
  0x000002553ca27010: ec28 e8ff | 488b 9424 | 9800 0000 | 4889 8424 | b000 0000 | 9048 b8ff | ffff ffff 

  0x000002553ca2702c: ;   {virtual_call}
  0x000002553ca2702c: ffff ffe8 

  0x000002553ca27030: ; ImmutableOopMap {[152]=Oop [160]=Oop [168]=Oop [144]=Oop [176]=Oop }
                      ;*invokevirtual getManifest {reexecute=0 rethrow=0 return_oop=0}
                      ; - jdk.internal.loader.BuiltinClassLoader::defineClass@29 (line 848)
  0x000002553ca27030: aca6 0800 | 4c8b 8424 | b000 0000 | 4c8b c848 | 8bbc 24a8 | 0000 0048 | 8b94 24a0 | 0000 0066 
  0x000002553ca27050: 0f1f 4400 | 0048 b838 | dc07 4c55 

  0x000002553ca2705c: ;   {virtual_call}
  0x000002553ca2705c: 0200 00e8 

  0x000002553ca27060: ; ImmutableOopMap {[152]=Oop [160]=Oop [168]=Oop [144]=Oop }
                      ;*invokevirtual defineOrCheckPackage {reexecute=0 rethrow=0 return_oop=0}
                      ; - jdk.internal.loader.BuiltinClassLoader::defineClass@40 (line 849)
  0x000002553ca27060: bcf0 ffff | 4c8b 8c24 | 9800 0000 | 488d 9424 | e000 0000 | 4c89 4a08 | 498b 0148 | 83c8 0148 
  0x000002553ca27080: 8902 f049 | 0fb1 110f | 8413 0000 | 0048 2bc4 | 4881 e007 | f0ff ff48 | 8902 0f85 | bd03 0000 
  0x000002553ca270a0: 418b 510c | 48c1 e203 | 4883 fa00 | 0f85 4700 | 0000 498b | d148 b8ff | ffff ffff 

  0x000002553ca270bc: ;   {virtual_call}
  0x000002553ca270bc: ffff ffe8 

  0x000002553ca270c0: ; ImmutableOopMap {[160]=Oop [168]=Oop [144]=Oop [152]=Oop [232]=Oop }
                      ;*invokevirtual getInputStream {reexecute=0 rethrow=0 return_oop=0}
                      ; - jdk.internal.loader.Resource::cachedInputStream@9 (line 77)
                      ; - jdk.internal.loader.Resource::getByteBuffer@1 (line 163)
                      ; - jdk.internal.loader.BuiltinClassLoader::defineClass@45 (line 853)
  0x000002553ca270c0: ac36 caff | 410f be57 | 3883 fa00 | 4c8b 8c24 | 9800 0000 | 0f85 9603 | 0000 4c8b | d049 c1ea 
  0x000002553ca270e0: 0345 8951 | 0c49 8bd1 | 4833 d048 | c1ea 1548 | 83fa 000f | 8597 0300 | 0041 8b51 | 0c48 c1e2 
  0x000002553ca27100: 0348 8d84 | 24e0 0000 | 0048 8b30 | 4885 f60f | 840f 0000 | 0048 8b78 | 08f0 480f | b137 0f85 
  0x000002553ca27120: 8403 0000 | 4883 fa00 | 0f84 4400 

  0x000002553ca2712c: ;   {metadata('sun/nio/ByteBuffered')}
  0x000002553ca2712c: 0000 48b8 | 40dd 0d4c | 5502 0000 | 8b5a 0849 | ba00 0000 | 4c55 0200 | 0049 03da | 483b 4320 
  0x000002553ca2714c: 0f84 2500 | 0000 483b | d80f 841c | 0000 0053 

  0x000002553ca2715c: ;   {runtime_call slow_subtype_check Runtime1 stub}
  0x000002553ca2715c: 50e8 9edd | c9ff 5b5b | 83fb 000f | 8405 0000 | 00e9 0500 | 0000 4833 | f6eb 0a48 | be01 0000 
  0x000002553ca2717c: 0000 0000 | 0083 fe00 | 0f84 6700 | 0000 4883 | fa00 0f84 | 4400 0000 

  0x000002553ca27194: ;   {metadata('sun/nio/ByteBuffered')}
  0x000002553ca27194: 48bb 40dd | 0d4c 5502 | 0000 8b7a | 0849 ba00 | 0000 4c55 | 0200 0049 | 03fa 483b | 5f20 0f84 
  0x000002553ca271b4: 2000 0000 | 483b fb0f | 8417 0000 

  0x000002553ca271c0: ;   {runtime_call slow_subtype_check Runtime1 stub}
  0x000002553ca271c0: 0057 53e8 | 38dd c9ff | 5f5f 83ff | 000f 84eb | 0200 00e9 | 0000 0000 | 0f1f 4400 | 0048 b8ff 
  0x000002553ca271e0: ffff ffff 

  0x000002553ca271e4: ;   {virtual_call}
  0x000002553ca271e4: ffff ffe8 

  0x000002553ca271e8: ; ImmutableOopMap {[160]=Oop [168]=Oop [144]=Oop [152]=Oop }
                      ;*invokeinterface getByteBuffer {reexecute=0 rethrow=0 return_oop=0}
                      ; - jdk.internal.loader.Resource::getByteBuffer@16 (line 165)
                      ; - jdk.internal.loader.BuiltinClassLoader::defineClass@45 (line 853)
  0x000002553ca271e8: 94a4 bfff | e90a 0000 

  0x000002553ca271f0: ;   {oop(NULL)}
  0x000002553ca271f0: 0048 b800 | 0000 0000 | 0000 0048 | 83f8 000f | 84e5 0000 | 0048 8984 | 24b8 0000 | 0048 8b94 
  0x000002553ca27210: 2498 0000 | 0048 b8ff | ffff ffff 

  0x000002553ca2721c: ;   {virtual_call}
  0x000002553ca2721c: ffff ffe8 

  0x000002553ca27220: ; ImmutableOopMap {[160]=Oop [168]=Oop [144]=Oop [184]=Oop }
                      ;*invokevirtual getCodeSigners {reexecute=0 rethrow=0 return_oop=0}
                      ; - jdk.internal.loader.BuiltinClassLoader::defineClass@56 (line 855)
  0x000002553ca27220: 5ca4 bfff 

  0x000002553ca27224: ;   {metadata('java/security/CodeSource')}
  0x000002553ca27224: 4c8b c848 | bab0 ee00 | 4c55 0200 | 0049 8b87 | 0801 0000 | 488d 7828 | 493b bf18 | 0100 000f 
  0x000002553ca27244: 877e 0200 | 0049 89bf | 0801 0000 | 48c7 0001 | 0000 0048 | 8bca 49ba | 0000 004c | 5502 0000 
  0x000002553ca27264: 492b ca89 | 4808 4833 | c989 480c | 4833 c948 | 8948 1048 | 8948 1848 | 8948 204c | 8b84 24a8 
  0x000002553ca27284: 0000 0048 | 8bd0 4889 | 8424 c000 | 0000 0f1f 

  0x000002553ca27294: ;   {optimized virtual_call}
  0x000002553ca27294: 4400 00e8 

  0x000002553ca27298: ; ImmutableOopMap {[160]=Oop [144]=Oop [184]=Oop [192]=Oop }
                      ;*invokespecial <init> {reexecute=0 rethrow=0 return_oop=0}
                      ; - jdk.internal.loader.BuiltinClassLoader::defineClass@68 (line 856)
  0x000002553ca27298: e4a0 bfff | 4c8b 8424 | c000 0000 | 488b 9424 | a000 0000 

  0x000002553ca272ac: ;   {optimized virtual_call}
  0x000002553ca272ac: 6666 90e8 

  0x000002553ca272b0: ; ImmutableOopMap {[160]=Oop [144]=Oop [184]=Oop }
                      ;*invokevirtual getProtectionDomain {reexecute=0 rethrow=0 return_oop=0}
                      ; - java.security.SecureClassLoader::defineClass@5 (line 182)
                      ; - jdk.internal.loader.BuiltinClassLoader::defineClass@79 (line 857)
  0x000002553ca272b0: cca0 bfff | 4c8b 8424 | 9000 0000 | 4c8b 8c24 | b800 0000 | 488b f848 | 8b94 24a0 

  0x000002553ca272cc: ;   {optimized virtual_call}
  0x000002553ca272cc: 0000 00e8 

  0x000002553ca272d0: ; ImmutableOopMap {}
                      ;*invokevirtual defineClass {reexecute=0 rethrow=0 return_oop=0}
                      ; - java.security.SecureClassLoader::defineClass@8 (line 182)
                      ; - jdk.internal.loader.BuiltinClassLoader::defineClass@79 (line 857)
  0x000002553ca272d0: aca0 bfff | 4881 c400 | 0100 005d 

  0x000002553ca272dc: ;   {poll_return}
  0x000002553ca272dc: 493b a750 | 0300 000f | 87eb 0100 | 00c3 4c8b | 8c24 9800 | 0000 498b | d148 b8ff | ffff ffff 
  0x000002553ca272fc: ;   {virtual_call}
  0x000002553ca272fc: ffff ffe8 

  0x000002553ca27300: ; ImmutableOopMap {[160]=Oop [144]=Oop [152]=Oop [168]=Oop }
                      ;*invokevirtual getBytes {reexecute=0 rethrow=0 return_oop=0}
                      ; - jdk.internal.loader.BuiltinClassLoader::defineClass@84 (line 859)
  0x000002553ca27300: 4438 caff | 4889 8424 | c800 0000 | 488b 9424 | 9800 0000 | 9048 b8ff | ffff ffff 

  0x000002553ca2731c: ;   {virtual_call}
  0x000002553ca2731c: ffff ffe8 

  0x000002553ca27320: ; ImmutableOopMap {[160]=Oop [144]=Oop [168]=Oop [200]=Oop }
                      ;*invokevirtual getCodeSigners {reexecute=0 rethrow=0 return_oop=0}
                      ; - jdk.internal.loader.BuiltinClassLoader::defineClass@90 (line 860)
  0x000002553ca27320: dc34 caff 

  0x000002553ca27324: ;   {metadata('java/security/CodeSource')}
  0x000002553ca27324: 4c8b c848 | bab0 ee00 | 4c55 0200 | 0049 8b87 | 0801 0000 | 488d 7828 | 493b bf18 | 0100 000f 
  0x000002553ca27344: 87a1 0100 | 0049 89bf | 0801 0000 | 48c7 0001 | 0000 0048 | 8bca 49ba | 0000 004c | 5502 0000 
  0x000002553ca27364: 492b ca89 | 4808 4833 | c989 480c | 4833 c948 | 8948 1048 | 8948 1848 | 8948 204c | 8b84 24a8 
  0x000002553ca27384: 0000 0048 | 8bd0 4889 | 8424 d000 | 0000 0f1f 

  0x000002553ca27394: ;   {optimized virtual_call}
  0x000002553ca27394: 4400 00e8 

  0x000002553ca27398: ; ImmutableOopMap {[160]=Oop [144]=Oop [200]=Oop [208]=Oop }
                      ;*invokespecial <init> {reexecute=0 rethrow=0 return_oop=0}
                      ; - jdk.internal.loader.BuiltinClassLoader::defineClass@102 (line 861)
  0x000002553ca27398: e4a9 0100 | 488b 8424 | c800 0000 

  0x000002553ca273a4: ; implicit exception: dispatches to 0x000002553ca274f7
  0x000002553ca273a4: 8b70 0c4c | 8b84 24d0 | 0000 0048 | 8b94 24a0 | 0000 0089 | b424 d800 

  0x000002553ca273bc: ;   {optimized virtual_call}
  0x000002553ca273bc: 0000 90e8 

  0x000002553ca273c0: ; ImmutableOopMap {[160]=Oop [144]=Oop [200]=Oop }
                      ;*invokevirtual getProtectionDomain {reexecute=0 rethrow=0 return_oop=0}
                      ; - java.security.SecureClassLoader::defineClass@9 (line 150)
                      ; - jdk.internal.loader.BuiltinClassLoader::defineClass@117 (line 862)
  0x000002553ca273c0: 9ca3 0100 | 4c8b 8424 | 9000 0000 | 4c8b 8c24 | c800 0000 | bf00 0000 | 008b b424 | d800 0000 
  0x000002553ca273e0: 488b c848 | 8b94 24a0 | 0000 000f 

  0x000002553ca273ec: ;   {optimized virtual_call}
  0x000002553ca273ec: 1f40 00e8 

  0x000002553ca273f0: ; ImmutableOopMap {}
                      ;*invokevirtual defineClass {reexecute=0 rethrow=0 return_oop=0}
                      ; - java.security.SecureClassLoader::defineClass@12 (line 150)
                      ; - jdk.internal.loader.BuiltinClassLoader::defineClass@117 (line 862)
  0x000002553ca273f0: 0cb8 0100 | 4881 c400 | 0100 005d 

  0x000002553ca273fc: ;   {poll_return}
  0x000002553ca273fc: 493b a750 | 0300 000f | 87f3 0000 | 00c3 498b | 87e0 0300 | 004d 33d2 | 4d89 97e0 | 0300 004d 
  0x000002553ca2741c: 33d2 4d89 | 97e8 0300 | 0048 8bf0 | 488d 8424 | e000 0000 | 488b 3848 | 85ff 0f84 | 0f00 0000 
  0x000002553ca2743c: 488b 5808 | f048 0fb1 | 3b0f 85c7 | 0000 0048 | 8bc6 e9f4 

  0x000002553ca27450: ;   {runtime_call throw_null_pointer_exception Runtime1 stub}
  0x000002553ca27450: 0000 00e8 

  0x000002553ca27454: ; ImmutableOopMap {[152]=Oop [160]=Oop rax=Oop [168]=Oop r8=Oop [144]=Oop }
                      ;*invokevirtual lastIndexOf {reexecute=0 rethrow=0 return_oop=0}
                      ; - jdk.internal.loader.BuiltinClassLoader::defineClass@8 (line 845)
  0x000002553ca27454: c8b0 c9ff 

  0x000002553ca27458: ;   {runtime_call throw_null_pointer_exception Runtime1 stub}
  0x000002553ca27458: e8c3 b0c9 

  0x000002553ca2745c: ; ImmutableOopMap {[152]=Oop [160]=Oop rax=Oop [168]=Oop r8=Oop [144]=Oop rsi=Oop }
                      ;*arraylength {reexecute=0 rethrow=0 return_oop=0}
                      ; - java.lang.String::length@4 (line 1481)
                      ; - java.lang.String::lastIndexOf@3 (line 2451)
                      ; - jdk.internal.loader.BuiltinClassLoader::defineClass@8 (line 845)
  0x000002553ca2745c: ff4c 894c | 2408 4889 

  0x000002553ca27464: ;   {runtime_call monitorenter_nofpu Runtime1 stub}
  0x000002553ca27464: 1424 e895 

  0x000002553ca27468: ; ImmutableOopMap {[160]=Oop [168]=Oop [144]=Oop r9=Oop [152]=Oop [232]=Oop }
                      ;*synchronization entry
                      ; - jdk.internal.loader.Resource::cachedInputStream@-1 (line 76)
                      ; - jdk.internal.loader.Resource::getByteBuffer@1 (line 163)
                      ; - jdk.internal.loader.BuiltinClassLoader::defineClass@45 (line 853)
  0x000002553ca27468: e0c9 ffe9 | 30fc ffff | 418b 510c | 48c1 e203 | 4883 fa00 | 0f84 58fc | ffff 4889 

  0x000002553ca27484: ;   {runtime_call g1_pre_barrier_slow}
  0x000002553ca27484: 1424 e875 | 0aca ffe9 | 4afc ffff | 4883 f800 | 0f84 5ffc | ffff 4c89 

  0x000002553ca2749c: ;   {runtime_call g1_post_barrier_slow}
  0x000002553ca2749c: 0c24 e85d | 0dca ffe9 | 51fc ffff | 488d 8424 | e000 0000 | 4889 0424 

  0x000002553ca274b4: ;   {runtime_call monitorexit_nofpu Runtime1 stub}
  0x000002553ca274b4: e847 e6c9 | ffe9 66fc | ffff 4889 

  0x000002553ca274c0: ;   {runtime_call throw_class_cast_exception Runtime1 stub}
  0x000002553ca274c0: 1424 e859 

  0x000002553ca274c4: ; ImmutableOopMap {[160]=Oop [168]=Oop [144]=Oop [152]=Oop }
                      ;*checkcast {reexecute=0 rethrow=0 return_oop=0}
                      ; - jdk.internal.loader.Resource::getByteBuffer@13 (line 165)
                      ; - jdk.internal.loader.BuiltinClassLoader::defineClass@45 (line 853)
  0x000002553ca274c4: d4c9 ff48 

  0x000002553ca274c8: ;   {runtime_call fast_new_instance Runtime1 stub}
  0x000002553ca274c8: 8bd2 e831 

  0x000002553ca274cc: ; ImmutableOopMap {[160]=Oop [168]=Oop [144]=Oop [184]=Oop r9=Oop }
                      ;*new {reexecute=0 rethrow=0 return_oop=0}
                      ; - jdk.internal.loader.BuiltinClassLoader::defineClass@61 (line 856)
  0x000002553ca274cc: b9c9 ffe9 | abfd ffff 

  0x000002553ca274d4: ;   {internal_word}
  0x000002553ca274d4: 49ba dc72 | a23c 5502 | 0000 4d89 | 9768 0300 

  0x000002553ca274e4: ;   {runtime_call SafepointBlob}
  0x000002553ca274e4: 00e9 1605 | c0ff 488b 

  0x000002553ca274ec: ;   {runtime_call fast_new_instance Runtime1 stub}
  0x000002553ca274ec: d2e8 0eb9 

  0x000002553ca274f0: ; ImmutableOopMap {[160]=Oop [144]=Oop [168]=Oop [200]=Oop r9=Oop }
                      ;*new {reexecute=0 rethrow=0 return_oop=0}
                      ; - jdk.internal.loader.BuiltinClassLoader::defineClass@95 (line 861)
  0x000002553ca274f0: c9ff e988 

  0x000002553ca274f4: ;   {runtime_call throw_null_pointer_exception Runtime1 stub}
  0x000002553ca274f4: feff ffe8 

  0x000002553ca274f8: ; ImmutableOopMap {[160]=Oop [144]=Oop [208]=Oop rax=Oop [200]=Oop }
                      ;*arraylength {reexecute=0 rethrow=0 return_oop=0}
                      ; - jdk.internal.loader.BuiltinClassLoader::defineClass@114 (line 862)
  0x000002553ca274f8: 24b0 c9ff 

  0x000002553ca274fc: ;   {internal_word}
  0x000002553ca274fc: 49ba fc73 | a23c 5502 | 0000 4d89 | 9768 0300 

  0x000002553ca2750c: ;   {runtime_call SafepointBlob}
  0x000002553ca2750c: 00e9 ee04 | c0ff 488d | 8424 e000 | 0000 4889 

  0x000002553ca2751c: ;   {runtime_call monitorexit_nofpu Runtime1 stub}
  0x000002553ca2751c: 0424 e8dd | e5c9 ffe9 | 23ff ffff | 9090 498b | 87e0 0300 | 0049 c787 | e003 0000 | 0000 0000 
  0x000002553ca2753c: 49c7 87e8 | 0300 0000 | 0000 0048 | 81c4 0001 

  0x000002553ca2754c: ;   {runtime_call unwind_exception Runtime1 stub}
  0x000002553ca2754c: 0000 5de9 | ac9a c9ff | f4f4 f4f4 | f4f4 f4f4 | f4f4 f4f4 
[Stub Code]
  0x000002553ca27560: ;   {no_reloc}
  0x000002553ca27560: 0f1f 4400 

  0x000002553ca27564: ;   {static_stub}
  0x000002553ca27564: 0048 bb00 | 0000 0000 

  0x000002553ca2756c: ;   {runtime_call}
  0x000002553ca2756c: 0000 00e9 | fbff ffff 

  0x000002553ca27574: ;   {static_stub}
  0x000002553ca27574: 9048 bb00 | 0000 0000 

  0x000002553ca2757c: ;   {runtime_call}
  0x000002553ca2757c: 0000 00e9 | fbff ffff 

  0x000002553ca27584: ;   {static_stub}
  0x000002553ca27584: 9048 bb00 | 0000 0000 

  0x000002553ca2758c: ;   {runtime_call}
  0x000002553ca2758c: 0000 00e9 | fbff ffff 

  0x000002553ca27594: ;   {static_stub}
  0x000002553ca27594: 9048 bb00 | 0000 0000 

  0x000002553ca2759c: ;   {runtime_call}
  0x000002553ca2759c: 0000 00e9 | fbff ffff 

  0x000002553ca275a4: ;   {static_stub}
  0x000002553ca275a4: 9048 bb00 | 0000 0000 

  0x000002553ca275ac: ;   {runtime_call}
  0x000002553ca275ac: 0000 00e9 | fbff ffff 

  0x000002553ca275b4: ;   {static_stub}
  0x000002553ca275b4: 9048 bb00 | 0000 0000 

  0x000002553ca275bc: ;   {runtime_call}
  0x000002553ca275bc: 0000 00e9 | fbff ffff 

  0x000002553ca275c4: ;   {static_stub}
  0x000002553ca275c4: 9048 bb00 | 0000 0000 

  0x000002553ca275cc: ;   {runtime_call}
  0x000002553ca275cc: 0000 00e9 | fbff ffff 

  0x000002553ca275d4: ;   {static_stub}
  0x000002553ca275d4: 9048 bb00 | 0000 0000 

  0x000002553ca275dc: ;   {runtime_call}
  0x000002553ca275dc: 0000 00e9 | fbff ffff 

  0x000002553ca275e4: ;   {static_stub}
  0x000002553ca275e4: 9048 bb00 | 0000 0000 

  0x000002553ca275ec: ;   {runtime_call}
  0x000002553ca275ec: 0000 00e9 | fbff ffff 

  0x000002553ca275f4: ;   {static_stub}
  0x000002553ca275f4: 9048 bb00 | 0000 0000 

  0x000002553ca275fc: ;   {runtime_call}
  0x000002553ca275fc: 0000 00e9 | fbff ffff 

  0x000002553ca27604: ;   {static_stub}
  0x000002553ca27604: 9048 bb00 | 0000 0000 

  0x000002553ca2760c: ;   {runtime_call}
  0x000002553ca2760c: 0000 00e9 | fbff ffff 

  0x000002553ca27614: ;   {static_stub}
  0x000002553ca27614: 9048 bb00 | 0000 0000 

  0x000002553ca2761c: ;   {runtime_call}
  0x000002553ca2761c: 0000 00e9 | fbff ffff 

  0x000002553ca27624: ;   {static_stub}
  0x000002553ca27624: 9048 bb00 | 0000 0000 

  0x000002553ca2762c: ;   {runtime_call}
  0x000002553ca2762c: 0000 00e9 | fbff ffff 

  0x000002553ca27634: ;   {static_stub}
  0x000002553ca27634: 9048 bb00 | 0000 0000 

  0x000002553ca2763c: ;   {runtime_call}
  0x000002553ca2763c: 0000 00e9 | fbff ffff 

  0x000002553ca27644: ;   {static_stub}
  0x000002553ca27644: 9048 bb68 | 2242 4c55 

  0x000002553ca2764c: ;   {runtime_call I2C/C2I adapters}
  0x000002553ca2764c: 0200 00e9 | 8d63 bfff 

  0x000002553ca27654: ;   {static_stub}
  0x000002553ca27654: 9048 bb28 | 4443 4c55 

  0x000002553ca2765c: ;   {runtime_call I2C/C2I adapters}
  0x000002553ca2765c: 0200 00e9 | f9ef bfff 

  0x000002553ca27664: ;   {static_stub}
  0x000002553ca27664: 9048 bbb8 | 0c01 4c55 

  0x000002553ca2766c: ;   {runtime_call I2C/C2I adapters}
  0x000002553ca2766c: 0200 00e9 | 7700 bfff 
[Exception Handler]
  0x000002553ca27674: ;   {runtime_call handle_exception_from_callee Runtime1 stub}
  0x000002553ca27674: e887 ccc9 

  0x000002553ca27678: ;   {external_word}
  0x000002553ca27678: ff48 b940 | 9aa9 16fe | 7f00 0048 

  0x000002553ca27684: ;   {runtime_call}
  0x000002553ca27684: 83e4 f049 | ba20 2772 | 16fe 7f00 | 0041 ffd2 

  0x000002553ca27694: ;   {section_word}
  0x000002553ca27694: f449 ba95 | 76a2 3c55 | 0200 0041 

  0x000002553ca276a0: ;   {runtime_call DeoptimizationBlob}
  0x000002553ca276a0: 52e9 faf5 | bfff f4f4 
[/MachCode]


---------------  P R O C E S S  ---------------

Threads class SMR info:
_java_thread_list=0x0000025592438930, length=16, elements={
0x0000025534ac85c0, 0x00000255910047d0, 0x0000025591005360, 0x0000025591017eb0,
0x000002559101e8a0, 0x000002559101f870, 0x0000025591022240, 0x00000255910269d0,
0x0000025591030300, 0x0000025591108a10, 0x000002554bd9e040, 0x000002554bd9e560,
0x000002554bd9ea80, 0x00000255914f18f0, 0x00000255913fd5e0, 0x00000255915dac70
}

Java Threads: ( => current thread )
=>0x0000025534ac85c0 JavaThread "main" [_thread_in_vm, id=4372, stack(0x0000009e81e00000,0x0000009e81f00000)]
  0x00000255910047d0 JavaThread "Reference Handler" daemon [_thread_blocked, id=19352, stack(0x0000009e82500000,0x0000009e82600000)]
  0x0000025591005360 JavaThread "Finalizer" daemon [_thread_blocked, id=21052, stack(0x0000009e82600000,0x0000009e82700000)]
  0x0000025591017eb0 JavaThread "Signal Dispatcher" daemon [_thread_blocked, id=21008, stack(0x0000009e82700000,0x0000009e82800000)]
  0x000002559101e8a0 JavaThread "Attach Listener" daemon [_thread_blocked, id=10856, stack(0x0000009e82800000,0x0000009e82900000)]
  0x000002559101f870 JavaThread "Service Thread" daemon [_thread_blocked, id=17444, stack(0x0000009e82900000,0x0000009e82a00000)]
  0x0000025591022240 JavaThread "Monitor Deflation Thread" daemon [_thread_blocked, id=1984, stack(0x0000009e82a00000,0x0000009e82b00000)]
  0x00000255910269d0 JavaThread "C1 CompilerThread0" daemon [_thread_blocked, id=15856, stack(0x0000009e82b00000,0x0000009e82c00000)]
  0x0000025591030300 JavaThread "Sweeper thread" daemon [_thread_blocked, id=21724, stack(0x0000009e82c00000,0x0000009e82d00000)]
  0x0000025591108a10 JavaThread "Common-Cleaner" daemon [_thread_blocked, id=9444, stack(0x0000009e82d00000,0x0000009e82e00000)]
  0x000002554bd9e040 JavaThread "C1 CompilerThread1" daemon [_thread_blocked, id=7132, stack(0x0000009e82e00000,0x0000009e82f00000)]
  0x000002554bd9e560 JavaThread "C1 CompilerThread2" daemon [_thread_blocked, id=15820, stack(0x0000009e82f00000,0x0000009e83000000)]
  0x000002554bd9ea80 JavaThread "C1 CompilerThread3" daemon [_thread_blocked, id=21876, stack(0x0000009e83000000,0x0000009e83100000)]
  0x00000255914f18f0 JavaThread "Monitor Ctrl-Break" daemon [_thread_in_native, id=14332, stack(0x0000009e83100000,0x0000009e83200000)]
  0x00000255913fd5e0 JavaThread "Notification Thread" daemon [_thread_blocked, id=4608, stack(0x0000009e83200000,0x0000009e83300000)]
  0x00000255915dac70 JavaThread "RMI TCP Accept-0" daemon [_thread_in_native, id=9020, stack(0x0000009e83300000,0x0000009e83400000)]

Other Threads:
  0x000002554bdae240 VMThread "VM Thread" [stack: 0x0000009e82400000,0x0000009e82500000] [id=19404]
  0x00000255915dcd00 WatcherThread [stack: 0x0000009e83400000,0x0000009e83500000] [id=18280]
  0x000002553296e7c0 GCTaskThread "GC Thread#0" [stack: 0x0000009e81f00000,0x0000009e82000000] [id=6124]
  0x000002559193cab0 GCTaskThread "GC Thread#1" [stack: 0x0000009e83500000,0x0000009e83600000] [id=17184]
  0x000002559192d070 GCTaskThread "GC Thread#2" [stack: 0x0000009e83600000,0x0000009e83700000] [id=2460]
  0x0000025591964b10 GCTaskThread "GC Thread#3" [stack: 0x0000009e83700000,0x0000009e83800000] [id=20832]
  0x0000025591965250 GCTaskThread "GC Thread#4" [stack: 0x0000009e83800000,0x0000009e83900000] [id=13660]
  0x0000025591965990 GCTaskThread "GC Thread#5" [stack: 0x0000009e83900000,0x0000009e83a00000] [id=22600]
  0x00000255919be730 GCTaskThread "GC Thread#6" [stack: 0x0000009e83a00000,0x0000009e83b00000] [id=10708]
  0x0000025591b991e0 GCTaskThread "GC Thread#7" [stack: 0x0000009e83d00000,0x0000009e83e00000] [id=22724]
  0x0000025591b3a9a0 GCTaskThread "GC Thread#8" [stack: 0x0000009e83e00000,0x0000009e83f00000] [id=22104]
  0x0000025534b407b0 ConcurrentGCThread "G1 Main Marker" [stack: 0x0000009e82000000,0x0000009e82100000] [id=19788]
  0x0000025534b41880 ConcurrentGCThread "G1 Conc#0" [stack: 0x0000009e82100000,0x0000009e82200000] [id=23280]
  0x0000025534b6eae0 ConcurrentGCThread "G1 Refine#0" [stack: 0x0000009e82200000,0x0000009e82300000] [id=9288]
  0x00000255919c7e10 ConcurrentGCThread "G1 Refine#1" [stack: 0x0000009e83b00000,0x0000009e83c00000] [id=16972]
  0x000002554bc6a7e0 ConcurrentGCThread "G1 Service" [stack: 0x0000009e82300000,0x0000009e82400000] [id=8408]

Threads with active compile tasks:

VM state: not at safepoint (normal execution)

VM Mutex/Monitor currently owned by a thread:  ([mutex/lock_event])
[0x0000025534ac1f70] Metaspace_lock - owner thread: 0x0000025534ac85c0

Heap address: 0x0000000701200000, size: 4078 MB, Compressed Oops mode: Zero based, Oop shift amount: 3

CDS archive(s) mapped at: [0x000002554c000000-0x000002554cbb0000-0x000002554cbb0000), size 12255232, SharedBaseAddress: 0x000002554c000000, ArchiveRelocationMode: 1.
Compressed class space mapped at: 0x000002554d000000-0x000002558d000000, reserved size: 1073741824
Narrow klass base: 0x000002554c000000, Narrow klass shift: 0, Narrow klass range: 0x100000000

GC Precious Log:
 CPUs: 12 total, 12 available
 Memory: 16310M
 Large Page Support: Disabled
 NUMA Support: Disabled
 Compressed Oops: Enabled (Zero based)
 Heap Region Size: 2M
 Heap Min Capacity: 8M
 Heap Initial Capacity: 256M
 Heap Max Capacity: 4078M
 Pre-touch: Disabled
 Parallel Workers: 10
 Concurrent Workers: 3
 Concurrent Refinement Workers: 10
 Periodic GC: Disabled

Heap:
 garbage-first heap   total 262144K, used 61808K [0x0000000701200000, 0x0000000800000000)
  region size 2048K, 28 young (57344K), 1 survivors (2048K)
 Metaspace       used 20463K, committed 20736K, reserved 1114112K
  class space    used 2748K, committed 2880K, reserved 1048576K

Heap Regions: E=young(eden), S=young(survivor), O=old, HS=humongous(starts), HC=humongous(continues), CS=collection set, F=free, OA=open archive, CA=closed archive, TAMS=top-at-mark-start (previous, next)
|   0|0x0000000701200000, 0x0000000701400000, 0x0000000701400000|100%| O|  |TAMS 0x0000000701200000, 0x0000000701200000| Untracked 
|   1|0x0000000701400000, 0x0000000701600000, 0x0000000701600000|100%| O|  |TAMS 0x0000000701400000, 0x0000000701400000| Untracked 
|   2|0x0000000701600000, 0x0000000701800000, 0x0000000701800000|100%| O|  |TAMS 0x0000000701600000, 0x0000000701600000| Untracked 
|   3|0x0000000701800000, 0x00000007018ce000, 0x0000000701a00000| 40%| O|  |TAMS 0x0000000701800000, 0x0000000701800000| Untracked 
|   4|0x0000000701a00000, 0x0000000701a00000, 0x0000000701c00000|  0%| F|  |TAMS 0x0000000701a00000, 0x0000000701a00000| Untracked 
|   5|0x0000000701c00000, 0x0000000701c00000, 0x0000000701e00000|  0%| F|  |TAMS 0x0000000701c00000, 0x0000000701c00000| Untracked 
|   6|0x0000000701e00000, 0x0000000701e00000, 0x0000000702000000|  0%| F|  |TAMS 0x0000000701e00000, 0x0000000701e00000| Untracked 
|   7|0x0000000702000000, 0x0000000702000000, 0x0000000702200000|  0%| F|  |TAMS 0x0000000702000000, 0x0000000702000000| Untracked 
|   8|0x0000000702200000, 0x0000000702200000, 0x0000000702400000|  0%| F|  |TAMS 0x0000000702200000, 0x0000000702200000| Untracked 
|   9|0x0000000702400000, 0x0000000702400000, 0x0000000702600000|  0%| F|  |TAMS 0x0000000702400000, 0x0000000702400000| Untracked 
|  10|0x0000000702600000, 0x0000000702600000, 0x0000000702800000|  0%| F|  |TAMS 0x0000000702600000, 0x0000000702600000| Untracked 
|  11|0x0000000702800000, 0x0000000702800000, 0x0000000702a00000|  0%| F|  |TAMS 0x0000000702800000, 0x0000000702800000| Untracked 
|  12|0x0000000702a00000, 0x0000000702a00000, 0x0000000702c00000|  0%| F|  |TAMS 0x0000000702a00000, 0x0000000702a00000| Untracked 
|  13|0x0000000702c00000, 0x0000000702c00000, 0x0000000702e00000|  0%| F|  |TAMS 0x0000000702c00000, 0x0000000702c00000| Untracked 
|  14|0x0000000702e00000, 0x0000000702e00000, 0x0000000703000000|  0%| F|  |TAMS 0x0000000702e00000, 0x0000000702e00000| Untracked 
|  15|0x0000000703000000, 0x0000000703000000, 0x0000000703200000|  0%| F|  |TAMS 0x0000000703000000, 0x0000000703000000| Untracked 
|  16|0x0000000703200000, 0x0000000703200000, 0x0000000703400000|  0%| F|  |TAMS 0x0000000703200000, 0x0000000703200000| Untracked 
|  17|0x0000000703400000, 0x0000000703400000, 0x0000000703600000|  0%| F|  |TAMS 0x0000000703400000, 0x0000000703400000| Untracked 
|  18|0x0000000703600000, 0x0000000703600000, 0x0000000703800000|  0%| F|  |TAMS 0x0000000703600000, 0x0000000703600000| Untracked 
|  19|0x0000000703800000, 0x0000000703800000, 0x0000000703a00000|  0%| F|  |TAMS 0x0000000703800000, 0x0000000703800000| Untracked 
|  20|0x0000000703a00000, 0x0000000703a00000, 0x0000000703c00000|  0%| F|  |TAMS 0x0000000703a00000, 0x0000000703a00000| Untracked 
|  21|0x0000000703c00000, 0x0000000703c00000, 0x0000000703e00000|  0%| F|  |TAMS 0x0000000703c00000, 0x0000000703c00000| Untracked 
|  22|0x0000000703e00000, 0x0000000703e00000, 0x0000000704000000|  0%| F|  |TAMS 0x0000000703e00000, 0x0000000703e00000| Untracked 
|  23|0x0000000704000000, 0x0000000704000000, 0x0000000704200000|  0%| F|  |TAMS 0x0000000704000000, 0x0000000704000000| Untracked 
|  24|0x0000000704200000, 0x0000000704200000, 0x0000000704400000|  0%| F|  |TAMS 0x0000000704200000, 0x0000000704200000| Untracked 
|  25|0x0000000704400000, 0x0000000704400000, 0x0000000704600000|  0%| F|  |TAMS 0x0000000704400000, 0x0000000704400000| Untracked 
|  26|0x0000000704600000, 0x0000000704600000, 0x0000000704800000|  0%| F|  |TAMS 0x0000000704600000, 0x0000000704600000| Untracked 
|  27|0x0000000704800000, 0x0000000704800000, 0x0000000704a00000|  0%| F|  |TAMS 0x0000000704800000, 0x0000000704800000| Untracked 
|  28|0x0000000704a00000, 0x0000000704a00000, 0x0000000704c00000|  0%| F|  |TAMS 0x0000000704a00000, 0x0000000704a00000| Untracked 
|  29|0x0000000704c00000, 0x0000000704c00000, 0x0000000704e00000|  0%| F|  |TAMS 0x0000000704c00000, 0x0000000704c00000| Untracked 
|  30|0x0000000704e00000, 0x0000000704e00000, 0x0000000705000000|  0%| F|  |TAMS 0x0000000704e00000, 0x0000000704e00000| Untracked 
|  31|0x0000000705000000, 0x0000000705000000, 0x0000000705200000|  0%| F|  |TAMS 0x0000000705000000, 0x0000000705000000| Untracked 
|  32|0x0000000705200000, 0x0000000705200000, 0x0000000705400000|  0%| F|  |TAMS 0x0000000705200000, 0x0000000705200000| Untracked 
|  33|0x0000000705400000, 0x0000000705400000, 0x0000000705600000|  0%| F|  |TAMS 0x0000000705400000, 0x0000000705400000| Untracked 
|  34|0x0000000705600000, 0x0000000705600000, 0x0000000705800000|  0%| F|  |TAMS 0x0000000705600000, 0x0000000705600000| Untracked 
|  35|0x0000000705800000, 0x0000000705800000, 0x0000000705a00000|  0%| F|  |TAMS 0x0000000705800000, 0x0000000705800000| Untracked 
|  36|0x0000000705a00000, 0x0000000705a00000, 0x0000000705c00000|  0%| F|  |TAMS 0x0000000705a00000, 0x0000000705a00000| Untracked 
|  37|0x0000000705c00000, 0x0000000705c00000, 0x0000000705e00000|  0%| F|  |TAMS 0x0000000705c00000, 0x0000000705c00000| Untracked 
|  38|0x0000000705e00000, 0x0000000705e00000, 0x0000000706000000|  0%| F|  |TAMS 0x0000000705e00000, 0x0000000705e00000| Untracked 
|  39|0x0000000706000000, 0x0000000706000000, 0x0000000706200000|  0%| F|  |TAMS 0x0000000706000000, 0x0000000706000000| Untracked 
|  40|0x0000000706200000, 0x0000000706200000, 0x0000000706400000|  0%| F|  |TAMS 0x0000000706200000, 0x0000000706200000| Untracked 
|  41|0x0000000706400000, 0x0000000706400000, 0x0000000706600000|  0%| F|  |TAMS 0x0000000706400000, 0x0000000706400000| Untracked 
|  42|0x0000000706600000, 0x0000000706600000, 0x0000000706800000|  0%| F|  |TAMS 0x0000000706600000, 0x0000000706600000| Untracked 
|  43|0x0000000706800000, 0x0000000706800000, 0x0000000706a00000|  0%| F|  |TAMS 0x0000000706800000, 0x0000000706800000| Untracked 
|  44|0x0000000706a00000, 0x0000000706a00000, 0x0000000706c00000|  0%| F|  |TAMS 0x0000000706a00000, 0x0000000706a00000| Untracked 
|  45|0x0000000706c00000, 0x0000000706c00000, 0x0000000706e00000|  0%| F|  |TAMS 0x0000000706c00000, 0x0000000706c00000| Untracked 
|  46|0x0000000706e00000, 0x0000000706e00000, 0x0000000707000000|  0%| F|  |TAMS 0x0000000706e00000, 0x0000000706e00000| Untracked 
|  47|0x0000000707000000, 0x0000000707000000, 0x0000000707200000|  0%| F|  |TAMS 0x0000000707000000, 0x0000000707000000| Untracked 
|  48|0x0000000707200000, 0x0000000707200000, 0x0000000707400000|  0%| F|  |TAMS 0x0000000707200000, 0x0000000707200000| Untracked 
|  49|0x0000000707400000, 0x0000000707400000, 0x0000000707600000|  0%| F|  |TAMS 0x0000000707400000, 0x0000000707400000| Untracked 
|  50|0x0000000707600000, 0x0000000707600000, 0x0000000707800000|  0%| F|  |TAMS 0x0000000707600000, 0x0000000707600000| Untracked 
|  51|0x0000000707800000, 0x0000000707800000, 0x0000000707a00000|  0%| F|  |TAMS 0x0000000707800000, 0x0000000707800000| Untracked 
|  52|0x0000000707a00000, 0x0000000707a00000, 0x0000000707c00000|  0%| F|  |TAMS 0x0000000707a00000, 0x0000000707a00000| Untracked 
|  53|0x0000000707c00000, 0x0000000707c00000, 0x0000000707e00000|  0%| F|  |TAMS 0x0000000707c00000, 0x0000000707c00000| Untracked 
|  54|0x0000000707e00000, 0x0000000707e00000, 0x0000000708000000|  0%| F|  |TAMS 0x0000000707e00000, 0x0000000707e00000| Untracked 
|  55|0x0000000708000000, 0x0000000708000000, 0x0000000708200000|  0%| F|  |TAMS 0x0000000708000000, 0x0000000708000000| Untracked 
|  56|0x0000000708200000, 0x0000000708200000, 0x0000000708400000|  0%| F|  |TAMS 0x0000000708200000, 0x0000000708200000| Untracked 
|  57|0x0000000708400000, 0x0000000708400000, 0x0000000708600000|  0%| F|  |TAMS 0x0000000708400000, 0x0000000708400000| Untracked 
|  58|0x0000000708600000, 0x0000000708600000, 0x0000000708800000|  0%| F|  |TAMS 0x0000000708600000, 0x0000000708600000| Untracked 
|  59|0x0000000708800000, 0x0000000708800000, 0x0000000708a00000|  0%| F|  |TAMS 0x0000000708800000, 0x0000000708800000| Untracked 
|  60|0x0000000708a00000, 0x0000000708a00000, 0x0000000708c00000|  0%| F|  |TAMS 0x0000000708a00000, 0x0000000708a00000| Untracked 
|  61|0x0000000708c00000, 0x0000000708c00000, 0x0000000708e00000|  0%| F|  |TAMS 0x0000000708c00000, 0x0000000708c00000| Untracked 
|  62|0x0000000708e00000, 0x0000000708e00000, 0x0000000709000000|  0%| F|  |TAMS 0x0000000708e00000, 0x0000000708e00000| Untracked 
|  63|0x0000000709000000, 0x0000000709000000, 0x0000000709200000|  0%| F|  |TAMS 0x0000000709000000, 0x0000000709000000| Untracked 
|  64|0x0000000709200000, 0x0000000709200000, 0x0000000709400000|  0%| F|  |TAMS 0x0000000709200000, 0x0000000709200000| Untracked 
|  65|0x0000000709400000, 0x0000000709400000, 0x0000000709600000|  0%| F|  |TAMS 0x0000000709400000, 0x0000000709400000| Untracked 
|  66|0x0000000709600000, 0x0000000709600000, 0x0000000709800000|  0%| F|  |TAMS 0x0000000709600000, 0x0000000709600000| Untracked 
|  67|0x0000000709800000, 0x0000000709800000, 0x0000000709a00000|  0%| F|  |TAMS 0x0000000709800000, 0x0000000709800000| Untracked 
|  68|0x0000000709a00000, 0x0000000709a00000, 0x0000000709c00000|  0%| F|  |TAMS 0x0000000709a00000, 0x0000000709a00000| Untracked 
|  69|0x0000000709c00000, 0x0000000709c00000, 0x0000000709e00000|  0%| F|  |TAMS 0x0000000709c00000, 0x0000000709c00000| Untracked 
|  70|0x0000000709e00000, 0x0000000709e00000, 0x000000070a000000|  0%| F|  |TAMS 0x0000000709e00000, 0x0000000709e00000| Untracked 
|  71|0x000000070a000000, 0x000000070a000000, 0x000000070a200000|  0%| F|  |TAMS 0x000000070a000000, 0x000000070a000000| Untracked 
|  72|0x000000070a200000, 0x000000070a200000, 0x000000070a400000|  0%| F|  |TAMS 0x000000070a200000, 0x000000070a200000| Untracked 
|  73|0x000000070a400000, 0x000000070a400000, 0x000000070a600000|  0%| F|  |TAMS 0x000000070a400000, 0x000000070a400000| Untracked 
|  74|0x000000070a600000, 0x000000070a600000, 0x000000070a800000|  0%| F|  |TAMS 0x000000070a600000, 0x000000070a600000| Untracked 
|  75|0x000000070a800000, 0x000000070a800000, 0x000000070aa00000|  0%| F|  |TAMS 0x000000070a800000, 0x000000070a800000| Untracked 
|  76|0x000000070aa00000, 0x000000070aa00000, 0x000000070ac00000|  0%| F|  |TAMS 0x000000070aa00000, 0x000000070aa00000| Untracked 
|  77|0x000000070ac00000, 0x000000070ac00000, 0x000000070ae00000|  0%| F|  |TAMS 0x000000070ac00000, 0x000000070ac00000| Untracked 
|  78|0x000000070ae00000, 0x000000070ae00000, 0x000000070b000000|  0%| F|  |TAMS 0x000000070ae00000, 0x000000070ae00000| Untracked 
|  79|0x000000070b000000, 0x000000070b000000, 0x000000070b200000|  0%| F|  |TAMS 0x000000070b000000, 0x000000070b000000| Untracked 
|  80|0x000000070b200000, 0x000000070b200000, 0x000000070b400000|  0%| F|  |TAMS 0x000000070b200000, 0x000000070b200000| Untracked 
|  81|0x000000070b400000, 0x000000070b400000, 0x000000070b600000|  0%| F|  |TAMS 0x000000070b400000, 0x000000070b400000| Untracked 
|  82|0x000000070b600000, 0x000000070b600000, 0x000000070b800000|  0%| F|  |TAMS 0x000000070b600000, 0x000000070b600000| Untracked 
|  83|0x000000070b800000, 0x000000070b800000, 0x000000070ba00000|  0%| F|  |TAMS 0x000000070b800000, 0x000000070b800000| Untracked 
|  84|0x000000070ba00000, 0x000000070ba00000, 0x000000070bc00000|  0%| F|  |TAMS 0x000000070ba00000, 0x000000070ba00000| Untracked 
|  85|0x000000070bc00000, 0x000000070bc00000, 0x000000070be00000|  0%| F|  |TAMS 0x000000070bc00000, 0x000000070bc00000| Untracked 
|  86|0x000000070be00000, 0x000000070be00000, 0x000000070c000000|  0%| F|  |TAMS 0x000000070be00000, 0x000000070be00000| Untracked 
|  87|0x000000070c000000, 0x000000070c000000, 0x000000070c200000|  0%| F|  |TAMS 0x000000070c000000, 0x000000070c000000| Untracked 
|  88|0x000000070c200000, 0x000000070c200000, 0x000000070c400000|  0%| F|  |TAMS 0x000000070c200000, 0x000000070c200000| Untracked 
|  89|0x000000070c400000, 0x000000070c400000, 0x000000070c600000|  0%| F|  |TAMS 0x000000070c400000, 0x000000070c400000| Untracked 
|  90|0x000000070c600000, 0x000000070c600000, 0x000000070c800000|  0%| F|  |TAMS 0x000000070c600000, 0x000000070c600000| Untracked 
|  91|0x000000070c800000, 0x000000070c800000, 0x000000070ca00000|  0%| F|  |TAMS 0x000000070c800000, 0x000000070c800000| Untracked 
|  92|0x000000070ca00000, 0x000000070ca00000, 0x000000070cc00000|  0%| F|  |TAMS 0x000000070ca00000, 0x000000070ca00000| Untracked 
|  93|0x000000070cc00000, 0x000000070cc00000, 0x000000070ce00000|  0%| F|  |TAMS 0x000000070cc00000, 0x000000070cc00000| Untracked 
|  94|0x000000070ce00000, 0x000000070ce00000, 0x000000070d000000|  0%| F|  |TAMS 0x000000070ce00000, 0x000000070ce00000| Untracked 
|  95|0x000000070d000000, 0x000000070d000000, 0x000000070d200000|  0%| F|  |TAMS 0x000000070d000000, 0x000000070d000000| Untracked 
|  96|0x000000070d200000, 0x000000070d200000, 0x000000070d400000|  0%| F|  |TAMS 0x000000070d200000, 0x000000070d200000| Untracked 
|  97|0x000000070d400000, 0x000000070d400000, 0x000000070d600000|  0%| F|  |TAMS 0x000000070d400000, 0x000000070d400000| Untracked 
|  98|0x000000070d600000, 0x000000070d600000, 0x000000070d800000|  0%| F|  |TAMS 0x000000070d600000, 0x000000070d600000| Untracked 
|  99|0x000000070d800000, 0x000000070d800000, 0x000000070da00000|  0%| F|  |TAMS 0x000000070d800000, 0x000000070d800000| Untracked 
| 100|0x000000070da00000, 0x000000070dc00000, 0x000000070dc00000|100%| E|  |TAMS 0x000000070da00000, 0x000000070da00000| Complete 
| 101|0x000000070dc00000, 0x000000070de00000, 0x000000070de00000|100%| E|CS|TAMS 0x000000070dc00000, 0x000000070dc00000| Complete 
| 102|0x000000070de00000, 0x000000070e000000, 0x000000070e000000|100%| E|CS|TAMS 0x000000070de00000, 0x000000070de00000| Complete 
| 103|0x000000070e000000, 0x000000070e200000, 0x000000070e200000|100%| E|CS|TAMS 0x000000070e000000, 0x000000070e000000| Complete 
| 104|0x000000070e200000, 0x000000070e400000, 0x000000070e400000|100%| E|CS|TAMS 0x000000070e200000, 0x000000070e200000| Complete 
| 105|0x000000070e400000, 0x000000070e600000, 0x000000070e600000|100%| E|CS|TAMS 0x000000070e400000, 0x000000070e400000| Complete 
| 106|0x000000070e600000, 0x000000070e800000, 0x000000070e800000|100%| E|CS|TAMS 0x000000070e600000, 0x000000070e600000| Complete 
| 107|0x000000070e800000, 0x000000070ea00000, 0x000000070ea00000|100%| E|CS|TAMS 0x000000070e800000, 0x000000070e800000| Complete 
| 108|0x000000070ea00000, 0x000000070ec00000, 0x000000070ec00000|100%| E|CS|TAMS 0x000000070ea00000, 0x000000070ea00000| Complete 
| 109|0x000000070ec00000, 0x000000070ee00000, 0x000000070ee00000|100%| E|CS|TAMS 0x000000070ec00000, 0x000000070ec00000| Complete 
| 110|0x000000070ee00000, 0x000000070f000000, 0x000000070f000000|100%| E|CS|TAMS 0x000000070ee00000, 0x000000070ee00000| Complete 
| 111|0x000000070f000000, 0x000000070f200000, 0x000000070f200000|100%| E|CS|TAMS 0x000000070f000000, 0x000000070f000000| Complete 
| 112|0x000000070f200000, 0x000000070f400000, 0x000000070f400000|100%| E|CS|TAMS 0x000000070f200000, 0x000000070f200000| Complete 
| 113|0x000000070f400000, 0x000000070f58e010, 0x000000070f600000| 77%| S|CS|TAMS 0x000000070f400000, 0x000000070f400000| Complete 
| 114|0x000000070f600000, 0x000000070f800000, 0x000000070f800000|100%| E|CS|TAMS 0x000000070f600000, 0x000000070f600000| Complete 
| 115|0x000000070f800000, 0x000000070fa00000, 0x000000070fa00000|100%| E|CS|TAMS 0x000000070f800000, 0x000000070f800000| Complete 
| 116|0x000000070fa00000, 0x000000070fc00000, 0x000000070fc00000|100%| E|CS|TAMS 0x000000070fa00000, 0x000000070fa00000| Complete 
| 117|0x000000070fc00000, 0x000000070fe00000, 0x000000070fe00000|100%| E|CS|TAMS 0x000000070fc00000, 0x000000070fc00000| Complete 
| 118|0x000000070fe00000, 0x0000000710000000, 0x0000000710000000|100%| E|CS|TAMS 0x000000070fe00000, 0x000000070fe00000| Complete 
| 119|0x0000000710000000, 0x0000000710200000, 0x0000000710200000|100%| E|CS|TAMS 0x0000000710000000, 0x0000000710000000| Complete 
| 120|0x0000000710200000, 0x0000000710400000, 0x0000000710400000|100%| E|CS|TAMS 0x0000000710200000, 0x0000000710200000| Complete 
| 121|0x0000000710400000, 0x0000000710600000, 0x0000000710600000|100%| E|CS|TAMS 0x0000000710400000, 0x0000000710400000| Complete 
| 122|0x0000000710600000, 0x0000000710800000, 0x0000000710800000|100%| E|CS|TAMS 0x0000000710600000, 0x0000000710600000| Complete 
| 123|0x0000000710800000, 0x0000000710a00000, 0x0000000710a00000|100%| E|CS|TAMS 0x0000000710800000, 0x0000000710800000| Complete 
| 124|0x0000000710a00000, 0x0000000710c00000, 0x0000000710c00000|100%| E|CS|TAMS 0x0000000710a00000, 0x0000000710a00000| Complete 
| 125|0x0000000710c00000, 0x0000000710e00000, 0x0000000710e00000|100%| E|CS|TAMS 0x0000000710c00000, 0x0000000710c00000| Complete 
| 126|0x0000000710e00000, 0x0000000711000000, 0x0000000711000000|100%| E|CS|TAMS 0x0000000710e00000, 0x0000000710e00000| Complete 
| 127|0x0000000711000000, 0x0000000711200000, 0x0000000711200000|100%| E|CS|TAMS 0x0000000711000000, 0x0000000711000000| Complete 

Card table byte_map: [0x0000025540100000,0x0000025540900000] _byte_map_base: 0x000002553c8f7000

Marking Bits (Prev, Next): (CMBitMap*) 0x0000025534b2ffb0, (CMBitMap*) 0x0000025534b2fff0
 Prev Bits: [0x0000025541100000, 0x00000255450b8000)
 Next Bits: [0x00000255450c0000, 0x0000025549078000)

Polling page: 0x0000025532ab0000

Metaspace:

Usage:
  Non-class:     17.30 MB used.
      Class:      2.68 MB used.
       Both:     19.98 MB used.

Virtual space:
  Non-class space:       64.00 MB reserved,      17.44 MB ( 27%) committed,  1 nodes.
      Class space:        1.00 GB reserved,       2.81 MB ( <1%) committed,  1 nodes.
             Both:        1.06 GB reserved,      20.25 MB (  2%) committed. 

Chunk freelists:
   Non-Class:  14.48 MB
       Class:  13.05 MB
        Both:  27.53 MB

MaxMetaspaceSize: unlimited
CompressedClassSpaceSize: 1.00 GB
Initial GC threshold: 21.00 MB
Current GC threshold: 21.00 MB
CDS: on
MetaspaceReclaimPolicy: balanced
 - commit_granule_bytes: 65536.
 - commit_granule_words: 8192.
 - virtual_space_node_default_size: 8388608.
 - enlarge_chunks_in_place: 1.
 - new_chunks_are_fully_committed: 0.
 - uncommit_free_chunks: 1.
 - use_allocation_guard: 0.
 - handle_deallocations: 1.


Internal statistics:

num_allocs_failed_limit: 0.
num_arena_births: 262.
num_arena_deaths: 0.
num_vsnodes_births: 2.
num_vsnodes_deaths: 0.
num_space_committed: 324.
num_space_uncommitted: 0.
num_chunks_returned_to_freelist: 0.
num_chunks_taken_from_freelist: 904.
num_chunk_merges: 0.
num_chunk_splits: 632.
num_chunks_enlarged: 488.
num_inconsistent_stats: 0.

CodeCache: size=49152Kb used=7271Kb max_used=7271Kb free=41880Kb
 bounds [0x000002553c5d0000, 0x000002553ccf0000, 0x000002553f5d0000]
 total_blobs=3366 nmethods=2858 adapters=431
 compilation: enabled
              stopped_count=0, restarted_count=0
 full_count=0

Compilation events (20 events):
Event: 0.957 Thread 0x000002554bd9ea80 2849       1       org.springframework.core.OrderComparator::compare (8 bytes)
Event: 0.957 Thread 0x00000255910269d0 2850       1       org.springframework.core.OrderComparator::doCompare (60 bytes)
Event: 0.957 Thread 0x000002554bd9ea80 nmethod 2849 0x000002553cce6990 code [0x000002553cce6b20, 0x000002553cce6c08]
Event: 0.957 Thread 0x00000255910269d0 nmethod 2850 0x000002553cce6c90 code [0x000002553cce6e60, 0x000002553cce70f8]
Event: 0.957 Thread 0x00000255910269d0 2851       1       org.springframework.boot.autoconfigure.condition.ConditionMessage$Style$2::applyToItem (6 bytes)
Event: 0.957 Thread 0x000002554bd9e560 2852       1       org.springframework.boot.autoconfigure.condition.ConditionMessage$Style$2::applyToItem (15 bytes)
Event: 0.957 Thread 0x000002554bd9e040 2853       1       java.util.Map::getOrDefault (28 bytes)
Event: 0.957 Thread 0x000002554bd9ea80 2854       1       org.springframework.boot.autoconfigure.condition.OnBeanCondition$Spec::merge (7 bytes)
Event: 0.957 Thread 0x000002554bd9ea80 nmethod 2854 0x000002553cce7210 code [0x000002553cce73a0, 0x000002553cce7488]
Event: 0.957 Thread 0x000002554bd9e040 nmethod 2853 0x000002553cce7510 code [0x000002553cce76c0, 0x000002553cce7818]
Event: 0.957 Thread 0x000002554bd9e040 2855       1       org.springframework.boot.autoconfigure.condition.SpringBootCondition::<init> (16 bytes)
Event: 0.958 Thread 0x000002554bd9e040 nmethod 2855 0x000002553cce7910 code [0x000002553cce7ac0, 0x000002553cce7cd8]
Event: 0.958 Thread 0x000002554bd9e560 nmethod 2852 0x000002553cce7e10 code [0x000002553cce8020, 0x000002553cce8428]
Event: 0.958 Thread 0x00000255910269d0 nmethod 2851 0x000002553cce8710 code [0x000002553cce8940, 0x000002553cce8d58]
Event: 0.958 Thread 0x00000255910269d0 2856       1       java.util.HashMap$Node::hashCode (16 bytes)
Event: 0.958 Thread 0x00000255910269d0 nmethod 2856 0x000002553cce9090 code [0x000002553cce9240, 0x000002553cce9398]
Event: 0.961 Thread 0x00000255910269d0 2857       1       org.springframework.context.annotation.AnnotationBeanNameGenerator$$Lambda$328/0x000002554d1cfc10::test (10 bytes)
Event: 0.961 Thread 0x000002554bd9e040 2858   !   1       java.util.ImmutableCollections$ListItr::next (34 bytes)
Event: 0.961 Thread 0x00000255910269d0 nmethod 2857 0x000002553cce9490 code [0x000002553cce9640, 0x000002553cce9818]
Event: 0.962 Thread 0x000002554bd9e040 nmethod 2858 0x000002553cce9910 code [0x000002553cce9ac0, 0x000002553cce9c78]

GC Heap History (4 events):
Event: 0.415 GC heap before
{Heap before GC invocations=0 (full 0):
 garbage-first heap   total 262144K, used 22528K [0x0000000701200000, 0x0000000800000000)
  region size 2048K, 11 young (22528K), 0 survivors (0K)
 Metaspace       used 7080K, committed 7232K, reserved 1114112K
  class space    used 898K, committed 960K, reserved 1048576K
}
Event: 0.423 GC heap after
{Heap after GC invocations=1 (full 0):
 garbage-first heap   total 262144K, used 6744K [0x0000000701200000, 0x0000000800000000)
  region size 2048K, 2 young (4096K), 2 survivors (4096K)
 Metaspace       used 7080K, committed 7232K, reserved 1114112K
  class space    used 898K, committed 960K, reserved 1048576K
}
Event: 0.632 GC heap before
{Heap before GC invocations=1 (full 0):
 garbage-first heap   total 262144K, used 31320K [0x0000000701200000, 0x0000000800000000)
  region size 2048K, 14 young (28672K), 2 survivors (4096K)
 Metaspace       used 12371K, committed 12608K, reserved 1114112K
  class space    used 1641K, committed 1792K, reserved 1048576K
}
Event: 0.634 GC heap after
{Heap after GC invocations=2 (full 0):
 garbage-first heap   total 262144K, used 8560K [0x0000000701200000, 0x0000000800000000)
  region size 2048K, 1 young (2048K), 1 survivors (2048K)
 Metaspace       used 12371K, committed 12608K, reserved 1114112K
  class space    used 1641K, committed 1792K, reserved 1048576K
}

Dll operation events (13 events):
Event: 0.006 Loaded shared library C:\Users\Pc\.jdks\corretto-17.0.11\bin\java.dll
Event: 0.024 Loaded shared library C:\Users\Pc\.jdks\corretto-17.0.11\bin\jsvml.dll
Event: 0.084 Loaded shared library C:\Users\Pc\.jdks\corretto-17.0.11\bin\zip.dll
Event: 0.085 Loaded shared library C:\Users\Pc\.jdks\corretto-17.0.11\bin\instrument.dll
Event: 0.089 Loaded shared library C:\Users\Pc\.jdks\corretto-17.0.11\bin\net.dll
Event: 0.090 Loaded shared library C:\Users\Pc\.jdks\corretto-17.0.11\bin\nio.dll
Event: 0.092 Loaded shared library C:\Users\Pc\.jdks\corretto-17.0.11\bin\zip.dll
Event: 0.136 Loaded shared library C:\Users\Pc\IntelliJ IDEA 2023.2.4\bin\breakgen64.dll
Event: 0.139 Loaded shared library C:\Users\Pc\.jdks\corretto-17.0.11\bin\jimage.dll
Event: 0.142 Loaded shared library C:\Users\Pc\.jdks\corretto-17.0.11\bin\extnet.dll
Event: 0.150 Loaded shared library C:\Users\Pc\.jdks\corretto-17.0.11\bin\management.dll
Event: 0.156 Loaded shared library C:\Users\Pc\.jdks\corretto-17.0.11\bin\management_ext.dll
Event: 0.758 Loaded shared library C:\Users\Pc\.jdks\corretto-17.0.11\bin\sunmscapi.dll

Deoptimization events (0 events):
No events

Classes unloaded (0 events):
No events

Classes redefined (0 events):
No events

Internal exceptions (20 events):
Event: 0.561 Thread 0x0000025534ac85c0 Exception <a 'java/lang/NoSuchMethodError'{0x00000007104c0d98}: 'void java.lang.invoke.DirectMethodHandle$Holder.invokeStatic(java.lang.Object, java.lang.Object, int)'> (0x00000007104c0d98) 
thrown [s\src\hotspot\share\interpreter\linkResolver.cpp, line 759]
Event: 0.564 Thread 0x0000025534ac85c0 Exception <a 'java/lang/NoSuchMethodError'{0x00000007104da038}: 'void java.lang.invoke.DirectMethodHandle$Holder.invokeStaticInit(java.lang.Object, java.lang.Object, java.lang.Object)'> (0x00000007104da038) 
thrown [s\src\hotspot\share\interpreter\linkResolver.cpp, line 759]
Event: 0.567 Thread 0x0000025534ac85c0 Exception <a 'java/lang/NoSuchMethodError'{0x000000071052f4f8}: 'java.lang.Object java.lang.invoke.DirectMethodHandle$Holder.invokeStatic(java.lang.Object, java.lang.Object, long, java.lang.Object)'> (0x000000071052f4f8) 
thrown [s\src\hotspot\share\interpreter\linkResolver.cpp, line 759]
Event: 0.567 Thread 0x0000025534ac85c0 Exception <a 'java/lang/NoSuchMethodError'{0x0000000710532f90}: 'java.lang.Object java.lang.invoke.DirectMethodHandle$Holder.invokeStaticInit(java.lang.Object, java.lang.Object, long, java.lang.Object)'> (0x0000000710532f90) 
thrown [s\src\hotspot\share\interpreter\linkResolver.cpp, line 759]
Event: 0.568 Thread 0x0000025534ac85c0 Exception <a 'java/lang/NoSuchMethodError'{0x00000007105395a0}: 'java.lang.Object java.lang.invoke.DirectMethodHandle$Holder.newInvokeSpecial(java.lang.Object, java.lang.Object, long)'> (0x00000007105395a0) 
thrown [s\src\hotspot\share\interpreter\linkResolver.cpp, line 759]
Event: 0.568 Thread 0x0000025534ac85c0 Exception <a 'java/lang/NoSuchMethodError'{0x000000071053d110}: 'java.lang.Object java.lang.invoke.Invokers$Holder.linkToTargetMethod(java.lang.Object, long, java.lang.Object)'> (0x000000071053d110) 
thrown [s\src\hotspot\share\interpreter\linkResolver.cpp, line 759]
Event: 0.573 Thread 0x0000025534ac85c0 Exception <a 'java/lang/NoSuchMethodError'{0x00000007105a1c28}: 'void java.lang.invoke.DirectMethodHandle$Holder.invokeVirtual(java.lang.Object, java.lang.Object, java.lang.Object, java.lang.Object)'> (0x00000007105a1c28) 
thrown [s\src\hotspot\share\interpreter\linkResolver.cpp, line 759]
Event: 0.592 Thread 0x0000025534ac85c0 Exception <a 'java/lang/NoSuchMethodError'{0x000000071031b608}: 'void java.lang.invoke.DirectMethodHandle$Holder.invokeSpecial(java.lang.Object, java.lang.Object, java.lang.Object)'> (0x000000071031b608) 
thrown [s\src\hotspot\share\interpreter\linkResolver.cpp, line 759]
Event: 0.594 Thread 0x0000025591ac66e0 Exception <a 'java/lang/NoClassDefFoundError'{0x0000000710374548}: jakarta/validation/Validation> (0x0000000710374548) 
thrown [s\src\hotspot\share\classfile\systemDictionary.cpp, line 245]
Event: 0.595 Thread 0x0000025534ac85c0 Exception <a 'java/lang/IncompatibleClassChangeError'{0x000000071034d0b0}: Found class java.lang.Object, but interface was expected> (0x000000071034d0b0) 
thrown [s\src\hotspot\share\interpreter\linkResolver.cpp, line 826]
Event: 0.705 Thread 0x0000025534ac85c0 Exception <a 'sun/nio/fs/WindowsException'{0x00000007103e71d8}> (0x00000007103e71d8) 
thrown [s\src\hotspot\share\prims\jni.cpp, line 516]
Event: 0.705 Thread 0x0000025534ac85c0 Exception <a 'java/lang/NoSuchMethodError'{0x00000007103e8958}: 'int java.lang.invoke.DirectMethodHandle$Holder.invokeSpecial(java.lang.Object, java.lang.Object, java.lang.Object, java.lang.Object, java.lang.Object)'> (0x00000007103e8958) 
thrown [s\src\hotspot\share\interpreter\linkResolver.cpp, line 759]
Event: 0.706 Thread 0x0000025534ac85c0 Exception <a 'java/lang/NoSuchMethodError'{0x00000007103f1660}: 'void java.lang.invoke.DirectMethodHandle$Holder.invokeVirtual(java.lang.Object, java.lang.Object)'> (0x00000007103f1660) 
thrown [s\src\hotspot\share\interpreter\linkResolver.cpp, line 759]
Event: 0.732 Thread 0x0000025591ac66e0 Exception <a 'java/lang/NoSuchMethodError'{0x000000070fb1a768}: 'long java.lang.invoke.DirectMethodHandle$Holder.invokeSpecial(java.lang.Object, java.lang.Object)'> (0x000000070fb1a768) 
thrown [s\src\hotspot\share\interpreter\linkResolver.cpp, line 759]
Event: 0.733 Thread 0x0000025591ac66e0 Exception <a 'java/lang/NoSuchMethodError'{0x000000070fb25310}: 'long java.lang.invoke.DirectMethodHandle$Holder.invokeStatic(java.lang.Object, java.lang.Object)'> (0x000000070fb25310) 
thrown [s\src\hotspot\share\interpreter\linkResolver.cpp, line 759]
Event: 0.733 Thread 0x0000025591ac66e0 Exception <a 'java/lang/NoSuchMethodError'{0x000000070fb28668}: 'long java.lang.invoke.DirectMethodHandle$Holder.invokeStaticInit(java.lang.Object, java.lang.Object)'> (0x000000070fb28668) 
thrown [s\src\hotspot\share\interpreter\linkResolver.cpp, line 759]
Event: 0.734 Thread 0x0000025591ac66e0 Exception <a 'java/lang/NoSuchMethodError'{0x000000070f80cc48}: 'long java.lang.invoke.DirectMethodHandle$Holder.invokeInterface(java.lang.Object, java.lang.Object)'> (0x000000070f80cc48) 
thrown [s\src\hotspot\share\interpreter\linkResolver.cpp, line 759]
Event: 0.734 Thread 0x0000025591ac66e0 Exception <a 'java/lang/IncompatibleClassChangeError'{0x000000070f80ff30}: Found class java.lang.Object, but interface was expected> (0x000000070f80ff30) 
thrown [s\src\hotspot\share\interpreter\linkResolver.cpp, line 826]
Event: 0.735 Thread 0x0000025591ac66e0 Exception <a 'java/lang/NoSuchMethodError'{0x000000070f82b1d8}: 'java.lang.Object java.lang.invoke.DirectMethodHandle$Holder.invokeVirtual(java.lang.Object, java.lang.Object, java.lang.Object, java.lang.Object)'> (0x000000070f82b1d8) 
thrown [s\src\hotspot\share\interpreter\linkResolver.cpp, line 759]
Event: 0.765 Thread 0x0000025534ac85c0 Exception <a 'java/lang/IncompatibleClassChangeError'{0x000000070f0dfaa0}: Found class java.lang.Object, but interface was expected> (0x000000070f0dfaa0) 
thrown [s\src\hotspot\share\interpreter\linkResolver.cpp, line 826]

VM Operations (20 events):
Event: 0.430 Executing VM operation: HandshakeAllThreads
Event: 0.430 Executing VM operation: HandshakeAllThreads done
Event: 0.522 Executing VM operation: HandshakeAllThreads
Event: 0.522 Executing VM operation: HandshakeAllThreads done
Event: 0.588 Executing VM operation: HandshakeAllThreads
Event: 0.588 Executing VM operation: HandshakeAllThreads done
Event: 0.590 Executing VM operation: HandshakeAllThreads
Event: 0.590 Executing VM operation: HandshakeAllThreads done
Event: 0.628 Executing VM operation: ICBufferFull
Event: 0.628 Executing VM operation: ICBufferFull done
Event: 0.632 Executing VM operation: G1CollectForAllocation
Event: 0.634 Executing VM operation: G1CollectForAllocation done
Event: 0.679 Executing VM operation: HandshakeAllThreads
Event: 0.679 Executing VM operation: HandshakeAllThreads done
Event: 0.697 Executing VM operation: HandshakeAllThreads
Event: 0.697 Executing VM operation: HandshakeAllThreads done
Event: 0.760 Executing VM operation: HandshakeAllThreads
Event: 0.760 Executing VM operation: HandshakeAllThreads done
Event: 0.834 Executing VM operation: ICBufferFull
Event: 0.834 Executing VM operation: ICBufferFull done

Events (20 events):
Event: 0.765 loading class com/sun/crypto/provider/SunJCE done
Event: 0.767 loading class com/sun/security/sasl/Provider
Event: 0.767 loading class com/sun/security/sasl/Provider done
Event: 0.767 loading class com/sun/security/sasl/Provider$1
Event: 0.767 loading class com/sun/security/sasl/Provider$1 done
Event: 0.767 loading class com/sun/security/sasl/Provider$ProviderService
Event: 0.768 loading class com/sun/security/sasl/Provider$ProviderService done
Event: 0.768 loading class sun/security/provider/certpath/ldap/JdkLDAP
Event: 0.768 loading class sun/security/provider/certpath/ldap/JdkLDAP done
Event: 0.768 loading class sun/security/provider/certpath/ldap/JdkLDAP$ProviderService
Event: 0.768 loading class sun/security/provider/certpath/ldap/JdkLDAP$ProviderService done
Event: 0.769 Thread 0x0000025591ac66e0 Thread exited: 0x0000025591ac66e0
Event: 0.833 loading class java/beans/PropertyVetoException
Event: 0.833 loading class java/beans/PropertyVetoException done
Event: 0.955 loading class javax/management/MalformedObjectNameException
Event: 0.955 loading class javax/management/MalformedObjectNameException done
Event: 0.962 loading class java/lang/UnsupportedClassVersionError
Event: 0.962 loading class java/lang/ClassFormatError
Event: 0.962 loading class java/lang/ClassFormatError done
Event: 0.962 loading class java/lang/UnsupportedClassVersionError done


Dynamic libraries:
0x00007ff77da60000 - 0x00007ff77da6e000 	C:\Users\Pc\.jdks\corretto-17.0.11\bin\java.exe
0x00007ffe99f30000 - 0x00007ffe9a128000 	C:\Windows\SYSTEM32\ntdll.dll
0x00007ffe92600000 - 0x00007ffe92619000 	C:\Program Files\AVG\Antivirus\aswhook.dll
0x00007ffe980a0000 - 0x00007ffe98161000 	C:\Windows\System32\KERNEL32.DLL
0x00007ffe97820000 - 0x00007ffe97b16000 	C:\Windows\System32\KERNELBASE.dll
0x00007ffe97bf0000 - 0x00007ffe97cf0000 	C:\Windows\System32\ucrtbase.dll
0x00007ffe78550000 - 0x00007ffe7856b000 	C:\Users\Pc\.jdks\corretto-17.0.11\bin\VCRUNTIME140.dll
0x00007ffe77790000 - 0x00007ffe777a7000 	C:\Users\Pc\.jdks\corretto-17.0.11\bin\jli.dll
0x00007ffe99420000 - 0x00007ffe995bf000 	C:\Windows\System32\USER32.dll
0x00007ffe97bc0000 - 0x00007ffe97be2000 	C:\Windows\System32\win32u.dll
0x00007ffe8d350000 - 0x00007ffe8d5ea000 	C:\Windows\WinSxS\amd64_microsoft.windows.common-controls_6595b64144ccf1df_6.0.19041.4355_none_60b8b9eb71f62e16\COMCTL32.dll
0x00007ffe98070000 - 0x00007ffe9809b000 	C:\Windows\System32\GDI32.dll
0x00007ffe98540000 - 0x00007ffe985de000 	C:\Windows\System32\msvcrt.dll
0x00007ffe97700000 - 0x00007ffe97817000 	C:\Windows\System32\gdi32full.dll
0x00007ffe97b20000 - 0x00007ffe97bbd000 	C:\Windows\System32\msvcp_win.dll
0x00007ffe98e30000 - 0x00007ffe98e5f000 	C:\Windows\System32\IMM32.DLL
0x00007ffe84fa0000 - 0x00007ffe84fac000 	C:\Users\Pc\.jdks\corretto-17.0.11\bin\vcruntime140_1.dll
0x00007ffe5f710000 - 0x00007ffe5f79d000 	C:\Users\Pc\.jdks\corretto-17.0.11\bin\msvcp140.dll
0x00007ffe16170000 - 0x00007ffe16dd2000 	C:\Users\Pc\.jdks\corretto-17.0.11\bin\server\jvm.dll
0x00007ffe988f0000 - 0x00007ffe989a0000 	C:\Windows\System32\ADVAPI32.dll
0x00007ffe98340000 - 0x00007ffe983e0000 	C:\Windows\System32\sechost.dll
0x00007ffe985e0000 - 0x00007ffe98703000 	C:\Windows\System32\RPCRT4.dll
0x00007ffe97d80000 - 0x00007ffe97da7000 	C:\Windows\System32\bcrypt.dll
0x00007ffe8a1e0000 - 0x00007ffe8a1e9000 	C:\Windows\SYSTEM32\WSOCK32.dll
0x00007ffe96b60000 - 0x00007ffe96bab000 	C:\Windows\SYSTEM32\POWRPROF.dll
0x00007ffe993b0000 - 0x00007ffe9941b000 	C:\Windows\System32\WS2_32.dll
0x00007ffe91650000 - 0x00007ffe9165a000 	C:\Windows\SYSTEM32\VERSION.dll
0x00007ffe8e0f0000 - 0x00007ffe8e117000 	C:\Windows\SYSTEM32\WINMM.dll
0x00007ffe969d0000 - 0x00007ffe969e2000 	C:\Windows\SYSTEM32\UMPDC.dll
0x00007ffe95480000 - 0x00007ffe95492000 	C:\Windows\SYSTEM32\kernel.appcore.dll
0x00007ffe7c0a0000 - 0x00007ffe7c0aa000 	C:\Users\Pc\.jdks\corretto-17.0.11\bin\jimage.dll
0x00007ffe87270000 - 0x00007ffe87454000 	C:\Windows\SYSTEM32\DBGHELP.DLL
0x00007ffe86250000 - 0x00007ffe86284000 	C:\Windows\SYSTEM32\dbgcore.DLL
0x00007ffe97cf0000 - 0x00007ffe97d72000 	C:\Windows\System32\bcryptPrimitives.dll
0x00007ffe92100000 - 0x00007ffe9210e000 	C:\Users\Pc\.jdks\corretto-17.0.11\bin\instrument.dll
0x00007ffe77260000 - 0x00007ffe77285000 	C:\Users\Pc\.jdks\corretto-17.0.11\bin\java.dll
0x00007ffe4ea50000 - 0x00007ffe4eb27000 	C:\Users\Pc\.jdks\corretto-17.0.11\bin\jsvml.dll
0x00007ffe995c0000 - 0x00007ffe99d2c000 	C:\Windows\System32\SHELL32.dll
0x00007ffe95680000 - 0x00007ffe95e1e000 	C:\Windows\SYSTEM32\windows.storage.dll
0x00007ffe989a0000 - 0x00007ffe98cf3000 	C:\Windows\System32\combase.dll
0x00007ffe97000000 - 0x00007ffe9702e000 	C:\Windows\SYSTEM32\Wldp.dll
0x00007ffe98d60000 - 0x00007ffe98e2d000 	C:\Windows\System32\OLEAUT32.dll
0x00007ffe97fc0000 - 0x00007ffe9806d000 	C:\Windows\System32\SHCORE.dll
0x00007ffe98d00000 - 0x00007ffe98d55000 	C:\Windows\System32\shlwapi.dll
0x00007ffe97510000 - 0x00007ffe97534000 	C:\Windows\SYSTEM32\profapi.dll
0x00007ffe70cd0000 - 0x00007ffe70ce8000 	C:\Users\Pc\.jdks\corretto-17.0.11\bin\zip.dll
0x00007ffe77190000 - 0x00007ffe771a9000 	C:\Users\Pc\.jdks\corretto-17.0.11\bin\net.dll
0x00007ffe91290000 - 0x00007ffe9139a000 	C:\Windows\SYSTEM32\WINHTTP.dll
0x00007ffe96d60000 - 0x00007ffe96dca000 	C:\Windows\system32\mswsock.dll
0x00007ffe73ad0000 - 0x00007ffe73ae6000 	C:\Users\Pc\.jdks\corretto-17.0.11\bin\nio.dll
0x00007ffe778a0000 - 0x00007ffe778ba000 	C:\Users\Pc\IntelliJ IDEA 2023.2.4\bin\breakgen64.dll
0x00007ffe94a10000 - 0x00007ffe94a19000 	C:\Users\Pc\.jdks\corretto-17.0.11\bin\extnet.dll
0x00007ffe96a40000 - 0x00007ffe96b0a000 	C:\Windows\SYSTEM32\DNSAPI.dll
0x00007ffe969f0000 - 0x00007ffe96a2b000 	C:\Windows\SYSTEM32\IPHLPAPI.DLL
0x00007ffe99db0000 - 0x00007ffe99db8000 	C:\Windows\System32\NSI.dll
0x000000006c4b0000 - 0x000000006c4d6000 	C:\Program Files\Bonjour\mdnsNSP.dll
0x00007ffe8abe0000 - 0x00007ffe8abea000 	C:\Windows\System32\rasadhlp.dll
0x00007ffe85120000 - 0x00007ffe851a0000 	C:\Windows\System32\fwpuclnt.dll
0x00007ffe92140000 - 0x00007ffe92149000 	C:\Users\Pc\.jdks\corretto-17.0.11\bin\management.dll
0x00007ffe92120000 - 0x00007ffe9212b000 	C:\Users\Pc\.jdks\corretto-17.0.11\bin\management_ext.dll
0x00007ffe98170000 - 0x00007ffe98178000 	C:\Windows\System32\PSAPI.DLL
0x00007ffe96f60000 - 0x00007ffe96f78000 	C:\Windows\SYSTEM32\CRYPTSP.dll
0x00007ffe96610000 - 0x00007ffe96644000 	C:\Windows\system32\rsaenh.dll
0x00007ffe97480000 - 0x00007ffe974ae000 	C:\Windows\SYSTEM32\USERENV.dll
0x00007ffe96f50000 - 0x00007ffe96f5c000 	C:\Windows\SYSTEM32\CRYPTBASE.dll
0x00007ffe935f0000 - 0x00007ffe93607000 	C:\Windows\SYSTEM32\dhcpcsvc6.DLL
0x00007ffe92460000 - 0x00007ffe9247d000 	C:\Windows\SYSTEM32\dhcpcsvc.DLL
0x00007ffe6f9f0000 - 0x00007ffe6fa07000 	C:\Windows\system32\napinsp.dll
0x00007ffe6f9d0000 - 0x00007ffe6f9eb000 	C:\Windows\system32\pnrpnsp.dll
0x00007ffe6fdb0000 - 0x00007ffe6fdc5000 	C:\Windows\system32\wshbth.dll
0x00007ffe93d50000 - 0x00007ffe93d6d000 	C:\Windows\system32\NLAapi.dll
0x00007ffe6b730000 - 0x00007ffe6b742000 	C:\Windows\System32\winrnr.dll
0x00007ffe92110000 - 0x00007ffe9211e000 	C:\Users\Pc\.jdks\corretto-17.0.11\bin\sunmscapi.dll
0x00007ffe97e00000 - 0x00007ffe97f5e000 	C:\Windows\System32\CRYPT32.dll
0x00007ffe97070000 - 0x00007ffe97099000 	C:\Windows\SYSTEM32\ncrypt.dll
0x00007ffe97030000 - 0x00007ffe9706b000 	C:\Windows\SYSTEM32\NTASN1.dll

dbghelp: loaded successfully - version: 4.0.5 - missing functions: none
symbol engine: initialized successfully - sym options: 0x614 - pdb path: .;C:\Users\Pc\.jdks\corretto-17.0.11\bin;C:\Windows\SYSTEM32;C:\Program Files\AVG\Antivirus;C:\Windows\WinSxS\amd64_microsoft.windows.common-controls_6595b64144ccf1df_6.0.19041.4355_none_60b8b9eb71f62e16;C:\Users\Pc\.jdks\corretto-17.0.11\bin\server;C:\Users\Pc\IntelliJ IDEA 2023.2.4\bin;C:\Program Files\Bonjour

VM Arguments:
jvm_args: -XX:TieredStopAtLevel=1 -Dspring.output.ansi.enabled=always -Dcom.sun.management.jmxremote -Dspring.jmx.enabled=true -Dspring.liveBeansView.mbeanDomain -Dspring.application.admin.enabled=true -Dmanagement.endpoints.jmx.exposure.include=* -javaagent:C:\Users\Pc\IntelliJ IDEA 2023.2.4\lib\idea_rt.jar=64960:C:\Users\Pc\IntelliJ IDEA 2023.2.4\bin -Dfile.encoding=UTF-8 
java_command: com.crud.RankinDigitalCrud.RankinDigitalCrudApplication
java_class_path (initial): D:\Disque C\Bureau\DigitalCrudApp\RankinDigitalCrud\RankinDigitalCrud\target\classes;C:\Users\Pc\.m2\repository\org\springframework\boot\spring-boot-starter-data-jpa\3.3.2\spring-boot-starter-data-jpa-3.3.2.jar;C:\Users\Pc\.m2\repository\org\springframework\boot\spring-boot-starter-aop\3.3.2\spring-boot-starter-aop-3.3.2.jar;C:\Users\Pc\.m2\repository\org\springframework\spring-aop\6.1.11\spring-aop-6.1.11.jar;C:\Users\Pc\.m2\repository\org\aspectj\aspectjweaver\1.9.22.1\aspectjweaver-1.9.22.1.jar;C:\Users\Pc\.m2\repository\org\springframework\boot\spring-boot-starter-jdbc\3.3.2\spring-boot-starter-jdbc-3.3.2.jar;C:\Users\Pc\.m2\repository\com\zaxxer\HikariCP\5.1.0\HikariCP-5.1.0.jar;C:\Users\Pc\.m2\repository\org\springframework\spring-jdbc\6.1.11\spring-jdbc-6.1.11.jar;C:\Users\Pc\.m2\repository\org\hibernate\orm\hibernate-core\6.5.2.Final\hibernate-core-6.5.2.Final.jar;C:\Users\Pc\.m2\repository\jakarta\persistence\jakarta.persistence-api\3.1.0\jakarta.persistence-api-3.1.0.jar;C:\Users\Pc\.m2\repository\jakarta\transaction\jakarta.transaction-api\2.0.1\jakarta.transaction-api-2.0.1.jar;C:\Users\Pc\.m2\repository\org\jboss\logging\jboss-logging\3.5.3.Final\jboss-logging-3.5.3.Final.jar;C:\Users\Pc\.m2\repository\org\hibernate\common\hibernate-commons-annotations\6.0.6.Final\hibernate-commons-annotations-6.0.6.Final.jar;C:\Users\Pc\.m2\repository\io\smallrye\jandex\3.1.2\jandex-3.1.2.jar;C:\Users\Pc\.m2\repository\com\fasterxml\classmate\1.7.0\classmate-1.7.0.jar;C:\Users\Pc\.m2\repository\net\bytebuddy\byte-buddy\1.14.18\byte-buddy-1.14.18.jar;C:\Users\Pc\.m2\repository\org\glassfish\jaxb\jaxb-runtime\4.0.5\jaxb-runtime-4.0.5.jar;C:\Users\Pc\.m2\repository\org\glassfish\jaxb\jaxb-core\4.0.5\jaxb-core-4.0.5.jar;C:\Users\Pc\.m2\repository\org\eclipse\angus\angus-activation\2.0.2\angus-activation-2.0.2.jar;C:\Users\Pc\.m2\repository\org\glassfish\jaxb\txw2\4.0.5\txw2-4.0.5.jar;C:\Users\Pc\.m2\repository\com\sun\istack\istack-commons-runt
Launcher Type: SUN_STANDARD

[Global flags]
     intx CICompilerCount                          = 4                                         {product} {ergonomic}
     uint ConcGCThreads                            = 3                                         {product} {ergonomic}
     uint G1ConcRefinementThreads                  = 10                                        {product} {ergonomic}
   size_t G1HeapRegionSize                         = 2097152                                   {product} {ergonomic}
    uintx GCDrainStackTargetSize                   = 64                                        {product} {ergonomic}
   size_t InitialHeapSize                          = 268435456                                 {product} {ergonomic}
     bool ManagementServer                         = true                                      {product} {command line}
   size_t MarkStackSize                            = 4194304                                   {product} {ergonomic}
   size_t MaxHeapSize                              = 4276092928                                {product} {ergonomic}
   size_t MaxNewSize                               = 2564816896                                {product} {ergonomic}
   size_t MinHeapDeltaBytes                        = 2097152                                   {product} {ergonomic}
   size_t MinHeapSize                              = 8388608                                   {product} {ergonomic}
    uintx NonProfiledCodeHeapSize                  = 0                                      {pd product} {ergonomic}
     bool ProfileInterpreter                       = false                                  {pd product} {command line}
    uintx ProfiledCodeHeapSize                     = 0                                      {pd product} {ergonomic}
   size_t SoftMaxHeapSize                          = 4276092928                             {manageable} {ergonomic}
     intx TieredStopAtLevel                        = 1                                         {product} {command line}
     bool UseCompressedClassPointers               = true                           {product lp64_product} {ergonomic}
     bool UseCompressedOops                        = true                           {product lp64_product} {ergonomic}
     bool UseG1GC                                  = true                                      {product} {ergonomic}
     bool UseLargePagesIndividualAllocation        = false                                  {pd product} {ergonomic}

Logging:
Log output configuration:
 #0: stdout all=warning uptime,level,tags
 #1: stderr all=off uptime,level,tags

Environment Variables:
PATH=C:\Program Files (x86)\VMware\VMware Player\bin\;C:\Program Files\python_new\Scripts\pip.exe;C:\Program Files\Common Files\Oracle\Java\javapath;C:\Program Files (x86)\Common Files\Oracle\Java\javapath;C:\Windows\system32;C:\Windows;C:\Windows\System32\Wbem;C:\Windows\System32\WindowsPowerShell\v1.0\;C:\Windows\System32\OpenSSH\;C:\Program Files (x86)\NVIDIA Corporation\PhysX\Common;C:\Program Files\NVIDIA Corporation\NVIDIA NvDLISR;D:\Templates\mingw64\bin;D:\xampp\php;C:\Users\Your-Username\AppData\Local\Programs\Microsoft VS Code\bin;C:\Program Files\dotnet\;C:\Program Files\nodejs\;C:\Program Files (x86)\GnuWin32\bin;C:\Program Files\Microsoft SQL Server\Client SDK\ODBC\170\Tools\Binn\;C:\Program Files\Git\cmd;C:\Users\Pc\AppData\Local\Programs\Python\Python311\Scripts\;C:\Users\Pc\AppData\Local\Programs\Python\Python311\;C:\Program Files\Common Files\Oracle\Java\javapath;C:\Program Files (x86)\Common Files\Oracle\Java\javapath;C:\Windows\system32;C:\Windows;C:\Windows\System32\Wbem;C:\Windows\System32\WindowsPowerShell\v1.0\;C:\Windows\System32\OpenSSH\;C:\Program Files (x86)\NVIDIA Corporation\PhysX\Common;C:\Program Files\NVIDIA Corporation\NVIDIA NvDLISR;D:\Templates\mingw64\bin;D:\xampp\php;C:\Program Files\Common Files\Oracle\Java\javapath;C:\Program Files (x86)\Common Files\Oracle\Java\javapath;C:\Windows\system32;C:\Windows;C:\Windows\System32\Wbem;C:\Windows\System32\WindowsPowerShell\v1.0\;C:\Windows\System32\OpenSSH\;C:\Program Files (x86)\NVIDIA Corporation\PhysX\Common;C:\Program Files\NVIDIA Corporation\NVIDIA NvDLISR;D:\Templates\mingw64\bin;D:\xampp\php;C:\Program Files\Common Files\Oracle\Java\javapath;C:\Program Files (x86)\Common Files\Oracle\Java\javapath;C:\Windows\system32;C:\Windows;C:\Windows\System32\Wbem;C:\Windows\System32\WindowsPowerShell\v1.0\;C:\Windows\System32\OpenSSH\;C:\Program Files (x86)\NV;C:\Users\Pc\.dotnet\tools;D:\Templates\Microsoft VS Code\bin;C:\Users\Pc\IntelliJ IDEA 2023.2.4\bin;;C:\Users\Pc\AppData\Roaming\npm
USERNAME=Pc
OS=Windows_NT
PROCESSOR_IDENTIFIER=AMD64 Family 23 Model 113 Stepping 0, AuthenticAMD
TMP=C:\Users\Pc\AppData\Local\Temp
TEMP=C:\Users\Pc\AppData\Local\Temp



Periodic native trim disabled


---------------  S Y S T E M  ---------------

OS:
 Windows 10 , 64 bit Build 19041 (10.0.19041.4597)
OS uptime: 16 days 4:14 hours

CPU: total 12 (initial active 12) (12 cores per cpu, 2 threads per core) family 23 model 113 stepping 0 microcode 0x0, cx8, cmov, fxsr, ht, mmx, 3dnowpref, sse, sse2, sse3, ssse3, sse4a, sse4.1, sse4.2, popcnt, lzcnt, tsc, tscinvbit, avx, avx2, aes, clmul, bmi1, bmi2, adx, sha, fma, vzeroupper, clflush, clflushopt
Processor Information for all 12 processors :
  Max Mhz: 3600, Current Mhz: 3600, Mhz Limit: 3600

Memory: 4k page, system-wide physical 16310M (4171M free)
TotalPageFile size 18358M (AvailPageFile size 4M)
current process WorkingSet (physical memory assigned to process): 136M, peak: 136M
current process commit charge ("private bytes"): 383M, peak: 383M

vm_info: OpenJDK 64-Bit Server VM (17.0.11+9-LTS) for windows-amd64 JRE (17.0.11+9-LTS), built on Apr 10 2024 22:12:24 by "Administrator" with MS VC++ 16.10 / 16.11 (VS2019)

END.
