#
# There is insufficient memory for the Java Runtime Environment to continue.
# Native memory allocation (mmap) failed to map 268435456 bytes. Error detail: G1 virtual space
# Possible reasons:
#   The system is out of physical RAM or swap space
#   This process is running with CompressedOops enabled, and the Java Heap may be blocking the growth of the native heap
# Possible solutions:
#   Reduce memory load on the system
#   Increase physical memory or swap space
#   Check if swap backing store is full
#   Decrease Java heap size (-Xmx/-Xms)
#   Decrease number of Java threads
#   Decrease Java thread stack sizes (-Xss)
#   Set larger code cache with -XX:ReservedCodeCacheSize=
#   JVM is running with Zero Based Compressed Oops mode in which the Java heap is
#     placed in the first 32GB address space. The Java Heap base address is the
#     maximum limit for the native heap growth. Please use -XX:HeapBaseMinAddress
#     to set the Java Heap base and to place the Java Heap above 32GB virtual address.
# This output file may be truncated or incomplete.
#
#  Out of Memory Error (os_windows.cpp:3613), pid=17372, tid=13828
#
# JRE version:  (17.0.11+9) (build )
# Java VM: OpenJDK 64-Bit Server VM (17.0.11+9-LTS, mixed mode, emulated-client, sharing, tiered, compressed oops, compressed class ptrs, g1 gc, windows-amd64)
# No core dump will be written. Minidumps are not enabled by default on client versions of Windows
#

---------------  S U M M A R Y ------------

Command Line: -XX:TieredStopAtLevel=1 -Dspring.output.ansi.enabled=always -Dcom.sun.management.jmxremote -Dspring.jmx.enabled=true -Dspring.liveBeansView.mbeanDomain -Dspring.application.admin.enabled=true -Dmanagement.endpoints.jmx.exposure.include=* -javaagent:C:\Users\Pc\IntelliJ IDEA 2023.2.4\lib\idea_rt.jar=49347:C:\Users\Pc\IntelliJ IDEA 2023.2.4\bin -Dfile.encoding=UTF-8 com.crud.RankinDigitalCrud.RankinDigitalCrudApplication

Host: AMD Ryzen 5 3600 6-Core Processor              , 12 cores, 15G,  Windows 10 , 64 bit Build 19041 (10.0.19041.4717)
Time: Wed Aug 21 17:05:33 2024 Maroc (heure d64 bit Build 19041 (10.0.19041.4717) elapsed time: 0.013088 seconds (0d 0h 0m 0s)

---------------  T H R E A D  ---------------

Current thread (0x0000018ca6f503e0):  JavaThread "Unknown thread" [_thread_in_vm, id=13828, stack(0x00000064afe00000,0x00000064aff00000)]

Stack: [0x00000064afe00000,0x00000064aff00000]
Native frames: (J=compiled Java code, j=interpreted, Vv=VM code, C=native code)
V  [jvm.dll+0x67d009]
V  [jvm.dll+0x83489a]
V  [jvm.dll+0x83635e]
V  [jvm.dll+0x8369c3]
V  [jvm.dll+0x2479df]
V  [jvm.dll+0x679e49]
V  [jvm.dll+0x66e8ba]
V  [jvm.dll+0x30755b]
V  [jvm.dll+0x30ea06]
V  [jvm.dll+0x35e40e]
V  [jvm.dll+0x35e63f]
V  [jvm.dll+0x2de298]
V  [jvm.dll+0x2df204]
V  [jvm.dll+0x806221]
V  [jvm.dll+0x36c161]
V  [jvm.dll+0x7e4c56]
V  [jvm.dll+0x3ef9cf]
V  [jvm.dll+0x3f1521]
C  [jli.dll+0x528f]
C  [ucrtbase.dll+0x21bb2]
C  [KERNEL32.DLL+0x17374]
C  [ntdll.dll+0x4cc91]


---------------  P R O C E S S  ---------------

Threads class SMR info:
_java_thread_list=0x00007ffe609deed8, length=0, elements={
}

Java Threads: ( => current thread )

Other Threads:
  0x0000018ca4e1e8b0 GCTaskThread "GC Thread#0" [stack: 0x00000064aff00000,0x00000064b0000000] [id=19320]
  0x0000018ca6fc7620 ConcurrentGCThread "G1 Main Marker" [stack: 0x00000064b0000000,0x00000064b0100000] [id=15328]
  0x0000018ca6fc87e0 ConcurrentGCThread "G1 Conc#0" [stack: 0x00000064b0100000,0x00000064b0200000] [id=13984]

[error occurred during error reporting (printing all threads), id 0xc0000005, EXCEPTION_ACCESS_VIOLATION (0xc0000005) at pc=0x00007ffe6019ecd7]

VM state: not at safepoint (not fully initialized)

VM Mutex/Monitor currently owned by a thread:  ([mutex/lock_event])
[0x0000018ca6f4d280] Heap_lock - owner thread: 0x0000018ca6f503e0

Heap address: 0x0000000701200000, size: 4078 MB, Compressed Oops mode: Zero based, Oop shift amount: 3

CDS archive(s) mapped at: [0x0000000000000000-0x0000000000000000-0x0000000000000000), size 0, SharedBaseAddress: 0x0000000800000000, ArchiveRelocationMode: 1.
Narrow klass base: 0x0000000000000000, Narrow klass shift: 0, Narrow klass range: 0x0

GC Precious Log:
<Empty>

Heap:
 garbage-first heap   total 0K, used 0K [0x0000000701200000, 0x0000000800000000)
  region size 2048K, 0 young (0K), 0 survivors (0K)

[error occurred during error reporting (printing heap information), id 0xc0000005, EXCEPTION_ACCESS_VIOLATION (0xc0000005) at pc=0x00007ffe60586d29]

GC Heap History (0 events):
No events

Dll operation events (1 events):
Event: 0.006 Loaded shared library C:\Users\Pc\.jdks\corretto-17.0.11\bin\java.dll

Deoptimization events (0 events):
No events

Classes unloaded (0 events):
No events

Classes redefined (0 events):
No events

Internal exceptions (0 events):
No events

VM Operations (0 events):
No events

Events (0 events):
No events


Dynamic libraries:
0x00007ff623ce0000 - 0x00007ff623cee000 	C:\Users\Pc\.jdks\corretto-17.0.11\bin\java.exe
0x00007ffeec190000 - 0x00007ffeec388000 	C:\Windows\SYSTEM32\ntdll.dll
0x00007ffeae190000 - 0x00007ffeae1aa000 	C:\Program Files\AVG\Antivirus\aswhook.dll
0x00007ffeead40000 - 0x00007ffeeae01000 	C:\Windows\System32\KERNEL32.DLL
0x00007ffee9a70000 - 0x00007ffee9d6d000 	C:\Windows\System32\KERNELBASE.dll
0x00007ffee9d70000 - 0x00007ffee9e70000 	C:\Windows\System32\ucrtbase.dll
0x00007ffecbfd0000 - 0x00007ffecbfeb000 	C:\Users\Pc\.jdks\corretto-17.0.11\bin\VCRUNTIME140.dll
0x00007ffecbfb0000 - 0x00007ffecbfc7000 	C:\Users\Pc\.jdks\corretto-17.0.11\bin\jli.dll
0x00007ffeea5b0000 - 0x00007ffeea74d000 	C:\Windows\System32\USER32.dll
0x00007ffee9a40000 - 0x00007ffee9a62000 	C:\Windows\System32\win32u.dll
0x00007ffee03b0000 - 0x00007ffee064a000 	C:\Windows\WinSxS\amd64_microsoft.windows.common-controls_6595b64144ccf1df_6.0.19041.4355_none_60b8b9eb71f62e16\COMCTL32.dll
0x00007ffeea1d0000 - 0x00007ffeea1fb000 	C:\Windows\System32\GDI32.dll
0x00007ffeeb7b0000 - 0x00007ffeeb84e000 	C:\Windows\System32\msvcrt.dll
0x00007ffee9e70000 - 0x00007ffee9f87000 	C:\Windows\System32\gdi32full.dll
0x00007ffee99a0000 - 0x00007ffee9a3d000 	C:\Windows\System32\msvcp_win.dll
0x00007ffeeba00000 - 0x00007ffeeba2f000 	C:\Windows\System32\IMM32.DLL
0x00007ffecc1a0000 - 0x00007ffecc1ac000 	C:\Users\Pc\.jdks\corretto-17.0.11\bin\vcruntime140_1.dll
0x00007ffecb190000 - 0x00007ffecb21d000 	C:\Users\Pc\.jdks\corretto-17.0.11\bin\msvcp140.dll
0x00007ffe5feb0000 - 0x00007ffe60b12000 	C:\Users\Pc\.jdks\corretto-17.0.11\bin\server\jvm.dll
0x00007ffeeaad0000 - 0x00007ffeeab80000 	C:\Windows\System32\ADVAPI32.dll
0x00007ffeebb10000 - 0x00007ffeebbb0000 	C:\Windows\System32\sechost.dll
0x00007ffeec020000 - 0x00007ffeec143000 	C:\Windows\System32\RPCRT4.dll
0x00007ffee9f90000 - 0x00007ffee9fb7000 	C:\Windows\System32\bcrypt.dll
0x00007ffee8dc0000 - 0x00007ffee8e0b000 	C:\Windows\SYSTEM32\POWRPROF.dll
0x00007ffedd380000 - 0x00007ffedd389000 	C:\Windows\SYSTEM32\WSOCK32.dll
0x00007ffeda910000 - 0x00007ffeda937000 	C:\Windows\SYSTEM32\WINMM.dll
0x00007ffee3dd0000 - 0x00007ffee3dda000 	C:\Windows\SYSTEM32\VERSION.dll
0x00007ffeeb8b0000 - 0x00007ffeeb91b000 	C:\Windows\System32\WS2_32.dll
0x00007ffee8c30000 - 0x00007ffee8c42000 	C:\Windows\SYSTEM32\UMPDC.dll
0x00007ffee76e0000 - 0x00007ffee76f2000 	C:\Windows\SYSTEM32\kernel.appcore.dll
0x00007ffecbfa0000 - 0x00007ffecbfaa000 	C:\Users\Pc\.jdks\corretto-17.0.11\bin\jimage.dll
0x00007ffed9920000 - 0x00007ffed9b04000 	C:\Windows\SYSTEM32\DBGHELP.DLL
0x00007ffeda7b0000 - 0x00007ffeda7e4000 	C:\Windows\SYSTEM32\dbgcore.DLL
0x00007ffeea070000 - 0x00007ffeea0f2000 	C:\Windows\System32\bcryptPrimitives.dll
0x00007ffecac40000 - 0x00007ffecac4e000 	C:\Users\Pc\.jdks\corretto-17.0.11\bin\instrument.dll
0x00007ffecbb80000 - 0x00007ffecbba5000 	C:\Users\Pc\.jdks\corretto-17.0.11\bin\java.dll

dbghelp: loaded successfully - version: 4.0.5 - missing functions: none
symbol engine: initialized successfully - sym options: 0x614 - pdb path: .;C:\Users\Pc\.jdks\corretto-17.0.11\bin;C:\Windows\SYSTEM32;C:\Program Files\AVG\Antivirus;C:\Windows\WinSxS\amd64_microsoft.windows.common-controls_6595b64144ccf1df_6.0.19041.4355_none_60b8b9eb71f62e16;C:\Users\Pc\.jdks\corretto-17.0.11\bin\server

VM Arguments:
jvm_args: -XX:TieredStopAtLevel=1 -Dspring.output.ansi.enabled=always -Dcom.sun.management.jmxremote -Dspring.jmx.enabled=true -Dspring.liveBeansView.mbeanDomain -Dspring.application.admin.enabled=true -Dmanagement.endpoints.jmx.exposure.include=* -javaagent:C:\Users\Pc\IntelliJ IDEA 2023.2.4\lib\idea_rt.jar=49347:C:\Users\Pc\IntelliJ IDEA 2023.2.4\bin -Dfile.encoding=UTF-8 
java_command: com.crud.RankinDigitalCrud.RankinDigitalCrudApplication
java_class_path (initial): D:\Disque C\Bureau\DigitalCrudApp\RankinDigitalCrud\RankinDigitalCrud\target\classes;C:\Users\Pc\.m2\repository\org\keycloak\keycloak-spring-boot-starter\20.0.0\keycloak-spring-boot-starter-20.0.0.jar;C:\Users\Pc\.m2\repository\org\keycloak\keycloak-spring-boot-2-adapter\20.0.0\keycloak-spring-boot-2-adapter-20.0.0.jar;C:\Users\Pc\.m2\repository\org\keycloak\keycloak-spring-boot-adapter-core\20.0.0\keycloak-spring-boot-adapter-core-20.0.0.jar;C:\Users\Pc\.m2\repository\org\keycloak\keycloak-authz-client\20.0.0\keycloak-authz-client-20.0.0.jar;C:\Users\Pc\.m2\repository\org\springframework\boot\spring-boot-starter\3.3.2\spring-boot-starter-3.3.2.jar;C:\Users\Pc\.m2\repository\org\springframework\boot\spring-boot-autoconfigure\3.3.2\spring-boot-autoconfigure-3.3.2.jar;C:\Users\Pc\.m2\repository\org\springframework\boot\spring-boot-starter-logging\3.3.2\spring-boot-starter-logging-3.3.2.jar;C:\Users\Pc\.m2\repository\ch\qos\logback\logback-classic\1.5.6\logback-classic-1.5.6.jar;C:\Users\Pc\.m2\repository\ch\qos\logback\logback-core\1.5.6\logback-core-1.5.6.jar;C:\Users\Pc\.m2\repository\org\apache\logging\log4j\log4j-to-slf4j\2.23.1\log4j-to-slf4j-2.23.1.jar;C:\Users\Pc\.m2\repository\org\slf4j\jul-to-slf4j\2.0.13\jul-to-slf4j-2.0.13.jar;C:\Users\Pc\.m2\repository\jakarta\annotation\jakarta.annotation-api\2.1.1\jakarta.annotation-api-2.1.1.jar;C:\Users\Pc\.m2\repository\org\yaml\snakeyaml\2.2\snakeyaml-2.2.jar;C:\Users\Pc\.m2\repository\org\keycloak\spring-boot-container-bundle\20.0.0\spring-boot-container-bundle-20.0.0.jar;C:\Users\Pc\.m2\repository\org\springframework\boot\spring-boot-starter-oauth2-resource-server\3.3.2\spring-boot-starter-oauth2-resource-server-3.3.2.jar;C:\Users\Pc\.m2\repository\org\springframework\security\spring-security-config\6.3.1\spring-security-config-6.3.1.jar;C:\Users\Pc\.m2\repository\org\springframework\security\spring-security-oauth2-resource-server\6.3.1\spring-security-oauth2-resource-server-6.3.1.jar;C
Launcher Type: SUN_STANDARD

[Global flags]
     intx CICompilerCount                          = 4                                         {product} {ergonomic}
     uint ConcGCThreads                            = 3                                         {product} {ergonomic}
     uint G1ConcRefinementThreads                  = 10                                        {product} {ergonomic}
   size_t G1HeapRegionSize                         = 2097152                                   {product} {ergonomic}
    uintx GCDrainStackTargetSize                   = 64                                        {product} {ergonomic}
   size_t InitialHeapSize                          = 268435456                                 {product} {ergonomic}
     bool ManagementServer                         = true                                      {product} {command line}
   size_t MarkStackSize                            = 4194304                                   {product} {ergonomic}
   size_t MaxHeapSize                              = 4276092928                                {product} {ergonomic}
   size_t MinHeapDeltaBytes                        = 2097152                                   {product} {ergonomic}
   size_t MinHeapSize                              = 8388608                                   {product} {ergonomic}
    uintx NonProfiledCodeHeapSize                  = 0                                      {pd product} {ergonomic}
     bool ProfileInterpreter                       = false                                  {pd product} {command line}
    uintx ProfiledCodeHeapSize                     = 0                                      {pd product} {ergonomic}
   size_t SoftMaxHeapSize                          = 4276092928                             {manageable} {ergonomic}
     intx TieredStopAtLevel                        = 1                                         {product} {command line}
     bool UseCompressedClassPointers               = true                           {product lp64_product} {ergonomic}
     bool UseCompressedOops                        = true                           {product lp64_product} {ergonomic}
     bool UseG1GC                                  = true                                      {product} {ergonomic}
     bool UseLargePagesIndividualAllocation        = false                                  {pd product} {ergonomic}

Logging:
Log output configuration:
 #0: stdout all=warning uptime,level,tags
 #1: stderr all=off uptime,level,tags

Environment Variables:
PATH=C:\Program Files (x86)\VMware\VMware Player\bin\;C:\Program Files\python_new\Scripts\pip.exe;C:\Program Files\Common Files\Oracle\Java\javapath;C:\Program Files (x86)\Common Files\Oracle\Java\javapath;C:\Windows\system32;C:\Windows;C:\Windows\System32\Wbem;C:\Windows\System32\WindowsPowerShell\v1.0\;C:\Windows\System32\OpenSSH\;C:\Program Files (x86)\NVIDIA Corporation\PhysX\Common;C:\Program Files\NVIDIA Corporation\NVIDIA NvDLISR;D:\Templates\mingw64\bin;D:\xampp\php;C:\Users\Your-Username\AppData\Local\Programs\Microsoft VS Code\bin;C:\Program Files\dotnet\;C:\Program Files\nodejs\;C:\Program Files (x86)\GnuWin32\bin;C:\Program Files\Microsoft SQL Server\Client SDK\ODBC\170\Tools\Binn\;C:\Program Files\Git\cmd;C:\Program Files\Docker\Docker\resources\bin;C:\Users\Pc\AppData\Local\Programs\Python\Python311\Scripts\;C:\Users\Pc\AppData\Local\Programs\Python\Python311\;C:\Program Files\Common Files\Oracle\Java\javapath;C:\Program Files (x86)\Common Files\Oracle\Java\javapath;C:\Windows\system32;C:\Windows;C:\Windows\System32\Wbem;C:\Windows\System32\WindowsPowerShell\v1.0\;C:\Windows\System32\OpenSSH\;C:\Program Files (x86)\NVIDIA Corporation\PhysX\Common;C:\Program Files\NVIDIA Corporation\NVIDIA NvDLISR;D:\Templates\mingw64\bin;D:\xampp\php;C:\Program Files\Common Files\Oracle\Java\javapath;C:\Program Files (x86)\Common Files\Oracle\Java\javapath;C:\Windows\system32;C:\Windows;C:\Windows\System32\Wbem;C:\Windows\System32\WindowsPowerShell\v1.0\;C:\Windows\System32\OpenSSH\;C:\Program Files (x86)\NVIDIA Corporation\PhysX\Common;C:\Program Files\NVIDIA Corporation\NVIDIA NvDLISR;D:\Templates\mingw64\bin;D:\xampp\php;C:\Program Files\Common Files\Oracle\Java\javapath;C:\Program Files (x86)\Common Files\Oracle\Java\javapath;C:\Windows\system32;C:\Windows;C:\Windows\System32\Wbem;C:\Windows\System32\WindowsPowerShell\v1.0\;C:\Windows\System32\OpenSSH\;C:\Program Files (x86)\NV;C:\Users\Pc\.dotnet\tools;D:\Templates\Microsoft VS Code\bin;C:\Users\Pc\IntelliJ IDEA 2023
USERNAME=Pc
OS=Windows_NT
PROCESSOR_IDENTIFIER=AMD64 Family 23 Model 113 Stepping 0, AuthenticAMD
TMP=C:\Users\Pc\AppData\Local\Temp
TEMP=C:\Users\Pc\AppData\Local\Temp



Periodic native trim disabled


---------------  S Y S T E M  ---------------

OS:
 Windows 10 , 64 bit Build 19041 (10.0.19041.4717)
OS uptime: 1 days 23:47 hours

CPU: total 12 (initial active 12) (12 cores per cpu, 2 threads per core) family 23 model 113 stepping 0 microcode 0x0, cx8, cmov, fxsr, ht, mmx, 3dnowpref, sse, sse2, sse3, ssse3, sse4a, sse4.1, sse4.2, popcnt, lzcnt, tsc, tscinvbit, avx, avx2, aes, clmul, bmi1, bmi2, adx, sha, fma, vzeroupper, clflush, clflushopt
Processor Information for all 12 processors :
  Max Mhz: 3600, Current Mhz: 3600, Mhz Limit: 3600

Memory: 4k page, system-wide physical 16310M (4434M free)
TotalPageFile size 18358M (AvailPageFile size 104M)
current process WorkingSet (physical memory assigned to process): 11M, peak: 11M
current process commit charge ("private bytes"): 59M, peak: 315M

vm_info: OpenJDK 64-Bit Server VM (17.0.11+9-LTS) for windows-amd64 JRE (17.0.11+9-LTS), built on Apr 10 2024 22:12:24 by "Administrator" with MS VC++ 16.10 / 16.11 (VS2019)

END.
