#
# There is insufficient memory for the Java Runtime Environment to continue.
# Native memory allocation (mmap) failed to map 65536 bytes. Error detail: Failed to commit metaspace.
# Possible reasons:
#   The system is out of physical RAM or swap space
#   This process is running with CompressedOops enabled, and the Java Heap may be blocking the growth of the native heap
# Possible solutions:
#   Reduce memory load on the system
#   Increase physical memory or swap space
#   Check if swap backing store is full
#   Decrease Java heap size (-Xmx/-Xms)
#   Decrease number of Java threads
#   Decrease Java thread stack sizes (-Xss)
#   Set larger code cache with -XX:ReservedCodeCacheSize=
#   JVM is running with Zero Based Compressed Oops mode in which the Java heap is
#     placed in the first 32GB address space. The Java Heap base address is the
#     maximum limit for the native heap growth. Please use -XX:HeapBaseMinAddress
#     to set the Java Heap base and to place the Java Heap above 32GB virtual address.
# This output file may be truncated or incomplete.
#
#  Out of Memory Error (virtualSpaceNode.cpp:110), pid=7264, tid=22096
#
# JRE version: OpenJDK Runtime Environment Corretto-17.0.11.9.1 (17.0.11+9) (build 17.0.11+9-LTS)
# Java VM: OpenJDK 64-Bit Server VM Corretto-17.0.11.9.1 (17.0.11+9-LTS, mixed mode, emulated-client, sharing, tiered, compressed oops, compressed class ptrs, g1 gc, windows-amd64)
# No core dump will be written. Minidumps are not enabled by default on client versions of Windows
#

---------------  S U M M A R Y ------------

Command Line: -XX:TieredStopAtLevel=1 -Dspring.output.ansi.enabled=always -Dcom.sun.management.jmxremote -Dspring.jmx.enabled=true -Dspring.liveBeansView.mbeanDomain -Dspring.application.admin.enabled=true -Dmanagement.endpoints.jmx.exposure.include=* -javaagent:C:\Users\Pc\IntelliJ IDEA 2023.2.4\lib\idea_rt.jar=62546:C:\Users\Pc\IntelliJ IDEA 2023.2.4\bin -Dfile.encoding=UTF-8 com.crud.RankinDigitalCrud.RankinDigitalCrudApplication

Host: AMD Ryzen 5 3600 6-Core Processor              , 12 cores, 15G,  Windows 10 , 64 bit Build 19041 (10.0.19041.4597)
Time: Wed Aug 14 01:54:52 2024 Maroc (heure d64 bit Build 19041 (10.0.19041.4597) elapsed time: 0.269099 seconds (0d 0h 0m 0s)

---------------  T H R E A D  ---------------

Current thread (0x0000019b0b89e630):  JavaThread "main" [_thread_in_vm, id=22096, stack(0x00000087fbd00000,0x00000087fbe00000)]

Stack: [0x00000087fbd00000,0x00000087fbe00000]
Native frames: (J=compiled Java code, j=interpreted, Vv=VM code, C=native code)
V  [jvm.dll+0x67d009]
V  [jvm.dll+0x83489a]
V  [jvm.dll+0x83635e]
V  [jvm.dll+0x8369c3]
V  [jvm.dll+0x2479df]
V  [jvm.dll+0x83055b]
V  [jvm.dll+0x621936]
V  [jvm.dll+0x62199a]
V  [jvm.dll+0x6241ca]
V  [jvm.dll+0x6222d6]
V  [jvm.dll+0x6331d9]
V  [jvm.dll+0x62c474]
V  [jvm.dll+0x382981]
C  0x0000019b14b7c294

The last pc belongs to method entry point (kind = zerolocals) (printed below).
Java frames: (J=compiled Java code, j=interpreted, Vv=VM code)
j  java.security.Provider$EngineDescription.<init>(Ljava/lang/String;ZLjava/lang/String;)V+0 java.base@17.0.11
j  java.security.Provider.addEngine(Ljava/lang/String;ZLjava/lang/String;)V+7 java.base@17.0.11
j  java.security.Provider.<clinit>()V+60 java.base@17.0.11
v  ~StubRoutines::call_stub
j  sun.security.jca.ProviderList.<clinit>()V+44 java.base@17.0.11
v  ~StubRoutines::call_stub
j  sun.security.jca.Providers.<clinit>()V+10 java.base@17.0.11
v  ~StubRoutines::call_stub
j  java.security.SecureRandom.getDefaultPRNG(Z[B)V+5 java.base@17.0.11
j  java.security.SecureRandom.<init>()V+23 java.base@17.0.11
j  java.rmi.server.UID.<init>()V+20 java.rmi@17.0.11
j  java.rmi.server.ObjID.<clinit>()V+14 java.rmi@17.0.11
v  ~StubRoutines::call_stub
j  sun.rmi.transport.LiveRef.<init>(ILjava/rmi/server/RMIClientSocketFactory;Ljava/rmi/server/RMIServerSocketFactory;)V+1 java.rmi@17.0.11
j  sun.rmi.server.UnicastServerRef2.<init>(ILjava/rmi/server/RMIClientSocketFactory;Ljava/rmi/server/RMIServerSocketFactory;Ljava/io/ObjectInputFilter;)V+8 java.rmi@17.0.11
j  sun.management.jmxremote.ConnectorBootstrap$PermanentExporter.exportObject(Ljava/rmi/Remote;ILjava/rmi/server/RMIClientSocketFactory;Ljava/rmi/server/RMIServerSocketFactory;Ljava/io/ObjectInputFilter;)Ljava/rmi/Remote;+72 jdk.management.agent@17.0.11
j  javax.management.remote.rmi.RMIJRMPServerImpl.export(Ljava/rmi/Remote;Ljava/io/ObjectInputFilter;)V+62 java.management.rmi@17.0.11
j  javax.management.remote.rmi.RMIJRMPServerImpl.export()V+6 java.management.rmi@17.0.11
j  javax.management.remote.rmi.RMIConnectorServer.start()V+257 java.management.rmi@17.0.11
j  sun.management.jmxremote.ConnectorBootstrap.startLocalConnectorServer()Ljavax/management/remote/JMXConnectorServer;+290 jdk.management.agent@17.0.11
j  jdk.internal.agent.Agent.startLocalManagementAgent()V+13 jdk.management.agent@17.0.11
j  jdk.internal.agent.Agent.startAgent(Ljava/util/Properties;)V+58 jdk.management.agent@17.0.11
j  jdk.internal.agent.Agent.startAgent()V+20 jdk.management.agent@17.0.11
v  ~StubRoutines::call_stub
method entry point (kind = zerolocals)  [0x0000019b14b7c180, 0x0000019b14b7c460]  736 bytes
[MachCode]
  0x0000019b14b7c180: 488b 5308 | 0fb7 4a2c | 0fb7 522a | 2bd1 81fa | f501 0000 | 0f86 2500 | 0000 488b | c248 c1e0 
  0x0000019b14b7c1a0: 0348 83c0 | 5849 0387 | c003 0000 | 483b e00f | 870a 0000 | 0058 498b | e550 e9c1 | c6ff ff58 
  0x0000019b14b7c1c0: 4c8d 74cc | f885 d20f | 8e09 0000 | 0068 0000 | 0000 ffca | 7ff7 5055 | 488b ec41 | 5568 0000 
  0x0000019b14b7c1e0: 0000 4c8b | 6b08 4d8d | 6d30 5348 | 8b53 0848 | 8b52 0848 | 8b52 1848 | 8b52 7048 | 8b12 5268 
  0x0000019b14b7c200: 0000 0000 | 488b 5308 | 488b 5208 | 488b 5210 | 5241 5641 | 5568 0000 | 0000 4889 | 2424 41c6 
  0x0000019b14b7c220: 8779 0300 | 0001 488b | 4318 4885 | c00f 85b2 | 0000 00e8 | 0500 0000 | e99b 0000 | 0048 8bd3 
  0x0000019b14b7c240: 488d 4424 | 084c 896d | c049 8bcf | c5f8 7749 | 89af a802 | 0000 4989 | 8798 0200 | 0048 83ec 
  0x0000019b14b7c260: 20f7 c40f | 0000 000f | 841a 0000 | 0048 83ec | 0849 ba60 | 29b3 2aff | 7f00 0041 | ffd2 4883 
  0x0000019b14b7c280: c408 e90d | 0000 0049 | ba60 29b3 | 2aff 7f00 | 0041 ffd2 | 4883 c420 | 49c7 8798 | 0200 0000 
  0x0000019b14b7c2a0: 0000 0049 | c787 a802 | 0000 0000 | 0000 49c7 | 87a0 0200 | 0000 0000 | 00c5 f877 | 4981 7f08 
  0x0000019b14b7c2c0: 0000 0000 | 0f84 0500 | 0000 e931 | 4cff ff4c | 8b6d c04c | 8b75 c8c3 | 488b 4318 | 4885 c00f 
  0x0000019b14b7c2e0: 8412 0000 | 008b 4808 | 83c1 0289 | 4808 2348 | 200f 84a2 | 0000 0089 | 8424 00f0 | ffff 8984 
  0x0000019b14b7c300: 2400 e0ff | ff89 8424 | 00d0 ffff | 8984 2400 | c0ff ff89 | 8424 00b0 | ffff 8984 | 2400 a0ff 
  0x0000019b14b7c320: ff89 8424 | 0090 ffff | 41c6 8779 | 0300 0000 | 49ba f935 | 332b ff7f | 0000 4180 | 3a00 0f84 
  0x0000019b14b7c340: 4200 0000 | 488b 55e8 | 498b cf48 | 83ec 20f7 | c40f 0000 | 000f 841a | 0000 0048 | 83ec 0849 
  0x0000019b14b7c360: bac0 2ee9 | 2aff 7f00 | 0041 ffd2 | 4883 c408 | e90d 0000 | 0049 bac0 | 2ee9 2aff | 7f00 0041 
  0x0000019b14b7c380: ffd2 4883 | c420 410f | b65d 0049 | ba50 aa35 | 2bff 7f00 | 0041 ff24 | daba 0000 | 0000 e805 
  0x0000019b14b7c3a0: 0000 00e9 | 9800 0000 | 488d 4424 | 084c 896d | c049 8bcf | c5f8 7749 | 89af a802 | 0000 4989 
  0x0000019b14b7c3c0: 8798 0200 | 0048 83ec | 20f7 c40f | 0000 000f | 841a 0000 | 0048 83ec | 0849 ba50 | 34b3 2aff 
  0x0000019b14b7c3e0: 7f00 0041 | ffd2 4883 | c408 e90d | 0000 0049 | ba50 34b3 | 2aff 7f00 | 0041 ffd2 | 4883 c420 
  0x0000019b14b7c400: 49c7 8798 | 0200 0000 | 0000 0049 | c787 a802 | 0000 0000 | 0000 49c7 | 87a0 0200 | 0000 0000 
  0x0000019b14b7c420: 00c5 f877 | 4981 7f08 | 0000 0000 | 0f84 0500 | 0000 e9c9 | 4aff ff4c | 8b6d c04c | 8b75 c8c3 
  0x0000019b14b7c440: 488b 5de8 | e9ae feff | ff0f 1f80 | 0000 0000 | 0000 0000 | 0000 0000 | 0000 0000 | 0000 0000 
[/MachCode]

---------------  P R O C E S S  ---------------

Threads class SMR info:
_java_thread_list=0x0000019b24dcae60, length=15, elements={
0x0000019b0b89e630, 0x0000019b24b2c010, 0x0000019b24b2ce90, 0x0000019b24b3f6f0,
0x0000019b24b44490, 0x0000019b24b47e70, 0x0000019b24b48830, 0x0000019b24b4c6f0,
0x0000019b24b55100, 0x0000019b24bb2570, 0x0000019b24c360c0, 0x0000019b24c365e0,
0x0000019b24c36ce0, 0x0000019b24f1dff0, 0x0000019b24f1e4d0
}

Java Threads: ( => current thread )
=>0x0000019b0b89e630 JavaThread "main" [_thread_in_vm, id=22096, stack(0x00000087fbd00000,0x00000087fbe00000)]
  0x0000019b24b2c010 JavaThread "Reference Handler" daemon [_thread_blocked, id=11828, stack(0x00000087fc400000,0x00000087fc500000)]
  0x0000019b24b2ce90 JavaThread "Finalizer" daemon [_thread_blocked, id=19004, stack(0x00000087fc500000,0x00000087fc600000)]
  0x0000019b24b3f6f0 JavaThread "Signal Dispatcher" daemon [_thread_blocked, id=13768, stack(0x00000087fc600000,0x00000087fc700000)]
  0x0000019b24b44490 JavaThread "Attach Listener" daemon [_thread_blocked, id=23264, stack(0x00000087fc700000,0x00000087fc800000)]
  0x0000019b24b47e70 JavaThread "Service Thread" daemon [_thread_blocked, id=14476, stack(0x00000087fc800000,0x00000087fc900000)]
  0x0000019b24b48830 JavaThread "Monitor Deflation Thread" daemon [_thread_blocked, id=18964, stack(0x00000087fc900000,0x00000087fca00000)]
  0x0000019b24b4c6f0 JavaThread "C1 CompilerThread0" daemon [_thread_blocked, id=17532, stack(0x00000087fca00000,0x00000087fcb00000)]
  0x0000019b24b55100 JavaThread "Sweeper thread" daemon [_thread_blocked, id=9152, stack(0x00000087fcb00000,0x00000087fcc00000)]
  0x0000019b24bb2570 JavaThread "Common-Cleaner" daemon [_thread_blocked, id=13532, stack(0x00000087fcc00000,0x00000087fcd00000)]
  0x0000019b24c360c0 JavaThread "C1 CompilerThread1" daemon [_thread_blocked, id=15692, stack(0x00000087fcd00000,0x00000087fce00000)]
  0x0000019b24c365e0 JavaThread "C1 CompilerThread2" daemon [_thread_blocked, id=14576, stack(0x00000087fce00000,0x00000087fcf00000)]
  0x0000019b24c36ce0 JavaThread "C1 CompilerThread3" daemon [_thread_blocked, id=14580, stack(0x00000087fcf00000,0x00000087fd000000)]
  0x0000019b24f1dff0 JavaThread "Monitor Ctrl-Break" daemon [_thread_in_native, id=9512, stack(0x00000087fd000000,0x00000087fd100000)]
  0x0000019b24f1e4d0 JavaThread "Notification Thread" daemon [_thread_blocked, id=3764, stack(0x00000087fd100000,0x00000087fd200000)]

Other Threads:
  0x0000019b24a0ed20 VMThread "VM Thread" [stack: 0x00000087fc300000,0x00000087fc400000] [id=14596]
  0x0000019b0b68e7b0 GCTaskThread "GC Thread#0" [stack: 0x00000087fbe00000,0x00000087fbf00000] [id=15300]
  0x0000019b0b916950 ConcurrentGCThread "G1 Main Marker" [stack: 0x00000087fbf00000,0x00000087fc000000] [id=19420]
  0x0000019b0b919b10 ConcurrentGCThread "G1 Conc#0" [stack: 0x00000087fc000000,0x00000087fc100000] [id=15760]
  0x0000019b248cd2c0 ConcurrentGCThread "G1 Refine#0" [stack: 0x00000087fc100000,0x00000087fc200000] [id=5112]
  0x0000019b248cdcf0 ConcurrentGCThread "G1 Service" [stack: 0x00000087fc200000,0x00000087fc300000] [id=9344]

Threads with active compile tasks:

VM state: not at safepoint (normal execution)

VM Mutex/Monitor currently owned by a thread:  ([mutex/lock_event])
[0x0000019b0b8988e0] Metaspace_lock - owner thread: 0x0000019b0b89e630

Heap address: 0x0000000701200000, size: 4078 MB, Compressed Oops mode: Zero based, Oop shift amount: 3

CDS archive(s) mapped at: [0x0000019b25000000-0x0000019b25bb0000-0x0000019b25bb0000), size 12255232, SharedBaseAddress: 0x0000019b25000000, ArchiveRelocationMode: 1.
Compressed class space mapped at: 0x0000019b26000000-0x0000019b66000000, reserved size: 1073741824
Narrow klass base: 0x0000019b25000000, Narrow klass shift: 0, Narrow klass range: 0x100000000

GC Precious Log:
 CPUs: 12 total, 12 available
 Memory: 16310M
 Large Page Support: Disabled
 NUMA Support: Disabled
 Compressed Oops: Enabled (Zero based)
 Heap Region Size: 2M
 Heap Min Capacity: 8M
 Heap Initial Capacity: 256M
 Heap Max Capacity: 4078M
 Pre-touch: Disabled
 Parallel Workers: 10
 Concurrent Workers: 3
 Concurrent Refinement Workers: 10
 Periodic GC: Disabled

Heap:
 garbage-first heap   total 262144K, used 12288K [0x0000000701200000, 0x0000000800000000)
  region size 2048K, 8 young (16384K), 0 survivors (0K)
 Metaspace       used 3262K, committed 3392K, reserved 1114112K
  class space    used 392K, committed 448K, reserved 1048576K

Heap Regions: E=young(eden), S=young(survivor), O=old, HS=humongous(starts), HC=humongous(continues), CS=collection set, F=free, OA=open archive, CA=closed archive, TAMS=top-at-mark-start (previous, next)
|   0|0x0000000701200000, 0x0000000701200000, 0x0000000701400000|  0%| F|  |TAMS 0x0000000701200000, 0x0000000701200000| Untracked 
|   1|0x0000000701400000, 0x0000000701400000, 0x0000000701600000|  0%| F|  |TAMS 0x0000000701400000, 0x0000000701400000| Untracked 
|   2|0x0000000701600000, 0x0000000701600000, 0x0000000701800000|  0%| F|  |TAMS 0x0000000701600000, 0x0000000701600000| Untracked 
|   3|0x0000000701800000, 0x0000000701800000, 0x0000000701a00000|  0%| F|  |TAMS 0x0000000701800000, 0x0000000701800000| Untracked 
|   4|0x0000000701a00000, 0x0000000701a00000, 0x0000000701c00000|  0%| F|  |TAMS 0x0000000701a00000, 0x0000000701a00000| Untracked 
|   5|0x0000000701c00000, 0x0000000701c00000, 0x0000000701e00000|  0%| F|  |TAMS 0x0000000701c00000, 0x0000000701c00000| Untracked 
|   6|0x0000000701e00000, 0x0000000701e00000, 0x0000000702000000|  0%| F|  |TAMS 0x0000000701e00000, 0x0000000701e00000| Untracked 
|   7|0x0000000702000000, 0x0000000702000000, 0x0000000702200000|  0%| F|  |TAMS 0x0000000702000000, 0x0000000702000000| Untracked 
|   8|0x0000000702200000, 0x0000000702200000, 0x0000000702400000|  0%| F|  |TAMS 0x0000000702200000, 0x0000000702200000| Untracked 
|   9|0x0000000702400000, 0x0000000702400000, 0x0000000702600000|  0%| F|  |TAMS 0x0000000702400000, 0x0000000702400000| Untracked 
|  10|0x0000000702600000, 0x0000000702600000, 0x0000000702800000|  0%| F|  |TAMS 0x0000000702600000, 0x0000000702600000| Untracked 
|  11|0x0000000702800000, 0x0000000702800000, 0x0000000702a00000|  0%| F|  |TAMS 0x0000000702800000, 0x0000000702800000| Untracked 
|  12|0x0000000702a00000, 0x0000000702a00000, 0x0000000702c00000|  0%| F|  |TAMS 0x0000000702a00000, 0x0000000702a00000| Untracked 
|  13|0x0000000702c00000, 0x0000000702c00000, 0x0000000702e00000|  0%| F|  |TAMS 0x0000000702c00000, 0x0000000702c00000| Untracked 
|  14|0x0000000702e00000, 0x0000000702e00000, 0x0000000703000000|  0%| F|  |TAMS 0x0000000702e00000, 0x0000000702e00000| Untracked 
|  15|0x0000000703000000, 0x0000000703000000, 0x0000000703200000|  0%| F|  |TAMS 0x0000000703000000, 0x0000000703000000| Untracked 
|  16|0x0000000703200000, 0x0000000703200000, 0x0000000703400000|  0%| F|  |TAMS 0x0000000703200000, 0x0000000703200000| Untracked 
|  17|0x0000000703400000, 0x0000000703400000, 0x0000000703600000|  0%| F|  |TAMS 0x0000000703400000, 0x0000000703400000| Untracked 
|  18|0x0000000703600000, 0x0000000703600000, 0x0000000703800000|  0%| F|  |TAMS 0x0000000703600000, 0x0000000703600000| Untracked 
|  19|0x0000000703800000, 0x0000000703800000, 0x0000000703a00000|  0%| F|  |TAMS 0x0000000703800000, 0x0000000703800000| Untracked 
|  20|0x0000000703a00000, 0x0000000703a00000, 0x0000000703c00000|  0%| F|  |TAMS 0x0000000703a00000, 0x0000000703a00000| Untracked 
|  21|0x0000000703c00000, 0x0000000703c00000, 0x0000000703e00000|  0%| F|  |TAMS 0x0000000703c00000, 0x0000000703c00000| Untracked 
|  22|0x0000000703e00000, 0x0000000703e00000, 0x0000000704000000|  0%| F|  |TAMS 0x0000000703e00000, 0x0000000703e00000| Untracked 
|  23|0x0000000704000000, 0x0000000704000000, 0x0000000704200000|  0%| F|  |TAMS 0x0000000704000000, 0x0000000704000000| Untracked 
|  24|0x0000000704200000, 0x0000000704200000, 0x0000000704400000|  0%| F|  |TAMS 0x0000000704200000, 0x0000000704200000| Untracked 
|  25|0x0000000704400000, 0x0000000704400000, 0x0000000704600000|  0%| F|  |TAMS 0x0000000704400000, 0x0000000704400000| Untracked 
|  26|0x0000000704600000, 0x0000000704600000, 0x0000000704800000|  0%| F|  |TAMS 0x0000000704600000, 0x0000000704600000| Untracked 
|  27|0x0000000704800000, 0x0000000704800000, 0x0000000704a00000|  0%| F|  |TAMS 0x0000000704800000, 0x0000000704800000| Untracked 
|  28|0x0000000704a00000, 0x0000000704a00000, 0x0000000704c00000|  0%| F|  |TAMS 0x0000000704a00000, 0x0000000704a00000| Untracked 
|  29|0x0000000704c00000, 0x0000000704c00000, 0x0000000704e00000|  0%| F|  |TAMS 0x0000000704c00000, 0x0000000704c00000| Untracked 
|  30|0x0000000704e00000, 0x0000000704e00000, 0x0000000705000000|  0%| F|  |TAMS 0x0000000704e00000, 0x0000000704e00000| Untracked 
|  31|0x0000000705000000, 0x0000000705000000, 0x0000000705200000|  0%| F|  |TAMS 0x0000000705000000, 0x0000000705000000| Untracked 
|  32|0x0000000705200000, 0x0000000705200000, 0x0000000705400000|  0%| F|  |TAMS 0x0000000705200000, 0x0000000705200000| Untracked 
|  33|0x0000000705400000, 0x0000000705400000, 0x0000000705600000|  0%| F|  |TAMS 0x0000000705400000, 0x0000000705400000| Untracked 
|  34|0x0000000705600000, 0x0000000705600000, 0x0000000705800000|  0%| F|  |TAMS 0x0000000705600000, 0x0000000705600000| Untracked 
|  35|0x0000000705800000, 0x0000000705800000, 0x0000000705a00000|  0%| F|  |TAMS 0x0000000705800000, 0x0000000705800000| Untracked 
|  36|0x0000000705a00000, 0x0000000705a00000, 0x0000000705c00000|  0%| F|  |TAMS 0x0000000705a00000, 0x0000000705a00000| Untracked 
|  37|0x0000000705c00000, 0x0000000705c00000, 0x0000000705e00000|  0%| F|  |TAMS 0x0000000705c00000, 0x0000000705c00000| Untracked 
|  38|0x0000000705e00000, 0x0000000705e00000, 0x0000000706000000|  0%| F|  |TAMS 0x0000000705e00000, 0x0000000705e00000| Untracked 
|  39|0x0000000706000000, 0x0000000706000000, 0x0000000706200000|  0%| F|  |TAMS 0x0000000706000000, 0x0000000706000000| Untracked 
|  40|0x0000000706200000, 0x0000000706200000, 0x0000000706400000|  0%| F|  |TAMS 0x0000000706200000, 0x0000000706200000| Untracked 
|  41|0x0000000706400000, 0x0000000706400000, 0x0000000706600000|  0%| F|  |TAMS 0x0000000706400000, 0x0000000706400000| Untracked 
|  42|0x0000000706600000, 0x0000000706600000, 0x0000000706800000|  0%| F|  |TAMS 0x0000000706600000, 0x0000000706600000| Untracked 
|  43|0x0000000706800000, 0x0000000706800000, 0x0000000706a00000|  0%| F|  |TAMS 0x0000000706800000, 0x0000000706800000| Untracked 
|  44|0x0000000706a00000, 0x0000000706a00000, 0x0000000706c00000|  0%| F|  |TAMS 0x0000000706a00000, 0x0000000706a00000| Untracked 
|  45|0x0000000706c00000, 0x0000000706c00000, 0x0000000706e00000|  0%| F|  |TAMS 0x0000000706c00000, 0x0000000706c00000| Untracked 
|  46|0x0000000706e00000, 0x0000000706e00000, 0x0000000707000000|  0%| F|  |TAMS 0x0000000706e00000, 0x0000000706e00000| Untracked 
|  47|0x0000000707000000, 0x0000000707000000, 0x0000000707200000|  0%| F|  |TAMS 0x0000000707000000, 0x0000000707000000| Untracked 
|  48|0x0000000707200000, 0x0000000707200000, 0x0000000707400000|  0%| F|  |TAMS 0x0000000707200000, 0x0000000707200000| Untracked 
|  49|0x0000000707400000, 0x0000000707400000, 0x0000000707600000|  0%| F|  |TAMS 0x0000000707400000, 0x0000000707400000| Untracked 
|  50|0x0000000707600000, 0x0000000707600000, 0x0000000707800000|  0%| F|  |TAMS 0x0000000707600000, 0x0000000707600000| Untracked 
|  51|0x0000000707800000, 0x0000000707800000, 0x0000000707a00000|  0%| F|  |TAMS 0x0000000707800000, 0x0000000707800000| Untracked 
|  52|0x0000000707a00000, 0x0000000707a00000, 0x0000000707c00000|  0%| F|  |TAMS 0x0000000707a00000, 0x0000000707a00000| Untracked 
|  53|0x0000000707c00000, 0x0000000707c00000, 0x0000000707e00000|  0%| F|  |TAMS 0x0000000707c00000, 0x0000000707c00000| Untracked 
|  54|0x0000000707e00000, 0x0000000707e00000, 0x0000000708000000|  0%| F|  |TAMS 0x0000000707e00000, 0x0000000707e00000| Untracked 
|  55|0x0000000708000000, 0x0000000708000000, 0x0000000708200000|  0%| F|  |TAMS 0x0000000708000000, 0x0000000708000000| Untracked 
|  56|0x0000000708200000, 0x0000000708200000, 0x0000000708400000|  0%| F|  |TAMS 0x0000000708200000, 0x0000000708200000| Untracked 
|  57|0x0000000708400000, 0x0000000708400000, 0x0000000708600000|  0%| F|  |TAMS 0x0000000708400000, 0x0000000708400000| Untracked 
|  58|0x0000000708600000, 0x0000000708600000, 0x0000000708800000|  0%| F|  |TAMS 0x0000000708600000, 0x0000000708600000| Untracked 
|  59|0x0000000708800000, 0x0000000708800000, 0x0000000708a00000|  0%| F|  |TAMS 0x0000000708800000, 0x0000000708800000| Untracked 
|  60|0x0000000708a00000, 0x0000000708a00000, 0x0000000708c00000|  0%| F|  |TAMS 0x0000000708a00000, 0x0000000708a00000| Untracked 
|  61|0x0000000708c00000, 0x0000000708c00000, 0x0000000708e00000|  0%| F|  |TAMS 0x0000000708c00000, 0x0000000708c00000| Untracked 
|  62|0x0000000708e00000, 0x0000000708e00000, 0x0000000709000000|  0%| F|  |TAMS 0x0000000708e00000, 0x0000000708e00000| Untracked 
|  63|0x0000000709000000, 0x0000000709000000, 0x0000000709200000|  0%| F|  |TAMS 0x0000000709000000, 0x0000000709000000| Untracked 
|  64|0x0000000709200000, 0x0000000709200000, 0x0000000709400000|  0%| F|  |TAMS 0x0000000709200000, 0x0000000709200000| Untracked 
|  65|0x0000000709400000, 0x0000000709400000, 0x0000000709600000|  0%| F|  |TAMS 0x0000000709400000, 0x0000000709400000| Untracked 
|  66|0x0000000709600000, 0x0000000709600000, 0x0000000709800000|  0%| F|  |TAMS 0x0000000709600000, 0x0000000709600000| Untracked 
|  67|0x0000000709800000, 0x0000000709800000, 0x0000000709a00000|  0%| F|  |TAMS 0x0000000709800000, 0x0000000709800000| Untracked 
|  68|0x0000000709a00000, 0x0000000709a00000, 0x0000000709c00000|  0%| F|  |TAMS 0x0000000709a00000, 0x0000000709a00000| Untracked 
|  69|0x0000000709c00000, 0x0000000709c00000, 0x0000000709e00000|  0%| F|  |TAMS 0x0000000709c00000, 0x0000000709c00000| Untracked 
|  70|0x0000000709e00000, 0x0000000709e00000, 0x000000070a000000|  0%| F|  |TAMS 0x0000000709e00000, 0x0000000709e00000| Untracked 
|  71|0x000000070a000000, 0x000000070a000000, 0x000000070a200000|  0%| F|  |TAMS 0x000000070a000000, 0x000000070a000000| Untracked 
|  72|0x000000070a200000, 0x000000070a200000, 0x000000070a400000|  0%| F|  |TAMS 0x000000070a200000, 0x000000070a200000| Untracked 
|  73|0x000000070a400000, 0x000000070a400000, 0x000000070a600000|  0%| F|  |TAMS 0x000000070a400000, 0x000000070a400000| Untracked 
|  74|0x000000070a600000, 0x000000070a600000, 0x000000070a800000|  0%| F|  |TAMS 0x000000070a600000, 0x000000070a600000| Untracked 
|  75|0x000000070a800000, 0x000000070a800000, 0x000000070aa00000|  0%| F|  |TAMS 0x000000070a800000, 0x000000070a800000| Untracked 
|  76|0x000000070aa00000, 0x000000070aa00000, 0x000000070ac00000|  0%| F|  |TAMS 0x000000070aa00000, 0x000000070aa00000| Untracked 
|  77|0x000000070ac00000, 0x000000070ac00000, 0x000000070ae00000|  0%| F|  |TAMS 0x000000070ac00000, 0x000000070ac00000| Untracked 
|  78|0x000000070ae00000, 0x000000070ae00000, 0x000000070b000000|  0%| F|  |TAMS 0x000000070ae00000, 0x000000070ae00000| Untracked 
|  79|0x000000070b000000, 0x000000070b000000, 0x000000070b200000|  0%| F|  |TAMS 0x000000070b000000, 0x000000070b000000| Untracked 
|  80|0x000000070b200000, 0x000000070b200000, 0x000000070b400000|  0%| F|  |TAMS 0x000000070b200000, 0x000000070b200000| Untracked 
|  81|0x000000070b400000, 0x000000070b400000, 0x000000070b600000|  0%| F|  |TAMS 0x000000070b400000, 0x000000070b400000| Untracked 
|  82|0x000000070b600000, 0x000000070b600000, 0x000000070b800000|  0%| F|  |TAMS 0x000000070b600000, 0x000000070b600000| Untracked 
|  83|0x000000070b800000, 0x000000070b800000, 0x000000070ba00000|  0%| F|  |TAMS 0x000000070b800000, 0x000000070b800000| Untracked 
|  84|0x000000070ba00000, 0x000000070ba00000, 0x000000070bc00000|  0%| F|  |TAMS 0x000000070ba00000, 0x000000070ba00000| Untracked 
|  85|0x000000070bc00000, 0x000000070bc00000, 0x000000070be00000|  0%| F|  |TAMS 0x000000070bc00000, 0x000000070bc00000| Untracked 
|  86|0x000000070be00000, 0x000000070be00000, 0x000000070c000000|  0%| F|  |TAMS 0x000000070be00000, 0x000000070be00000| Untracked 
|  87|0x000000070c000000, 0x000000070c000000, 0x000000070c200000|  0%| F|  |TAMS 0x000000070c000000, 0x000000070c000000| Untracked 
|  88|0x000000070c200000, 0x000000070c200000, 0x000000070c400000|  0%| F|  |TAMS 0x000000070c200000, 0x000000070c200000| Untracked 
|  89|0x000000070c400000, 0x000000070c400000, 0x000000070c600000|  0%| F|  |TAMS 0x000000070c400000, 0x000000070c400000| Untracked 
|  90|0x000000070c600000, 0x000000070c600000, 0x000000070c800000|  0%| F|  |TAMS 0x000000070c600000, 0x000000070c600000| Untracked 
|  91|0x000000070c800000, 0x000000070c800000, 0x000000070ca00000|  0%| F|  |TAMS 0x000000070c800000, 0x000000070c800000| Untracked 
|  92|0x000000070ca00000, 0x000000070ca00000, 0x000000070cc00000|  0%| F|  |TAMS 0x000000070ca00000, 0x000000070ca00000| Untracked 
|  93|0x000000070cc00000, 0x000000070cc00000, 0x000000070ce00000|  0%| F|  |TAMS 0x000000070cc00000, 0x000000070cc00000| Untracked 
|  94|0x000000070ce00000, 0x000000070ce00000, 0x000000070d000000|  0%| F|  |TAMS 0x000000070ce00000, 0x000000070ce00000| Untracked 
|  95|0x000000070d000000, 0x000000070d000000, 0x000000070d200000|  0%| F|  |TAMS 0x000000070d000000, 0x000000070d000000| Untracked 
|  96|0x000000070d200000, 0x000000070d200000, 0x000000070d400000|  0%| F|  |TAMS 0x000000070d200000, 0x000000070d200000| Untracked 
|  97|0x000000070d400000, 0x000000070d400000, 0x000000070d600000|  0%| F|  |TAMS 0x000000070d400000, 0x000000070d400000| Untracked 
|  98|0x000000070d600000, 0x000000070d600000, 0x000000070d800000|  0%| F|  |TAMS 0x000000070d600000, 0x000000070d600000| Untracked 
|  99|0x000000070d800000, 0x000000070d800000, 0x000000070da00000|  0%| F|  |TAMS 0x000000070d800000, 0x000000070d800000| Untracked 
| 100|0x000000070da00000, 0x000000070da00000, 0x000000070dc00000|  0%| F|  |TAMS 0x000000070da00000, 0x000000070da00000| Untracked 
| 101|0x000000070dc00000, 0x000000070dc00000, 0x000000070de00000|  0%| F|  |TAMS 0x000000070dc00000, 0x000000070dc00000| Untracked 
| 102|0x000000070de00000, 0x000000070de00000, 0x000000070e000000|  0%| F|  |TAMS 0x000000070de00000, 0x000000070de00000| Untracked 
| 103|0x000000070e000000, 0x000000070e000000, 0x000000070e200000|  0%| F|  |TAMS 0x000000070e000000, 0x000000070e000000| Untracked 
| 104|0x000000070e200000, 0x000000070e200000, 0x000000070e400000|  0%| F|  |TAMS 0x000000070e200000, 0x000000070e200000| Untracked 
| 105|0x000000070e400000, 0x000000070e400000, 0x000000070e600000|  0%| F|  |TAMS 0x000000070e400000, 0x000000070e400000| Untracked 
| 106|0x000000070e600000, 0x000000070e600000, 0x000000070e800000|  0%| F|  |TAMS 0x000000070e600000, 0x000000070e600000| Untracked 
| 107|0x000000070e800000, 0x000000070e800000, 0x000000070ea00000|  0%| F|  |TAMS 0x000000070e800000, 0x000000070e800000| Untracked 
| 108|0x000000070ea00000, 0x000000070ea00000, 0x000000070ec00000|  0%| F|  |TAMS 0x000000070ea00000, 0x000000070ea00000| Untracked 
| 109|0x000000070ec00000, 0x000000070ec00000, 0x000000070ee00000|  0%| F|  |TAMS 0x000000070ec00000, 0x000000070ec00000| Untracked 
| 110|0x000000070ee00000, 0x000000070ee00000, 0x000000070f000000|  0%| F|  |TAMS 0x000000070ee00000, 0x000000070ee00000| Untracked 
| 111|0x000000070f000000, 0x000000070f000000, 0x000000070f200000|  0%| F|  |TAMS 0x000000070f000000, 0x000000070f000000| Untracked 
| 112|0x000000070f200000, 0x000000070f200000, 0x000000070f400000|  0%| F|  |TAMS 0x000000070f200000, 0x000000070f200000| Untracked 
| 113|0x000000070f400000, 0x000000070f400000, 0x000000070f600000|  0%| F|  |TAMS 0x000000070f400000, 0x000000070f400000| Untracked 
| 114|0x000000070f600000, 0x000000070f600000, 0x000000070f800000|  0%| F|  |TAMS 0x000000070f600000, 0x000000070f600000| Untracked 
| 115|0x000000070f800000, 0x000000070f800000, 0x000000070fa00000|  0%| F|  |TAMS 0x000000070f800000, 0x000000070f800000| Untracked 
| 116|0x000000070fa00000, 0x000000070fa00000, 0x000000070fc00000|  0%| F|  |TAMS 0x000000070fa00000, 0x000000070fa00000| Untracked 
| 117|0x000000070fc00000, 0x000000070fc00000, 0x000000070fe00000|  0%| F|  |TAMS 0x000000070fc00000, 0x000000070fc00000| Untracked 
| 118|0x000000070fe00000, 0x000000070fe00000, 0x0000000710000000|  0%| F|  |TAMS 0x000000070fe00000, 0x000000070fe00000| Untracked 
| 119|0x0000000710000000, 0x0000000710000000, 0x0000000710200000|  0%| F|  |TAMS 0x0000000710000000, 0x0000000710000000| Untracked 
| 120|0x0000000710200000, 0x0000000710354700, 0x0000000710400000| 66%| E|  |TAMS 0x0000000710200000, 0x0000000710200000| Complete 
| 121|0x0000000710400000, 0x0000000710600000, 0x0000000710600000|100%| E|CS|TAMS 0x0000000710400000, 0x0000000710400000| Complete 
| 122|0x0000000710600000, 0x0000000710800000, 0x0000000710800000|100%| E|CS|TAMS 0x0000000710600000, 0x0000000710600000| Complete 
| 123|0x0000000710800000, 0x0000000710a00000, 0x0000000710a00000|100%| E|CS|TAMS 0x0000000710800000, 0x0000000710800000| Complete 
| 124|0x0000000710a00000, 0x0000000710c00000, 0x0000000710c00000|100%| E|  |TAMS 0x0000000710a00000, 0x0000000710a00000| Complete 
| 125|0x0000000710c00000, 0x0000000710e00000, 0x0000000710e00000|100%| E|CS|TAMS 0x0000000710c00000, 0x0000000710c00000| Complete 
| 126|0x0000000710e00000, 0x0000000711000000, 0x0000000711000000|100%| E|CS|TAMS 0x0000000710e00000, 0x0000000710e00000| Complete 
| 127|0x0000000711000000, 0x0000000711200000, 0x0000000711200000|100%| E|CS|TAMS 0x0000000711000000, 0x0000000711000000| Complete 

Card table byte_map: [0x0000019b18e70000,0x0000019b19670000] _byte_map_base: 0x0000019b15667000

Marking Bits (Prev, Next): (CMBitMap*) 0x0000019b0b906150, (CMBitMap*) 0x0000019b0b906190
 Prev Bits: [0x0000019b19e70000, 0x0000019b1de28000)
 Next Bits: [0x0000019b1de30000, 0x0000019b21de8000)

Polling page: 0x0000019b0b560000

Metaspace:

Usage:
  Non-class:      2.80 MB used.
      Class:    392.69 KB used.
       Both:      3.19 MB used.

Virtual space:
  Non-class space:       64.00 MB reserved,       2.88 MB (  4%) committed,  1 nodes.
      Class space:        1.00 GB reserved,     448.00 KB ( <1%) committed,  1 nodes.
             Both:        1.06 GB reserved,       3.31 MB ( <1%) committed. 

Chunk freelists:
   Non-Class:  11.93 MB
       Class:  15.59 MB
        Both:  27.52 MB

MaxMetaspaceSize: unlimited
CompressedClassSpaceSize: 1.00 GB
Initial GC threshold: 21.00 MB
Current GC threshold: 21.00 MB
CDS: on
MetaspaceReclaimPolicy: balanced
 - commit_granule_bytes: 65536.
 - commit_granule_words: 8192.
 - virtual_space_node_default_size: 8388608.
 - enlarge_chunks_in_place: 1.
 - new_chunks_are_fully_committed: 0.
 - uncommit_free_chunks: 1.
 - use_allocation_guard: 0.
 - handle_deallocations: 1.


Internal statistics:

num_allocs_failed_limit: 0.
num_arena_births: 66.
num_arena_deaths: 0.
num_vsnodes_births: 2.
num_vsnodes_deaths: 0.
num_space_committed: 53.
num_space_uncommitted: 0.
num_chunks_returned_to_freelist: 0.
num_chunks_taken_from_freelist: 73.
num_chunk_merges: 0.
num_chunk_splits: 49.
num_chunks_enlarged: 28.
num_inconsistent_stats: 0.

CodeCache: size=49152Kb used=3790Kb max_used=3790Kb free=45361Kb
 bounds [0x0000019b14b70000, 0x0000019b14f30000, 0x0000019b17b70000]
 total_blobs=1199 nmethods=774 adapters=350
 compilation: enabled
              stopped_count=0, restarted_count=0
 full_count=0

Compilation events (20 events):
Event: 0.266 Thread 0x0000019b24c365e0  765       1       java.nio.ByteBuffer::position (8 bytes)
Event: 0.266 Thread 0x0000019b24b4c6f0  766       1       java.lang.invoke.MethodHandles$Lookup::isClassAccessible (53 bytes)
Event: 0.266 Thread 0x0000019b24c360c0  767       1       java.lang.invoke.MethodTypeForm::cachedLambdaForm (23 bytes)
Event: 0.266 Thread 0x0000019b24c365e0 nmethod 765 0x0000019b14f21010 code [0x0000019b14f211a0, 0x0000019b14f21288]
Event: 0.266 Thread 0x0000019b24c360c0 nmethod 767 0x0000019b14f21310 code [0x0000019b14f214c0, 0x0000019b14f21698]
Event: 0.266 Thread 0x0000019b24c365e0  768       1       java.util.Properties::getProperty (50 bytes)
Event: 0.266 Thread 0x0000019b24c360c0  769       1       java.util.logging.Logger::getName (5 bytes)
Event: 0.266 Thread 0x0000019b24b4c6f0 nmethod 766 0x0000019b14f21790 code [0x0000019b14f21960, 0x0000019b14f21bd8]
Event: 0.266 Thread 0x0000019b24c360c0 nmethod 769 0x0000019b14f21d90 code [0x0000019b14f21f20, 0x0000019b14f21ff8]
Event: 0.266 Thread 0x0000019b24c365e0 nmethod 768 0x0000019b14f22090 code [0x0000019b14f22240, 0x0000019b14f22418]
Event: 0.266 Thread 0x0000019b24c365e0  770       1       java.lang.String::equalsIgnoreCase (45 bytes)
Event: 0.266 Thread 0x0000019b24c36ce0  771       1       java.lang.invoke.InfoFromMemberName::getReferenceKind (5 bytes)
Event: 0.266 Thread 0x0000019b24c36ce0 nmethod 771 0x0000019b14f22590 code [0x0000019b14f22720, 0x0000019b14f227f8]
Event: 0.266 Thread 0x0000019b24c365e0 nmethod 770 0x0000019b14f22890 code [0x0000019b14f22a20, 0x0000019b14f22ba8]
Event: 0.266 Thread 0x0000019b24c365e0  772       1       java.lang.invoke.DirectMethodHandle$Holder::invokeStatic (15 bytes)
Event: 0.266 Thread 0x0000019b24c360c0  773       1       java.lang.reflect.Modifier::isFinal (13 bytes)
Event: 0.266 Thread 0x0000019b24c365e0 nmethod 772 0x0000019b14f22c90 code [0x0000019b14f22e40, 0x0000019b14f22f58]
Event: 0.266 Thread 0x0000019b24c360c0 nmethod 773 0x0000019b14f23010 code [0x0000019b14f231a0, 0x0000019b14f23258]
Event: 0.266 Thread 0x0000019b24c360c0  774       1       java.lang.invoke.TypeConvertingMethodAdapter::descriptorToName (36 bytes)
Event: 0.267 Thread 0x0000019b24c360c0 nmethod 774 0x0000019b14f23310 code [0x0000019b14f23500, 0x0000019b14f238c8]

GC Heap History (0 events):
No events

Dll operation events (12 events):
Event: 0.006 Loaded shared library C:\Users\Pc\.jdks\corretto-17.0.11\bin\java.dll
Event: 0.023 Loaded shared library C:\Users\Pc\.jdks\corretto-17.0.11\bin\jsvml.dll
Event: 0.097 Loaded shared library C:\Users\Pc\.jdks\corretto-17.0.11\bin\zip.dll
Event: 0.098 Loaded shared library C:\Users\Pc\.jdks\corretto-17.0.11\bin\instrument.dll
Event: 0.102 Loaded shared library C:\Users\Pc\.jdks\corretto-17.0.11\bin\net.dll
Event: 0.103 Loaded shared library C:\Users\Pc\.jdks\corretto-17.0.11\bin\nio.dll
Event: 0.105 Loaded shared library C:\Users\Pc\.jdks\corretto-17.0.11\bin\zip.dll
Event: 0.174 Loaded shared library C:\Users\Pc\IntelliJ IDEA 2023.2.4\bin\breakgen64.dll
Event: 0.177 Loaded shared library C:\Users\Pc\.jdks\corretto-17.0.11\bin\jimage.dll
Event: 0.183 Loaded shared library C:\Users\Pc\.jdks\corretto-17.0.11\bin\extnet.dll
Event: 0.190 Loaded shared library C:\Users\Pc\.jdks\corretto-17.0.11\bin\management.dll
Event: 0.197 Loaded shared library C:\Users\Pc\.jdks\corretto-17.0.11\bin\management_ext.dll

Deoptimization events (0 events):
No events

Classes unloaded (0 events):
No events

Classes redefined (0 events):
No events

Internal exceptions (7 events):
Event: 0.177 Thread 0x0000019b24f1dff0 Exception <a 'java/lang/NoSuchMethodError'{0x0000000710482490}: 'java.lang.Object java.lang.invoke.DirectMethodHandle$Holder.invokeStaticInit(java.lang.Object)'> (0x0000000710482490) 
thrown [s\src\hotspot\share\interpreter\linkResolver.cpp, line 759]
Event: 0.184 Thread 0x0000019b24f1dff0 Exception <a 'java/lang/NoSuchMethodError'{0x0000000710490c58}: 'void java.lang.invoke.DirectMethodHandle$Holder.invokeStatic(java.lang.Object, java.lang.Object)'> (0x0000000710490c58) 
thrown [s\src\hotspot\share\interpreter\linkResolver.cpp, line 759]
Event: 0.199 Thread 0x0000019b0b89e630 Exception <a 'java/lang/NoSuchMethodError'{0x00000007104651d0}: 'int java.lang.invoke.DirectMethodHandle$Holder.invokeInterface(java.lang.Object, java.lang.Object)'> (0x00000007104651d0) 
thrown [s\src\hotspot\share\interpreter\linkResolver.cpp, line 759]
Event: 0.199 Thread 0x0000019b0b89e630 Exception <a 'java/lang/IncompatibleClassChangeError'{0x00000007104687d0}: Found class java.lang.Object, but interface was expected> (0x00000007104687d0) 
thrown [s\src\hotspot\share\interpreter\linkResolver.cpp, line 826]
Event: 0.227 Thread 0x0000019b0b89e630 Exception <a 'java/lang/NoSuchMethodError'{0x00000007105a4fa0}: 'int java.lang.invoke.DirectMethodHandle$Holder.invokeSpecial(java.lang.Object, java.lang.Object, java.lang.Object)'> (0x00000007105a4fa0) 
thrown [s\src\hotspot\share\interpreter\linkResolver.cpp, line 759]
Event: 0.252 Thread 0x0000019b0b89e630 Exception <a 'java/lang/NoSuchMethodError'{0x00000007102a29d8}: 'void java.lang.invoke.DirectMethodHandle$Holder.invokeStatic(java.lang.Object, java.lang.Object, java.lang.Object)'> (0x00000007102a29d8) 
thrown [s\src\hotspot\share\interpreter\linkResolver.cpp, line 759]
Event: 0.258 Thread 0x0000019b0b89e630 Exception <a 'java/lang/NoSuchMethodError'{0x00000007102df630}: 'int java.lang.invoke.DirectMethodHandle$Holder.invokeSpecialIFC(java.lang.Object, java.lang.Object, java.lang.Object)'> (0x00000007102df630) 
thrown [s\src\hotspot\share\interpreter\linkResolver.cpp, line 759]

VM Operations (10 events):
Event: 0.088 Executing VM operation: HandshakeAllThreads
Event: 0.089 Executing VM operation: HandshakeAllThreads done
Event: 0.176 Executing VM operation: HandshakeAllThreads
Event: 0.176 Executing VM operation: HandshakeAllThreads done
Event: 0.202 Executing VM operation: HandshakeAllThreads
Event: 0.202 Executing VM operation: HandshakeAllThreads done
Event: 0.202 Executing VM operation: HandshakeAllThreads
Event: 0.202 Executing VM operation: HandshakeAllThreads done
Event: 0.268 Executing VM operation: HandshakeAllThreads
Event: 0.268 Executing VM operation: HandshakeAllThreads done

Events (20 events):
Event: 0.267 loading class java/rmi/server/UID
Event: 0.267 loading class java/rmi/server/UID done
Event: 0.267 loading class java/security/SecureRandom
Event: 0.267 loading class java/security/SecureRandom done
Event: 0.267 loading class sun/security/jca/Providers
Event: 0.267 loading class sun/security/jca/Providers done
Event: 0.267 loading class sun/security/jca/ProviderList
Event: 0.267 loading class sun/security/jca/ProviderList done
Event: 0.267 loading class sun/security/jca/ProviderConfig
Event: 0.267 loading class sun/security/jca/ProviderConfig done
Event: 0.267 loading class java/security/Provider
Event: 0.268 loading class java/security/Provider done
Event: 0.268 loading class sun/security/jca/ProviderList$3
Event: 0.268 loading class sun/security/jca/ProviderList$3 done
Event: 0.268 loading class sun/security/jca/ProviderList$1
Event: 0.268 loading class sun/security/jca/ProviderList$1 done
Event: 0.268 loading class java/security/Provider$ServiceKey
Event: 0.268 loading class java/security/Provider$ServiceKey done
Event: 0.268 loading class java/security/Provider$EngineDescription
Event: 0.268 loading class java/security/Provider$EngineDescription done


Dynamic libraries:
0x00007ff70e0b0000 - 0x00007ff70e0be000 	C:\Users\Pc\.jdks\corretto-17.0.11\bin\java.exe
0x00007fff84e70000 - 0x00007fff85068000 	C:\Windows\SYSTEM32\ntdll.dll
0x00007fff4d600000 - 0x00007fff4d61a000 	C:\Program Files\AVG\Antivirus\aswhook.dll
0x00007fff83610000 - 0x00007fff836d1000 	C:\Windows\System32\KERNEL32.DLL
0x00007fff82520000 - 0x00007fff82816000 	C:\Windows\System32\KERNELBASE.dll
0x00007fff82a80000 - 0x00007fff82b80000 	C:\Windows\System32\ucrtbase.dll
0x00007fff7f690000 - 0x00007fff7f6a7000 	C:\Users\Pc\.jdks\corretto-17.0.11\bin\jli.dll
0x00007fff7fab0000 - 0x00007fff7facb000 	C:\Users\Pc\.jdks\corretto-17.0.11\bin\VCRUNTIME140.dll
0x00007fff836e0000 - 0x00007fff8387f000 	C:\Windows\System32\USER32.dll
0x00007fff82b80000 - 0x00007fff82ba2000 	C:\Windows\System32\win32u.dll
0x00007fff848a0000 - 0x00007fff848cb000 	C:\Windows\System32\GDI32.dll
0x00007fff77070000 - 0x00007fff7730a000 	C:\Windows\WinSxS\amd64_microsoft.windows.common-controls_6595b64144ccf1df_6.0.19041.4355_none_60b8b9eb71f62e16\COMCTL32.dll
0x00007fff82c20000 - 0x00007fff82d37000 	C:\Windows\System32\gdi32full.dll
0x00007fff828e0000 - 0x00007fff8297d000 	C:\Windows\System32\msvcp_win.dll
0x00007fff83940000 - 0x00007fff839de000 	C:\Windows\System32\msvcrt.dll
0x00007fff83910000 - 0x00007fff8393f000 	C:\Windows\System32\IMM32.DLL
0x00007fff7fb60000 - 0x00007fff7fb6c000 	C:\Users\Pc\.jdks\corretto-17.0.11\bin\vcruntime140_1.dll
0x00007fff655f0000 - 0x00007fff6567d000 	C:\Users\Pc\.jdks\corretto-17.0.11\bin\msvcp140.dll
0x00007fff2a7b0000 - 0x00007fff2b412000 	C:\Users\Pc\.jdks\corretto-17.0.11\bin\server\jvm.dll
0x00007fff84340000 - 0x00007fff843f0000 	C:\Windows\System32\ADVAPI32.dll
0x00007fff84290000 - 0x00007fff84330000 	C:\Windows\System32\sechost.dll
0x00007fff84630000 - 0x00007fff84753000 	C:\Windows\System32\RPCRT4.dll
0x00007fff828b0000 - 0x00007fff828d7000 	C:\Windows\System32\bcrypt.dll
0x00007fff81aa0000 - 0x00007fff81aeb000 	C:\Windows\SYSTEM32\POWRPROF.dll
0x00007fff75c00000 - 0x00007fff75c09000 	C:\Windows\SYSTEM32\WSOCK32.dll
0x00007fff7fa00000 - 0x00007fff7fa0a000 	C:\Windows\SYSTEM32\VERSION.dll
0x00007fff73960000 - 0x00007fff73987000 	C:\Windows\SYSTEM32\WINMM.dll
0x00007fff84dc0000 - 0x00007fff84e2b000 	C:\Windows\System32\WS2_32.dll
0x00007fff81910000 - 0x00007fff81922000 	C:\Windows\SYSTEM32\UMPDC.dll
0x00007fff803c0000 - 0x00007fff803d2000 	C:\Windows\SYSTEM32\kernel.appcore.dll
0x00007fff7f770000 - 0x00007fff7f77a000 	C:\Users\Pc\.jdks\corretto-17.0.11\bin\jimage.dll
0x00007fff71e00000 - 0x00007fff71fe4000 	C:\Windows\SYSTEM32\DBGHELP.DLL
0x00007fff71640000 - 0x00007fff71674000 	C:\Windows\SYSTEM32\dbgcore.DLL
0x00007fff82820000 - 0x00007fff828a2000 	C:\Windows\System32\bcryptPrimitives.dll
0x00007fff71270000 - 0x00007fff7127e000 	C:\Users\Pc\.jdks\corretto-17.0.11\bin\instrument.dll
0x00007fff63fb0000 - 0x00007fff63fd5000 	C:\Users\Pc\.jdks\corretto-17.0.11\bin\java.dll
0x00007fff53960000 - 0x00007fff53a37000 	C:\Users\Pc\.jdks\corretto-17.0.11\bin\jsvml.dll
0x00007fff82ea0000 - 0x00007fff8360c000 	C:\Windows\System32\SHELL32.dll
0x00007fff805c0000 - 0x00007fff80d5e000 	C:\Windows\SYSTEM32\windows.storage.dll
0x00007fff84930000 - 0x00007fff84c83000 	C:\Windows\System32\combase.dll
0x00007fff81f40000 - 0x00007fff81f6e000 	C:\Windows\SYSTEM32\Wldp.dll
0x00007fff84160000 - 0x00007fff8422d000 	C:\Windows\System32\OLEAUT32.dll
0x00007fff84580000 - 0x00007fff8462d000 	C:\Windows\System32\SHCORE.dll
0x00007fff84840000 - 0x00007fff84895000 	C:\Windows\System32\shlwapi.dll
0x00007fff82450000 - 0x00007fff82474000 	C:\Windows\SYSTEM32\profapi.dll
0x00007fff65730000 - 0x00007fff65748000 	C:\Users\Pc\.jdks\corretto-17.0.11\bin\zip.dll
0x00007fff76420000 - 0x00007fff76439000 	C:\Users\Pc\.jdks\corretto-17.0.11\bin\net.dll
0x00007fff7bfe0000 - 0x00007fff7c0ea000 	C:\Windows\SYSTEM32\WINHTTP.dll
0x00007fff81ca0000 - 0x00007fff81d0a000 	C:\Windows\system32\mswsock.dll
0x00007fff65cb0000 - 0x00007fff65cc6000 	C:\Users\Pc\.jdks\corretto-17.0.11\bin\nio.dll
0x00007fff63fe0000 - 0x00007fff63ffa000 	C:\Users\Pc\IntelliJ IDEA 2023.2.4\bin\breakgen64.dll
0x00007fff81970000 - 0x00007fff81a3a000 	C:\Windows\SYSTEM32\DNSAPI.dll
0x00007fff81930000 - 0x00007fff8196b000 	C:\Windows\SYSTEM32\IPHLPAPI.DLL
0x00007fff83880000 - 0x00007fff83888000 	C:\Windows\System32\NSI.dll
0x00007fff64f70000 - 0x00007fff64f79000 	C:\Users\Pc\.jdks\corretto-17.0.11\bin\extnet.dll
0x00000000705a0000 - 0x00000000705c6000 	C:\Program Files\Bonjour\mdnsNSP.dll
0x00007fff76580000 - 0x00007fff7658a000 	C:\Windows\System32\rasadhlp.dll
0x00007fff70fd0000 - 0x00007fff71050000 	C:\Windows\System32\fwpuclnt.dll
0x00007fff76480000 - 0x00007fff76489000 	C:\Users\Pc\.jdks\corretto-17.0.11\bin\management.dll
0x00007fff75700000 - 0x00007fff7570b000 	C:\Users\Pc\.jdks\corretto-17.0.11\bin\management_ext.dll
0x00007fff84330000 - 0x00007fff84338000 	C:\Windows\System32\PSAPI.DLL

dbghelp: loaded successfully - version: 4.0.5 - missing functions: none
symbol engine: initialized successfully - sym options: 0x614 - pdb path: .;C:\Users\Pc\.jdks\corretto-17.0.11\bin;C:\Windows\SYSTEM32;C:\Program Files\AVG\Antivirus;C:\Windows\WinSxS\amd64_microsoft.windows.common-controls_6595b64144ccf1df_6.0.19041.4355_none_60b8b9eb71f62e16;C:\Users\Pc\.jdks\corretto-17.0.11\bin\server;C:\Users\Pc\IntelliJ IDEA 2023.2.4\bin;C:\Program Files\Bonjour

VM Arguments:
jvm_args: -XX:TieredStopAtLevel=1 -Dspring.output.ansi.enabled=always -Dcom.sun.management.jmxremote -Dspring.jmx.enabled=true -Dspring.liveBeansView.mbeanDomain -Dspring.application.admin.enabled=true -Dmanagement.endpoints.jmx.exposure.include=* -javaagent:C:\Users\Pc\IntelliJ IDEA 2023.2.4\lib\idea_rt.jar=62546:C:\Users\Pc\IntelliJ IDEA 2023.2.4\bin -Dfile.encoding=UTF-8 
java_command: com.crud.RankinDigitalCrud.RankinDigitalCrudApplication
java_class_path (initial): D:\Disque C\Bureau\DigitalCrudApp\RankinDigitalCrud\RankinDigitalCrud\target\classes;C:\Users\Pc\.m2\repository\org\keycloak\keycloak-spring-boot-starter\20.0.0\keycloak-spring-boot-starter-20.0.0.jar;C:\Users\Pc\.m2\repository\org\keycloak\keycloak-spring-boot-2-adapter\20.0.0\keycloak-spring-boot-2-adapter-20.0.0.jar;C:\Users\Pc\.m2\repository\org\keycloak\keycloak-spring-boot-adapter-core\20.0.0\keycloak-spring-boot-adapter-core-20.0.0.jar;C:\Users\Pc\.m2\repository\org\jboss\logging\jboss-logging\3.5.3.Final\jboss-logging-3.5.3.Final.jar;C:\Users\Pc\.m2\repository\org\keycloak\keycloak-core\20.0.0\keycloak-core-20.0.0.jar;C:\Users\Pc\.m2\repository\org\keycloak\keycloak-common\20.0.0\keycloak-common-20.0.0.jar;C:\Users\Pc\.m2\repository\com\sun\activation\jakarta.activation\1.2.2\jakarta.activation-1.2.2.jar;C:\Users\Pc\.m2\repository\org\keycloak\keycloak-authz-client\20.0.0\keycloak-authz-client-20.0.0.jar;C:\Users\Pc\.m2\repository\org\apache\httpcomponents\httpclient\4.5.13\httpclient-4.5.13.jar;C:\Users\Pc\.m2\repository\org\apache\httpcomponents\httpcore\4.4.16\httpcore-4.4.16.jar;C:\Users\Pc\.m2\repository\commons-logging\commons-logging\1.2\commons-logging-1.2.jar;C:\Users\Pc\.m2\repository\commons-codec\commons-codec\1.16.1\commons-codec-1.16.1.jar;C:\Users\Pc\.m2\repository\org\springframework\boot\spring-boot-starter\3.3.2\spring-boot-starter-3.3.2.jar;C:\Users\Pc\.m2\repository\org\springframework\boot\spring-boot-autoconfigure\3.3.2\spring-boot-autoconfigure-3.3.2.jar;C:\Users\Pc\.m2\repository\org\springframework\boot\spring-boot-starter-logging\3.3.2\spring-boot-starter-logging-3.3.2.jar;C:\Users\Pc\.m2\repository\ch\qos\logback\logback-classic\1.5.6\logback-classic-1.5.6.jar;C:\Users\Pc\.m2\repository\ch\qos\logback\logback-core\1.5.6\logback-core-1.5.6.jar;C:\Users\Pc\.m2\repository\org\apache\logging\log4j\log4j-to-slf4j\2.23.1\log4j-to-slf4j-2.23.1.jar;C:\Users\Pc\.m2\repository\org\apache\logging\log4j\log4j-api\2
Launcher Type: SUN_STANDARD

[Global flags]
     intx CICompilerCount                          = 4                                         {product} {ergonomic}
     uint ConcGCThreads                            = 3                                         {product} {ergonomic}
     uint G1ConcRefinementThreads                  = 10                                        {product} {ergonomic}
   size_t G1HeapRegionSize                         = 2097152                                   {product} {ergonomic}
    uintx GCDrainStackTargetSize                   = 64                                        {product} {ergonomic}
   size_t InitialHeapSize                          = 268435456                                 {product} {ergonomic}
     bool ManagementServer                         = true                                      {product} {command line}
   size_t MarkStackSize                            = 4194304                                   {product} {ergonomic}
   size_t MaxHeapSize                              = 4276092928                                {product} {ergonomic}
   size_t MaxNewSize                               = 2564816896                                {product} {ergonomic}
   size_t MinHeapDeltaBytes                        = 2097152                                   {product} {ergonomic}
   size_t MinHeapSize                              = 8388608                                   {product} {ergonomic}
    uintx NonProfiledCodeHeapSize                  = 0                                      {pd product} {ergonomic}
     bool ProfileInterpreter                       = false                                  {pd product} {command line}
    uintx ProfiledCodeHeapSize                     = 0                                      {pd product} {ergonomic}
   size_t SoftMaxHeapSize                          = 4276092928                             {manageable} {ergonomic}
     intx TieredStopAtLevel                        = 1                                         {product} {command line}
     bool UseCompressedClassPointers               = true                           {product lp64_product} {ergonomic}
     bool UseCompressedOops                        = true                           {product lp64_product} {ergonomic}
     bool UseG1GC                                  = true                                      {product} {ergonomic}
     bool UseLargePagesIndividualAllocation        = false                                  {pd product} {ergonomic}

Logging:
Log output configuration:
 #0: stdout all=warning uptime,level,tags
 #1: stderr all=off uptime,level,tags

Environment Variables:
PATH=C:\Program Files (x86)\VMware\VMware Player\bin\;C:\Program Files\python_new\Scripts\pip.exe;C:\Program Files\Common Files\Oracle\Java\javapath;C:\Program Files (x86)\Common Files\Oracle\Java\javapath;C:\Windows\system32;C:\Windows;C:\Windows\System32\Wbem;C:\Windows\System32\WindowsPowerShell\v1.0\;C:\Windows\System32\OpenSSH\;C:\Program Files (x86)\NVIDIA Corporation\PhysX\Common;C:\Program Files\NVIDIA Corporation\NVIDIA NvDLISR;D:\Templates\mingw64\bin;D:\xampp\php;C:\Users\Your-Username\AppData\Local\Programs\Microsoft VS Code\bin;C:\Program Files\dotnet\;C:\Program Files\nodejs\;C:\Program Files (x86)\GnuWin32\bin;C:\Program Files\Microsoft SQL Server\Client SDK\ODBC\170\Tools\Binn\;C:\Program Files\Git\cmd;C:\Program Files\Docker\Docker\resources\bin;C:\Users\Pc\AppData\Local\Programs\Python\Python311\Scripts\;C:\Users\Pc\AppData\Local\Programs\Python\Python311\;C:\Program Files\Common Files\Oracle\Java\javapath;C:\Program Files (x86)\Common Files\Oracle\Java\javapath;C:\Windows\system32;C:\Windows;C:\Windows\System32\Wbem;C:\Windows\System32\WindowsPowerShell\v1.0\;C:\Windows\System32\OpenSSH\;C:\Program Files (x86)\NVIDIA Corporation\PhysX\Common;C:\Program Files\NVIDIA Corporation\NVIDIA NvDLISR;D:\Templates\mingw64\bin;D:\xampp\php;C:\Program Files\Common Files\Oracle\Java\javapath;C:\Program Files (x86)\Common Files\Oracle\Java\javapath;C:\Windows\system32;C:\Windows;C:\Windows\System32\Wbem;C:\Windows\System32\WindowsPowerShell\v1.0\;C:\Windows\System32\OpenSSH\;C:\Program Files (x86)\NVIDIA Corporation\PhysX\Common;C:\Program Files\NVIDIA Corporation\NVIDIA NvDLISR;D:\Templates\mingw64\bin;D:\xampp\php;C:\Program Files\Common Files\Oracle\Java\javapath;C:\Program Files (x86)\Common Files\Oracle\Java\javapath;C:\Windows\system32;C:\Windows;C:\Windows\System32\Wbem;C:\Windows\System32\WindowsPowerShell\v1.0\;C:\Windows\System32\OpenSSH\;C:\Program Files (x86)\NV;C:\Users\Pc\.dotnet\tools;D:\Templates\Microsoft VS Code\bin;C:\Users\Pc\IntelliJ IDEA 2023
USERNAME=Pc
OS=Windows_NT
PROCESSOR_IDENTIFIER=AMD64 Family 23 Model 113 Stepping 0, AuthenticAMD
TMP=C:\Users\Pc\AppData\Local\Temp
TEMP=C:\Users\Pc\AppData\Local\Temp



Periodic native trim disabled


---------------  S Y S T E M  ---------------

OS:
 Windows 10 , 64 bit Build 19041 (10.0.19041.4597)
OS uptime: 1 days 22:58 hours

CPU: total 12 (initial active 12) (12 cores per cpu, 2 threads per core) family 23 model 113 stepping 0 microcode 0x0, cx8, cmov, fxsr, ht, mmx, 3dnowpref, sse, sse2, sse3, ssse3, sse4a, sse4.1, sse4.2, popcnt, lzcnt, tsc, tscinvbit, avx, avx2, aes, clmul, bmi1, bmi2, adx, sha, fma, vzeroupper, clflush, clflushopt
Processor Information for all 12 processors :
  Max Mhz: 3600, Current Mhz: 3600, Mhz Limit: 3600

Memory: 4k page, system-wide physical 16310M (4322M free)
TotalPageFile size 18358M (AvailPageFile size 4M)
current process WorkingSet (physical memory assigned to process): 55M, peak: 55M
current process commit charge ("private bytes"): 352M, peak: 352M

vm_info: OpenJDK 64-Bit Server VM (17.0.11+9-LTS) for windows-amd64 JRE (17.0.11+9-LTS), built on Apr 10 2024 22:12:24 by "Administrator" with MS VC++ 16.10 / 16.11 (VS2019)

END.
